Project Information                         d:\max\lab20\fifolifokesh\fifo.rpt

MAX+plus II Compiler Report File
Version 10.2 07/10/2002
Compiled: 12/18/2018 08:34:13

Copyright (C) 1988-2002 Altera Corporation
Any megafunction design, and related net list (encrypted or decrypted),
support information, device programming or simulation file, and any other
associated documentation or information provided by Altera or a partner
under Altera's Megafunction Partnership Program may be used only to
program PLD devices (but not masked PLD devices) from Altera.  Any other
use of such megafunction design, net list, support information, device
programming or simulation file, or any other related documentation or
information is prohibited for any other purpose, including, but not
limited to modification, reverse engineering, de-compiling, or use with
any other silicon devices, unless such use is explicitly licensed under
a separate agreement with Altera or a megafunction partner.  Title to
the intellectual property, including patents, copyrights, trademarks,
trade secrets, or maskworks, embodied in any such megafunction design,
net list, support information, device programming or simulation file, or
any other related documentation or information provided by Altera or a
megafunction partner, remains with Altera, the megafunction partner, or
their respective licensors.  No other licenses, including any licenses
needed under any third party's intellectual property, are provided herein.



***** Project compilation was successful




** DEVICE SUMMARY **

Chip/                     Input Output Bidir  Memory  Memory  			 LCs
POF       Device          Pins  Pins   Pins   Bits % Utilized  LCs  % Utilized

fifo      EPF10K10LC84-3   11     10     0    0         0  %    172      29 %

User Pins:                 11     10     0  



Project Information                         d:\max\lab20\fifolifokesh\fifo.rpt

** FILE HIERARCHY **



|rs:18|
|comp3ex:30|
|aa5counter:31|
|aa5counter:32|
|delay3x3:33|
|delay3x3:34|
|aa5_cut:37|
|aa5_cut:38|
|aa5_buffer:39|
|aa5_buffer:39|dff8:18|
|aa5_buffer:39|dff8:25|
|aa5_buffer:39|dff8:19|
|aa5_buffer:39|dff8:20|
|aa5_buffer:39|dff8:21|
|aa5_buffer:39|dff8:17|
|aa5_buffer:39|dff8:16|
|aa5_buffer:39|dff8:15|
|aa5_buffer:39|dff8:14|
|aa5_buffer:39|demux8:28|
|aa5_buffer:39|mux8x8:31|
|aa5_buffer:39|mux8x8:31|aa5tri8:5|
|aa5_buffer:39|mux8x8:31|aa5tri8:6|
|aa5_buffer:39|mux8x8:31|aa5tri8:7|
|aa5_buffer:39|mux8x8:31|aa5tri8:8|
|aa5_buffer:39|mux8x8:31|aa5tri8:4|
|aa5_buffer:39|mux8x8:31|aa5tri8:3|
|aa5_buffer:39|mux8x8:31|aa5tri8:2|
|aa5_buffer:39|mux8x8:31|aa5tri8:1|
|aa5_buffer:39|mux8x8:31|deshifr8:35|


Device-Specific Information:                d:\max\lab20\fifolifokesh\fifo.rpt
fifo

***** Logic for device 'fifo' compiled without errors.




Device: EPF10K10LC84-3

FLEX 10K Configuration Scheme: Passive Serial

Device Options:
    User-Supplied Start-Up Clock               = OFF
    Auto-Restart Configuration on Frame Error  = OFF
    Release Clears Before Tri-States           = OFF
    Enable Chip_Wide Reset                     = OFF
    Enable Chip-Wide Output Enable             = OFF
    Enable INIT_DONE Output                    = OFF
    JTAG User Code                             = 7f

                                                                         ^     
                                                                         C     
                   R  R  R  R           R           R     R  R  R  R     O     
                   E  E  E  E           E           E     E  E  E  E     N     
                   S  S  S  S        V  S           S  G  S  S  S  S     F     
                   E  E  E  E        C  E  R     D  E  N  E  E  E  E     _  ^  
                   R  R  R  R        C  R  E     A  R  D  R  R  R  R  #  D  n  
                   V  V  V  V        I  V  S     T  V  I  V  V  V  V  T  O  C  
                Q  E  E  E  E  Q  Q  N  E  E  W  A  E  N  E  E  E  E  C  N  E  
                7  D  D  D  D  6  4  T  D  T  R  1  D  T  D  D  D  D  K  E  O  
              -----------------------------------------------------------------_ 
            /  11 10  9  8  7  6  5  4  3  2  1 84 83 82 81 80 79 78 77 76 75   | 
    ^DATA0 | 12                                                              74 | #TDO 
     ^DCLK | 13                                                              73 | FULL 
      ^nCE | 14                                                              72 | RESERVED 
      #TDI | 15                                                              71 | RESERVED 
  RESERVED | 16                                                              70 | RESERVED 
  RESERVED | 17                                                              69 | EMPTY 
  RESERVED | 18                                                              68 | GNDINT 
  RESERVED | 19                                                              67 | Q3 
    VCCINT | 20                                                              66 | Q0 
     DATA6 | 21                                                              65 | DATA3 
        Q5 | 22                        EPF10K10LC84-3                        64 | Q1 
     DATA2 | 23                                                              63 | VCCINT 
     DATA4 | 24                                                              62 | RESERVED 
     DATA5 | 25                                                              61 | RESERVED 
    GNDINT | 26                                                              60 | RESERVED 
  RESERVED | 27                                                              59 | RESERVED 
  RESERVED | 28                                                              58 | RESERVED 
  RESERVED | 29                                                              57 | #TMS 
  RESERVED | 30                                                              56 | #TRST 
    ^MSEL0 | 31                                                              55 | ^nSTATUS 
    ^MSEL1 | 32                                                              54 | Q2 
           |_  33 34 35 36 37 38 39 40 41 42 43 44 45 46 47 48 49 50 51 52 53  _| 
             ------------------------------------------------------------------ 
                V  ^  R  R  R  R  R  V  G  D  R  D  V  G  R  R  R  R  R  R  R  
                C  n  E  E  E  E  E  C  N  A  D  A  C  N  E  E  E  E  E  E  E  
                C  C  S  S  S  S  S  C  D  T     T  C  D  S  S  S  S  S  S  S  
                I  O  E  E  E  E  E  I  I  A     A  I  I  E  E  E  E  E  E  E  
                N  N  R  R  R  R  R  N  N  7     0  N  N  R  R  R  R  R  R  R  
                T  F  V  V  V  V  V  T  T           T  T  V  V  V  V  V  V  V  
                   I  E  E  E  E  E                       E  E  E  E  E  E  E  
                   G  D  D  D  D  D                       D  D  D  D  D  D  D  
                                                                               
                                                                               


N.C. = No Connect. This pin has no internal connection to the device.
VCCINT = Dedicated power pin, which MUST be connected to VCC (5.0 volts).
VCCIO = Dedicated power pin, which MUST be connected to VCC (5.0 volts).
GNDINT = Dedicated ground pin or unused dedicated input, which MUST be connected to GND.
GNDIO = Dedicated ground pin, which MUST be connected to GND.
RESERVED = Unused I/O pin, which MUST be left unconnected.

^ = Dedicated configuration pin.
+ = Reserved configuration pin, which is tri-stated during user mode.
* = Reserved configuration pin, which drives out in user mode.
PDn = Power Down pin. 
@ = Special-purpose pin. 
# = JTAG Boundary-Scan Testing/In-System Programming or Configuration Pin. The JTAG inputs TMS and TDI should be tied to VCC and TCK should be tied to GND when not in use.
& = JTAG pin used for I/O. When used as user I/O, JTAG pins must be kept stable before and during configuration.  JTAG pin stability prevents accidental loading of JTAG instructions.


Device-Specific Information:                d:\max\lab20\fifolifokesh\fifo.rpt
fifo

** RESOURCE USAGE **

Logic                Column       Row                                   
Array                Interconnect Interconnect         Clears/     External  
Block   Logic Cells  Driven       Driven       Clocks  Presets   Interconnect
A14      1/ 8( 12%)   0/ 8(  0%)   1/ 8( 12%)    0/2    0/2       2/22(  9%)   
A20      1/ 8( 12%)   1/ 8( 12%)   0/ 8(  0%)    1/2    1/2       0/22(  0%)   
A23      8/ 8(100%)   0/ 8(  0%)   2/ 8( 25%)    0/2    0/2       3/22( 13%)   
B1       8/ 8(100%)   1/ 8( 12%)   0/ 8(  0%)    2/2    0/2      17/22( 77%)   
B2       8/ 8(100%)   0/ 8(  0%)   8/ 8(100%)    1/2    0/2       9/22( 40%)   
B3       8/ 8(100%)   1/ 8( 12%)   0/ 8(  0%)    2/2    0/2      17/22( 77%)   
B4       1/ 8( 12%)   0/ 8(  0%)   1/ 8( 12%)    1/2    0/2       2/22(  9%)   
B5       8/ 8(100%)   0/ 8(  0%)   1/ 8( 12%)    2/2    0/2      17/22( 77%)   
B6       8/ 8(100%)   1/ 8( 12%)   0/ 8(  0%)    2/2    0/2      17/22( 77%)   
B7       8/ 8(100%)   0/ 8(  0%)   8/ 8(100%)    1/2    0/2       9/22( 40%)   
B8       8/ 8(100%)   0/ 8(  0%)   6/ 8( 75%)    1/2    1/2       3/22( 13%)   
B9       1/ 8( 12%)   0/ 8(  0%)   1/ 8( 12%)    1/2    0/2       2/22(  9%)   
B10      1/ 8( 12%)   0/ 8(  0%)   1/ 8( 12%)    1/2    0/2       2/22(  9%)   
B11      8/ 8(100%)   0/ 8(  0%)   8/ 8(100%)    2/2    0/2       6/22( 27%)   
B12      8/ 8(100%)   0/ 8(  0%)   8/ 8(100%)    2/2    0/2       7/22( 31%)   
B13      8/ 8(100%)   0/ 8(  0%)   1/ 8( 12%)    2/2    0/2      17/22( 77%)   
B14      8/ 8(100%)   0/ 8(  0%)   8/ 8(100%)    2/2    0/2       8/22( 36%)   
B15      8/ 8(100%)   0/ 8(  0%)   1/ 8( 12%)    2/2    0/2      17/22( 77%)   
B16      6/ 8( 75%)   0/ 8(  0%)   3/ 8( 37%)    2/2    1/2       3/22( 13%)   
B17      8/ 8(100%)   0/ 8(  0%)   6/ 8( 75%)    0/2    0/2       3/22( 13%)   
B18      8/ 8(100%)   0/ 8(  0%)   1/ 8( 12%)    2/2    0/2      17/22( 77%)   
B19      8/ 8(100%)   1/ 8( 12%)   1/ 8( 12%)    0/2    0/2       3/22( 13%)   
B20      8/ 8(100%)   0/ 8(  0%)   4/ 8( 50%)    2/2    1/2       1/22(  4%)   
B21      8/ 8(100%)   1/ 8( 12%)   0/ 8(  0%)    2/2    0/2      17/22( 77%)   
B22      8/ 8(100%)   0/ 8(  0%)   8/ 8(100%)    2/2    0/2       6/22( 27%)   
B23      8/ 8(100%)   0/ 8(  0%)   8/ 8(100%)    2/2    0/2       6/22( 27%)   
B24      1/ 8( 12%)   0/ 8(  0%)   1/ 8( 12%)    1/2    0/2       2/22(  9%)   


Embedded             Column       Row                                   
Array     Embedded   Interconnect Interconnect         Read/      External  
Block     Cells      Driven       Driven       Clocks  Write    Interconnect


Total dedicated input pins used:                 6/6      (100%)
Total I/O pins used:                            15/53     ( 28%)
Total logic cells used:                        172/576    ( 29%)
Total embedded cells used:                       0/24     (  0%)
Total EABs used:                                 0/3      (  0%)
Average fan-in:                                 2.27/4    ( 56%)
Total fan-in:                                 392/2304    ( 17%)

Total input pins required:                      11
Total input I/O cell registers required:         0
Total output pins required:                     10
Total output I/O cell registers required:        0
Total buried I/O cell registers required:        0
Total bidirectional pins required:               0
Total reserved pins required                     0
Total logic cells required:                    172
Total flipflops required:                       78
Total packed registers required:                 0
Total logic cells in carry chains:               0
Total number of carry chains:                    0
Total logic cells in cascade chains:             0
Total number of cascade chains:                  0
Total single-pin Clock Enables required:         0
Total single-pin Output Enables required:        0

Synthesized logic cells:                        25/ 576   (  4%)

Logic Cell and Embedded Cell Counts

Column:  01  02  03  04  05  06  07  08  09  10  11  12  EA  13  14  15  16  17  18  19  20  21  22  23  24  Total(LC/EC)
 A:      0   0   0   0   0   0   0   0   0   0   0   0   0   0   1   0   0   0   0   0   1   0   0   8   0     10/0  
 B:      8   8   8   1   8   8   8   8   1   1   8   8   0   8   8   8   6   8   8   8   8   8   8   8   1    162/0  
 C:      0   0   0   0   0   0   0   0   0   0   0   0   0   0   0   0   0   0   0   0   0   0   0   0   0      0/0  

Total:   8   8   8   1   8   8   8   8   1   1   8   8   0   8   9   8   6   8   8   8   9   8   8  16   1    172/0  



Device-Specific Information:                d:\max\lab20\fifolifokesh\fifo.rpt
fifo

** INPUTS **

                                                    Fan-In    Fan-Out
 Pin     LC     EC   Row  Col  Primitive    Code      INP  FBK  OUT  FBK  Name
  44      -     -    -    --      INPUT                0    0    0    8  DATA0
  84      -     -    -    --      INPUT                0    0    0    8  DATA1
  23      -     -    B    --      INPUT                0    0    0    8  DATA2
  65      -     -    B    --      INPUT                0    0    0    8  DATA3
  24      -     -    B    --      INPUT                0    0    0    8  DATA4
  25      -     -    B    --      INPUT                0    0    0    8  DATA5
  21      -     -    B    --      INPUT                0    0    0    8  DATA6
  42      -     -    -    --      INPUT                0    0    0    8  DATA7
  43      -     -    -    --      INPUT  G             0    0    0    1  RD
   2      -     -    -    --      INPUT  G             0    0    0    0  RESET
   1      -     -    -    --      INPUT  G             0    0    0   11  WR


Code:

s = Synthesized pin or logic cell
+ = Synchronous flipflop
/ = Slow slew-rate output
! = NOT gate push-back
r = Fitter-inserted logic cell
@ = Uses single-pin Clock Enable
& = Uses single-pin Output Enable
G = Global Source. Fan-out destinations counted here do not include destinations
that are driven using global routing resources. Refer to the Auto Global Signals,
Clock Signals, Clear Signals, Synchronous Load Signals, and Synchronous Clear Signals
Sections of this Report File for information on which signals' fan-outs are used as
Clock, Clear, Preset, Output Enable, and synchronous Load signals.


Device-Specific Information:                d:\max\lab20\fifolifokesh\fifo.rpt
fifo

** OUTPUTS **

       Fed By Fed By                                Fan-In    Fan-Out
 Pin     LC     EC   Row  Col  Primitive    Code      INP  FBK  OUT  FBK  Name
  69      -     -    A    --     OUTPUT                0    1    0    0  EMPTY
  73      -     -    A    --     OUTPUT                0    1    0    0  FULL
  66      -     -    B    --     OUTPUT                0    1    0    0  Q0
  64      -     -    B    --     OUTPUT                0    1    0    0  Q1
  54      -     -    -    21     OUTPUT                0    1    0    0  Q2
  67      -     -    B    --     OUTPUT                0    1    0    0  Q3
   5      -     -    -    05     OUTPUT                0    1    0    0  Q4
  22      -     -    B    --     OUTPUT                0    1    0    0  Q5
   6      -     -    -    04     OUTPUT                0    1    0    0  Q6
  11      -     -    -    01     OUTPUT                0    1    0    0  Q7


Code:

s = Synthesized pin or logic cell
+ = Synchronous flipflop
/ = Slow slew-rate output
! = NOT gate push-back
r = Fitter-inserted logic cell
@ = Uses single-pin Clock Enable
& = Uses single-pin Output Enable


Device-Specific Information:                d:\max\lab20\fifolifokesh\fifo.rpt
fifo

** BURIED LOGIC **

                                                    Fan-In    Fan-Out
 IOC     LC     EC   Row  Col  Primitive    Code      INP  FBK  OUT  FBK  Name
   -      8     -    B    08       AND2                1    3    0    8  |aa5_buffer:39|demux8:28|F0 (|aa5_buffer:39|demux8:28|:14)
   -      3     -    B    11       AND2                1    3    0    8  |aa5_buffer:39|demux8:28|F1 (|aa5_buffer:39|demux8:28|:15)
   -      8     -    B    11       AND2                1    3    0    8  |aa5_buffer:39|demux8:28|F2 (|aa5_buffer:39|demux8:28|:16)
   -      7     -    B    08       AND2                1    3    0    8  |aa5_buffer:39|demux8:28|F3 (|aa5_buffer:39|demux8:28|:17)
   -      3     -    B    08       AND2                1    3    0    8  |aa5_buffer:39|demux8:28|F7 (|aa5_buffer:39|demux8:28|:18)
   -      2     -    B    08       AND2                1    3    0    8  |aa5_buffer:39|demux8:28|F6 (|aa5_buffer:39|demux8:28|:19)
   -      6     -    B    11       AND2                1    3    0    8  |aa5_buffer:39|demux8:28|F5 (|aa5_buffer:39|demux8:28|:20)
   -      4     -    B    11       AND2                1    3    0    8  |aa5_buffer:39|demux8:28|F4 (|aa5_buffer:39|demux8:28|:21)
   -      3     -    B    02       DFFE                1    1    0    1  |aa5_buffer:39|dff8:14|Q0 (|aa5_buffer:39|dff8:14|:1)
   -      2     -    B    02       DFFE                1    1    0    1  |aa5_buffer:39|dff8:14|Q1 (|aa5_buffer:39|dff8:14|:2)
   -      5     -    B    02       DFFE                1    1    0    1  |aa5_buffer:39|dff8:14|Q2 (|aa5_buffer:39|dff8:14|:3)
   -      6     -    B    02       DFFE                1    1    0    1  |aa5_buffer:39|dff8:14|Q3 (|aa5_buffer:39|dff8:14|:4)
   -      1     -    B    02       DFFE                1    1    0    1  |aa5_buffer:39|dff8:14|Q4 (|aa5_buffer:39|dff8:14|:5)
   -      4     -    B    02       DFFE                1    1    0    1  |aa5_buffer:39|dff8:14|Q5 (|aa5_buffer:39|dff8:14|:6)
   -      8     -    B    02       DFFE                1    1    0    1  |aa5_buffer:39|dff8:14|Q6 (|aa5_buffer:39|dff8:14|:7)
   -      7     -    B    02       DFFE                1    1    0    1  |aa5_buffer:39|dff8:14|Q7 (|aa5_buffer:39|dff8:14|:8)
   -      8     -    B    22       DFFE                1    1    0    1  |aa5_buffer:39|dff8:15|Q0 (|aa5_buffer:39|dff8:15|:1)
   -      2     -    B    22       DFFE                1    1    0    1  |aa5_buffer:39|dff8:15|Q1 (|aa5_buffer:39|dff8:15|:2)
   -      5     -    B    22       DFFE                1    1    0    1  |aa5_buffer:39|dff8:15|Q2 (|aa5_buffer:39|dff8:15|:3)
   -      6     -    B    22       DFFE                1    1    0    1  |aa5_buffer:39|dff8:15|Q3 (|aa5_buffer:39|dff8:15|:4)
   -      3     -    B    12       DFFE                1    1    0    1  |aa5_buffer:39|dff8:15|Q4 (|aa5_buffer:39|dff8:15|:5)
   -      1     -    B    12       DFFE                1    1    0    1  |aa5_buffer:39|dff8:15|Q5 (|aa5_buffer:39|dff8:15|:6)
   -      7     -    B    12       DFFE                1    1    0    1  |aa5_buffer:39|dff8:15|Q6 (|aa5_buffer:39|dff8:15|:7)
   -      5     -    B    12       DFFE                1    1    0    1  |aa5_buffer:39|dff8:15|Q7 (|aa5_buffer:39|dff8:15|:8)
   -      2     -    B    14       DFFE                1    1    0    1  |aa5_buffer:39|dff8:16|Q0 (|aa5_buffer:39|dff8:16|:1)
   -      4     -    B    14       DFFE                1    1    0    1  |aa5_buffer:39|dff8:16|Q1 (|aa5_buffer:39|dff8:16|:2)
   -      7     -    B    14       DFFE                1    1    0    1  |aa5_buffer:39|dff8:16|Q2 (|aa5_buffer:39|dff8:16|:3)
   -      3     -    B    14       DFFE                1    1    0    1  |aa5_buffer:39|dff8:16|Q3 (|aa5_buffer:39|dff8:16|:4)
   -      1     -    B    11       DFFE                1    1    0    1  |aa5_buffer:39|dff8:16|Q4 (|aa5_buffer:39|dff8:16|:5)
   -      7     -    B    11       DFFE                1    1    0    1  |aa5_buffer:39|dff8:16|Q5 (|aa5_buffer:39|dff8:16|:6)
   -      1     -    B    14       DFFE                1    1    0    1  |aa5_buffer:39|dff8:16|Q6 (|aa5_buffer:39|dff8:16|:7)
   -      8     -    B    14       DFFE                1    1    0    1  |aa5_buffer:39|dff8:16|Q7 (|aa5_buffer:39|dff8:16|:8)
   -      8     -    B    07       DFFE                1    1    0    1  |aa5_buffer:39|dff8:17|Q0 (|aa5_buffer:39|dff8:17|:1)
   -      2     -    B    07       DFFE                1    1    0    1  |aa5_buffer:39|dff8:17|Q1 (|aa5_buffer:39|dff8:17|:2)
   -      4     -    B    07       DFFE                1    1    0    1  |aa5_buffer:39|dff8:17|Q2 (|aa5_buffer:39|dff8:17|:3)
   -      6     -    B    07       DFFE                1    1    0    1  |aa5_buffer:39|dff8:17|Q3 (|aa5_buffer:39|dff8:17|:4)
   -      1     -    B    07       DFFE                1    1    0    1  |aa5_buffer:39|dff8:17|Q4 (|aa5_buffer:39|dff8:17|:5)
   -      3     -    B    07       DFFE                1    1    0    1  |aa5_buffer:39|dff8:17|Q5 (|aa5_buffer:39|dff8:17|:6)
   -      5     -    B    07       DFFE                1    1    0    1  |aa5_buffer:39|dff8:17|Q6 (|aa5_buffer:39|dff8:17|:7)
   -      7     -    B    07       DFFE                1    1    0    1  |aa5_buffer:39|dff8:17|Q7 (|aa5_buffer:39|dff8:17|:8)
   -      1     -    B    13       DFFE                1    1    0    1  |aa5_buffer:39|dff8:18|Q0 (|aa5_buffer:39|dff8:18|:1)
   -      1     -    B    15       DFFE                1    1    0    1  |aa5_buffer:39|dff8:18|Q1 (|aa5_buffer:39|dff8:18|:2)
   -      1     -    B    21       DFFE                1    1    0    1  |aa5_buffer:39|dff8:18|Q2 (|aa5_buffer:39|dff8:18|:3)
   -      2     -    B    18       DFFE                1    1    0    1  |aa5_buffer:39|dff8:18|Q3 (|aa5_buffer:39|dff8:18|:4)
   -      1     -    B    06       DFFE                1    1    0    1  |aa5_buffer:39|dff8:18|Q4 (|aa5_buffer:39|dff8:18|:5)
   -      1     -    B    05       DFFE                1    1    0    1  |aa5_buffer:39|dff8:18|Q5 (|aa5_buffer:39|dff8:18|:6)
   -      2     -    B    10       DFFE                1    1    0    1  |aa5_buffer:39|dff8:18|Q6 (|aa5_buffer:39|dff8:18|:7)
   -      1     -    B    09       DFFE                1    1    0    1  |aa5_buffer:39|dff8:18|Q7 (|aa5_buffer:39|dff8:18|:8)
   -      8     -    B    23       DFFE                1    1    0    1  |aa5_buffer:39|dff8:19|Q0 (|aa5_buffer:39|dff8:19|:1)
   -      1     -    B    23       DFFE                1    1    0    1  |aa5_buffer:39|dff8:19|Q1 (|aa5_buffer:39|dff8:19|:2)
   -      3     -    B    23       DFFE                1    1    0    1  |aa5_buffer:39|dff8:19|Q2 (|aa5_buffer:39|dff8:19|:3)
   -      6     -    B    14       DFFE                1    1    0    1  |aa5_buffer:39|dff8:19|Q3 (|aa5_buffer:39|dff8:19|:4)
   -      7     -    B    23       DFFE                1    1    0    1  |aa5_buffer:39|dff8:19|Q4 (|aa5_buffer:39|dff8:19|:5)
   -      1     -    B    24       DFFE                1    1    0    1  |aa5_buffer:39|dff8:19|Q5 (|aa5_buffer:39|dff8:19|:6)
   -      5     -    B    14       DFFE                1    1    0    1  |aa5_buffer:39|dff8:19|Q6 (|aa5_buffer:39|dff8:19|:7)
   -      1     -    B    04       DFFE                1    1    0    1  |aa5_buffer:39|dff8:19|Q7 (|aa5_buffer:39|dff8:19|:8)
   -      2     -    B    23       DFFE                1    1    0    1  |aa5_buffer:39|dff8:20|Q0 (|aa5_buffer:39|dff8:20|:1)
   -      6     -    B    23       DFFE                1    1    0    1  |aa5_buffer:39|dff8:20|Q1 (|aa5_buffer:39|dff8:20|:2)
   -      4     -    B    23       DFFE                1    1    0    1  |aa5_buffer:39|dff8:20|Q2 (|aa5_buffer:39|dff8:20|:3)
   -      8     -    B    12       DFFE                1    1    0    1  |aa5_buffer:39|dff8:20|Q3 (|aa5_buffer:39|dff8:20|:4)
   -      5     -    B    23       DFFE                1    1    0    1  |aa5_buffer:39|dff8:20|Q4 (|aa5_buffer:39|dff8:20|:5)
   -      2     -    B    12       DFFE                1    1    0    1  |aa5_buffer:39|dff8:20|Q5 (|aa5_buffer:39|dff8:20|:6)
   -      4     -    B    12       DFFE                1    1    0    1  |aa5_buffer:39|dff8:20|Q6 (|aa5_buffer:39|dff8:20|:7)
   -      6     -    B    12       DFFE                1    1    0    1  |aa5_buffer:39|dff8:20|Q7 (|aa5_buffer:39|dff8:20|:8)
   -      1     -    B    22       DFFE                1    1    0    1  |aa5_buffer:39|dff8:21|Q0 (|aa5_buffer:39|dff8:21|:1)
   -      4     -    B    22       DFFE                1    1    0    1  |aa5_buffer:39|dff8:21|Q1 (|aa5_buffer:39|dff8:21|:2)
   -      7     -    B    22       DFFE                1    1    0    1  |aa5_buffer:39|dff8:21|Q2 (|aa5_buffer:39|dff8:21|:3)
   -      3     -    B    22       DFFE                1    1    0    1  |aa5_buffer:39|dff8:21|Q3 (|aa5_buffer:39|dff8:21|:4)
   -      5     -    B    11       DFFE                1    1    0    1  |aa5_buffer:39|dff8:21|Q4 (|aa5_buffer:39|dff8:21|:5)
   -      2     -    B    11       DFFE                1    1    0    1  |aa5_buffer:39|dff8:21|Q5 (|aa5_buffer:39|dff8:21|:6)
   -      3     -    B    03       DFFE                1    1    0    1  |aa5_buffer:39|dff8:21|Q6 (|aa5_buffer:39|dff8:21|:7)
   -      2     -    B    01       DFFE                1    1    0    1  |aa5_buffer:39|dff8:21|Q7 (|aa5_buffer:39|dff8:21|:8)
   -      3     -    B    13       DFFE   +            0    4    1    0  |aa5_buffer:39|dff8:25|Q0 (|aa5_buffer:39|dff8:25|:1)
   -      7     -    B    15       DFFE   +            0    4    1    0  |aa5_buffer:39|dff8:25|Q1 (|aa5_buffer:39|dff8:25|:2)
   -      3     -    B    21       DFFE   +            0    4    1    0  |aa5_buffer:39|dff8:25|Q2 (|aa5_buffer:39|dff8:25|:3)
   -      1     -    B    18       DFFE   +            0    4    1    0  |aa5_buffer:39|dff8:25|Q3 (|aa5_buffer:39|dff8:25|:4)
   -      2     -    B    06       DFFE   +            0    4    1    0  |aa5_buffer:39|dff8:25|Q4 (|aa5_buffer:39|dff8:25|:5)
   -      2     -    B    05       DFFE   +            0    4    1    0  |aa5_buffer:39|dff8:25|Q5 (|aa5_buffer:39|dff8:25|:6)
   -      2     -    B    03       DFFE   +            0    4    1    0  |aa5_buffer:39|dff8:25|Q6 (|aa5_buffer:39|dff8:25|:7)
   -      4     -    B    01       DFFE   +            0    4    1    0  |aa5_buffer:39|dff8:25|Q7 (|aa5_buffer:39|dff8:25|:8)
   -      6     -    B    13       AND2                0    4    0    1  |aa5_buffer:39|mux8x8:31|aa5tri8:3|Q0 (|aa5_buffer:39|mux8x8:31|aa5tri8:3|:5)
   -      5     -    B    15       AND2                0    4    0    1  |aa5_buffer:39|mux8x8:31|aa5tri8:3|Q1 (|aa5_buffer:39|mux8x8:31|aa5tri8:3|:6)
   -      6     -    B    21       AND2                0    4    0    1  |aa5_buffer:39|mux8x8:31|aa5tri8:3|Q2 (|aa5_buffer:39|mux8x8:31|aa5tri8:3|:7)
   -      6     -    B    18       AND2                0    4    0    1  |aa5_buffer:39|mux8x8:31|aa5tri8:3|Q3 (|aa5_buffer:39|mux8x8:31|aa5tri8:3|:8)
   -      6     -    B    01       AND2                0    4    0    1  |aa5_buffer:39|mux8x8:31|aa5tri8:3|Q7 (|aa5_buffer:39|mux8x8:31|aa5tri8:3|:9)
   -      6     -    B    03       AND2                0    4    0    1  |aa5_buffer:39|mux8x8:31|aa5tri8:3|Q6 (|aa5_buffer:39|mux8x8:31|aa5tri8:3|:10)
   -      6     -    B    05       AND2                0    4    0    1  |aa5_buffer:39|mux8x8:31|aa5tri8:3|Q5 (|aa5_buffer:39|mux8x8:31|aa5tri8:3|:11)
   -      6     -    B    06       AND2                0    4    0    1  |aa5_buffer:39|mux8x8:31|aa5tri8:3|Q4 (|aa5_buffer:39|mux8x8:31|aa5tri8:3|:12)
   -      2     -    B    13       AND2                0    4    0    1  |aa5_buffer:39|mux8x8:31|aa5tri8:7|Q0 (|aa5_buffer:39|mux8x8:31|aa5tri8:7|:5)
   -      2     -    B    15       AND2                0    4    0    1  |aa5_buffer:39|mux8x8:31|aa5tri8:7|Q1 (|aa5_buffer:39|mux8x8:31|aa5tri8:7|:6)
   -      2     -    B    21       AND2                0    4    0    1  |aa5_buffer:39|mux8x8:31|aa5tri8:7|Q2 (|aa5_buffer:39|mux8x8:31|aa5tri8:7|:7)
   -      3     -    B    18       AND2                0    4    0    1  |aa5_buffer:39|mux8x8:31|aa5tri8:7|Q3 (|aa5_buffer:39|mux8x8:31|aa5tri8:7|:8)
   -      1     -    B    01       AND2                0    4    0    1  |aa5_buffer:39|mux8x8:31|aa5tri8:7|Q7 (|aa5_buffer:39|mux8x8:31|aa5tri8:7|:9)
   -      1     -    B    03       AND2                0    4    0    1  |aa5_buffer:39|mux8x8:31|aa5tri8:7|Q6 (|aa5_buffer:39|mux8x8:31|aa5tri8:7|:10)
   -      3     -    B    05       AND2                0    4    0    1  |aa5_buffer:39|mux8x8:31|aa5tri8:7|Q5 (|aa5_buffer:39|mux8x8:31|aa5tri8:7|:11)
   -      3     -    B    06       AND2                0    4    0    1  |aa5_buffer:39|mux8x8:31|aa5tri8:7|Q4 (|aa5_buffer:39|mux8x8:31|aa5tri8:7|:12)
   -      4     -    B    13       AND2                0    4    0    1  |aa5_buffer:39|mux8x8:31|aa5tri8:8|Q0 (|aa5_buffer:39|mux8x8:31|aa5tri8:8|:5)
   -      3     -    B    15       AND2                0    4    0    1  |aa5_buffer:39|mux8x8:31|aa5tri8:8|Q1 (|aa5_buffer:39|mux8x8:31|aa5tri8:8|:6)
   -      4     -    B    21       AND2                0    4    0    1  |aa5_buffer:39|mux8x8:31|aa5tri8:8|Q2 (|aa5_buffer:39|mux8x8:31|aa5tri8:8|:7)
   -      4     -    B    18       AND2                0    4    0    1  |aa5_buffer:39|mux8x8:31|aa5tri8:8|Q3 (|aa5_buffer:39|mux8x8:31|aa5tri8:8|:8)
   -      3     -    B    01       AND2                0    4    0    1  |aa5_buffer:39|mux8x8:31|aa5tri8:8|Q7 (|aa5_buffer:39|mux8x8:31|aa5tri8:8|:9)
   -      4     -    B    03       AND2                0    4    0    1  |aa5_buffer:39|mux8x8:31|aa5tri8:8|Q6 (|aa5_buffer:39|mux8x8:31|aa5tri8:8|:10)
   -      4     -    B    05       AND2                0    4    0    1  |aa5_buffer:39|mux8x8:31|aa5tri8:8|Q5 (|aa5_buffer:39|mux8x8:31|aa5tri8:8|:11)
   -      4     -    B    06       AND2                0    4    0    1  |aa5_buffer:39|mux8x8:31|aa5tri8:8|Q4 (|aa5_buffer:39|mux8x8:31|aa5tri8:8|:12)
   -      6     -    B    17       AND2                0    3    0    8  |aa5_buffer:39|mux8x8:31|deshifr8:35|F0 (|aa5_buffer:39|mux8x8:31|deshifr8:35|:25)
   -      4     -    B    17       AND2                0    3    0    8  |aa5_buffer:39|mux8x8:31|deshifr8:35|F1 (|aa5_buffer:39|mux8x8:31|deshifr8:35|:26)
   -      8     -    B    17       AND2                0    3    0    8  |aa5_buffer:39|mux8x8:31|deshifr8:35|F3 (|aa5_buffer:39|mux8x8:31|deshifr8:35|:28)
   -      7     -    B    17       AND2                0    3    0    8  |aa5_buffer:39|mux8x8:31|deshifr8:35|F6 (|aa5_buffer:39|mux8x8:31|deshifr8:35|:31)
   -      1     -    B    17       AND2                0    3    0    8  |aa5_buffer:39|mux8x8:31|deshifr8:35|F7 (|aa5_buffer:39|mux8x8:31|deshifr8:35|:32)
   -      4     -    B    15        OR2    s           0    4    0    1  |aa5_buffer:39|mux8x8:31|QOUT1~1 (|aa5_buffer:39|mux8x8:31|~22~1)
   -      6     -    B    15        OR2    s           0    4    0    1  |aa5_buffer:39|mux8x8:31|QOUT1~2 (|aa5_buffer:39|mux8x8:31|~22~2)
   -      8     -    B    15        OR2    s           0    4    0    1  |aa5_buffer:39|mux8x8:31|QOUT1~3 (|aa5_buffer:39|mux8x8:31|~22~3)
   -      5     -    B    13        OR2    s           0    4    0    1  |aa5_buffer:39|mux8x8:31|QOUT0~1 (|aa5_buffer:39|mux8x8:31|~23~1)
   -      7     -    B    13        OR2    s           0    4    0    1  |aa5_buffer:39|mux8x8:31|QOUT0~2 (|aa5_buffer:39|mux8x8:31|~23~2)
   -      8     -    B    13        OR2    s           0    4    0    1  |aa5_buffer:39|mux8x8:31|QOUT0~3 (|aa5_buffer:39|mux8x8:31|~23~3)
   -      5     -    B    18        OR2    s           0    4    0    1  |aa5_buffer:39|mux8x8:31|QOUT3~1 (|aa5_buffer:39|mux8x8:31|~24~1)
   -      7     -    B    18        OR2    s           0    4    0    1  |aa5_buffer:39|mux8x8:31|QOUT3~2 (|aa5_buffer:39|mux8x8:31|~24~2)
   -      8     -    B    18        OR2    s           0    4    0    1  |aa5_buffer:39|mux8x8:31|QOUT3~3 (|aa5_buffer:39|mux8x8:31|~24~3)
   -      5     -    B    21        OR2    s           0    4    0    1  |aa5_buffer:39|mux8x8:31|QOUT2~1 (|aa5_buffer:39|mux8x8:31|~25~1)
   -      7     -    B    21        OR2    s           0    4    0    1  |aa5_buffer:39|mux8x8:31|QOUT2~2 (|aa5_buffer:39|mux8x8:31|~25~2)
   -      8     -    B    21        OR2    s           0    4    0    1  |aa5_buffer:39|mux8x8:31|QOUT2~3 (|aa5_buffer:39|mux8x8:31|~25~3)
   -      5     -    B    01        OR2    s           0    4    0    1  |aa5_buffer:39|mux8x8:31|QOUT7~1 (|aa5_buffer:39|mux8x8:31|~26~1)
   -      7     -    B    01        OR2    s           0    4    0    1  |aa5_buffer:39|mux8x8:31|QOUT7~2 (|aa5_buffer:39|mux8x8:31|~26~2)
   -      8     -    B    01        OR2    s           0    4    0    1  |aa5_buffer:39|mux8x8:31|QOUT7~3 (|aa5_buffer:39|mux8x8:31|~26~3)
   -      5     -    B    03        OR2    s           0    4    0    1  |aa5_buffer:39|mux8x8:31|QOUT6~1 (|aa5_buffer:39|mux8x8:31|~27~1)
   -      7     -    B    03        OR2    s           0    4    0    1  |aa5_buffer:39|mux8x8:31|QOUT6~2 (|aa5_buffer:39|mux8x8:31|~27~2)
   -      8     -    B    03        OR2    s           0    4    0    1  |aa5_buffer:39|mux8x8:31|QOUT6~3 (|aa5_buffer:39|mux8x8:31|~27~3)
   -      5     -    B    05        OR2    s           0    4    0    1  |aa5_buffer:39|mux8x8:31|QOUT5~1 (|aa5_buffer:39|mux8x8:31|~28~1)
   -      7     -    B    05        OR2    s           0    4    0    1  |aa5_buffer:39|mux8x8:31|QOUT5~2 (|aa5_buffer:39|mux8x8:31|~28~2)
   -      8     -    B    05        OR2    s           0    4    0    1  |aa5_buffer:39|mux8x8:31|QOUT5~3 (|aa5_buffer:39|mux8x8:31|~28~3)
   -      5     -    B    06        OR2    s           0    4    0    1  |aa5_buffer:39|mux8x8:31|QOUT4~1 (|aa5_buffer:39|mux8x8:31|~29~1)
   -      7     -    B    06        OR2    s           0    4    0    1  |aa5_buffer:39|mux8x8:31|QOUT4~2 (|aa5_buffer:39|mux8x8:31|~29~2)
   -      8     -    B    06        OR2    s           0    4    0    1  |aa5_buffer:39|mux8x8:31|QOUT4~3 (|aa5_buffer:39|mux8x8:31|~29~3)
   -      5     -    A    23      LCELL                1    2    0    1  |aa5_cut:37|:3
   -      1     -    A    23        OR2                1    3    1    0  |aa5_cut:37|Q (|aa5_cut:37|:4)
   -      6     -    A    23      LCELL                0    1    0    1  |aa5_cut:37|:5
   -      7     -    A    23      LCELL                0    1    0    1  |aa5_cut:37|:6
   -      2     -    A    23      LCELL                0    2    0    1  |aa5_cut:38|:3
   -      8     -    A    23       AND2                0    3    1    0  |aa5_cut:38|Q (|aa5_cut:38|:4)
   -      3     -    A    23      LCELL                0    1    0    1  |aa5_cut:38|:5
   -      4     -    A    23      LCELL                0    1    0    1  |aa5_cut:38|:6
   -      3     -    B    20       DFFE                0    1    0    3  |aa5counter:31|CNTR2 (|aa5counter:31|:12)
   -      2     -    B    20       DFFE                0    1    0    3  |aa5counter:31|CNTR1 (|aa5counter:31|:13)
   -      5     -    B    08       DFFE   +            0    0    0    3  |aa5counter:31|CNTR0 (|aa5counter:31|:14)
   -      2     -    B    16       DFFE                0    1    0    3  |aa5counter:32|CNTR2 (|aa5counter:32|:12)
   -      1     -    B    16       DFFE                0    1    0    3  |aa5counter:32|CNTR1 (|aa5counter:32|:13)
   -      1     -    A    20       DFFE   +            0    0    0    3  |aa5counter:32|CNTR0 (|aa5counter:32|:14)
   -      6     -    B    16        OR2    s           0    4    0    2  |comp3ex:30|~13~1
   -      1     -    B    19        OR2                0    4    0    4  |comp3ex:30|AEB (|comp3ex:30|:14)
   -      2     -    B    19      LCELL                0    3    0    1  |comp3ex:30|:20
   -      3     -    B    19      LCELL                0    1    0    1  |comp3ex:30|:21
   -      4     -    B    19      LCELL                0    1    0    1  |comp3ex:30|:22
   -      6     -    B    19      LCELL                0    1    0    1  |comp3ex:30|:23
   -      3     -    B    17      LCELL                0    1    0    1  |delay3x3:33|:1
   -      3     -    B    16      LCELL                0    1    0    1  |delay3x3:33|:2
   -      7     -    B    19      LCELL                0    1    0    1  |delay3x3:33|:3
   -      8     -    B    19      LCELL                0    1    0    1  |delay3x3:33|:4
   -      4     -    B    16      LCELL                0    1    0    1  |delay3x3:33|:5
   -      5     -    B    17      LCELL                0    1    0    1  |delay3x3:33|:6
   -      5     -    B    19      LCELL                0    1    0   29  |delay3x3:33|Q2 (|delay3x3:33|:7)
   -      2     -    B    17      LCELL                0    1    0   29  |delay3x3:33|Q0 (|delay3x3:33|:8)
   -      5     -    B    16      LCELL                0    1    0   29  |delay3x3:33|Q1 (|delay3x3:33|:9)
   -      4     -    B    08      LCELL                0    1    0    1  |delay3x3:34|:1
   -      5     -    B    20      LCELL                0    1    0    1  |delay3x3:34|:2
   -      1     -    B    20      LCELL                0    1    0    1  |delay3x3:34|:3
   -      4     -    B    20      LCELL                0    1    0    1  |delay3x3:34|:4
   -      6     -    B    20      LCELL                0    1    0    1  |delay3x3:34|:5
   -      6     -    B    08      LCELL                0    1    0    1  |delay3x3:34|:6
   -      7     -    B    20      LCELL                0    1    0    8  |delay3x3:34|Q2 (|delay3x3:34|:7)
   -      1     -    B    08      LCELL                0    1    0    8  |delay3x3:34|Q0 (|delay3x3:34|:8)
   -      8     -    B    20      LCELL                0    1    0    8  |delay3x3:34|Q1 (|delay3x3:34|:9)
   -      1     -    A    14        OR2        !       2    0    0    4  |rs:18|Ti (|rs:18|:9)


Code:

s = Synthesized pin or logic cell
+ = Synchronous flipflop
/ = Slow slew-rate output
! = NOT gate push-back
r = Fitter-inserted logic cell
p = Packed register


Device-Specific Information:                d:\max\lab20\fifolifokesh\fifo.rpt
fifo

** FASTTRACK INTERCONNECT UTILIZATION **

Row FastTrack Interconnect:

          Global         Left Half-      Right Half-
         FastTrack       FastTrack       FastTrack 
Row     Interconnect    Interconnect    Interconnect    Input Pins     Output Pins     Bidir Pins
A:       0/ 96(  0%)     0/ 48(  0%)     4/ 48(  8%)    0/16(  0%)      2/16( 12%)     0/16(  0%)
B:      52/ 96( 54%)    23/ 48( 47%)    29/ 48( 60%)    5/16( 31%)      4/16( 25%)     0/16(  0%)
C:       0/ 96(  0%)     0/ 48(  0%)     0/ 48(  0%)    0/16(  0%)      0/16(  0%)     0/16(  0%)


Column FastTrack Interconnect:

         FastTrack                                 
Column  Interconnect    Input Pins     Output Pins     Bidir Pins
01:      1/24(  4%)     0/4(  0%)      1/4( 25%)       0/4(  0%)
02:      0/24(  0%)     0/4(  0%)      0/4(  0%)       0/4(  0%)
03:      0/24(  0%)     0/4(  0%)      0/4(  0%)       0/4(  0%)
04:      1/24(  4%)     0/4(  0%)      1/4( 25%)       0/4(  0%)
05:      1/24(  4%)     0/4(  0%)      1/4( 25%)       0/4(  0%)
06:      0/24(  0%)     0/4(  0%)      0/4(  0%)       0/4(  0%)
07:      0/24(  0%)     0/4(  0%)      0/4(  0%)       0/4(  0%)
08:      0/24(  0%)     0/4(  0%)      0/4(  0%)       0/4(  0%)
09:      0/24(  0%)     0/4(  0%)      0/4(  0%)       0/4(  0%)
10:      0/24(  0%)     0/4(  0%)      0/4(  0%)       0/4(  0%)
11:      0/24(  0%)     0/4(  0%)      0/4(  0%)       0/4(  0%)
12:      0/24(  0%)     0/4(  0%)      0/4(  0%)       0/4(  0%)
13:      0/24(  0%)     0/4(  0%)      0/4(  0%)       0/4(  0%)
14:      0/24(  0%)     0/4(  0%)      0/4(  0%)       0/4(  0%)
15:      0/24(  0%)     0/4(  0%)      0/4(  0%)       0/4(  0%)
16:      0/24(  0%)     0/4(  0%)      0/4(  0%)       0/4(  0%)
17:      0/24(  0%)     0/4(  0%)      0/4(  0%)       0/4(  0%)
18:      0/24(  0%)     0/4(  0%)      0/4(  0%)       0/4(  0%)
19:      1/24(  4%)     0/4(  0%)      0/4(  0%)       0/4(  0%)
20:      1/24(  4%)     0/4(  0%)      0/4(  0%)       0/4(  0%)
21:      1/24(  4%)     0/4(  0%)      1/4( 25%)       0/4(  0%)
22:      0/24(  0%)     0/4(  0%)      0/4(  0%)       0/4(  0%)
23:      0/24(  0%)     0/4(  0%)      0/4(  0%)       0/4(  0%)
24:      0/24(  0%)     0/4(  0%)      0/4(  0%)       0/4(  0%)
EA:      0/24(  0%)     0/4(  0%)      0/4(  0%)       0/4(  0%)


Device-Specific Information:                d:\max\lab20\fifolifokesh\fifo.rpt
fifo

** CLOCK SIGNALS **

Type     Fan-out       Name
INPUT       12         WR
INPUT       10         RD
LCELL        8         |aa5_buffer:39|demux8:28|F4
LCELL        8         |aa5_buffer:39|demux8:28|F5
LCELL        8         |aa5_buffer:39|demux8:28|F6
LCELL        8         |aa5_buffer:39|demux8:28|F7
LCELL        8         |aa5_buffer:39|demux8:28|F3
LCELL        8         |aa5_buffer:39|demux8:28|F2
LCELL        8         |aa5_buffer:39|demux8:28|F1
LCELL        8         |aa5_buffer:39|demux8:28|F0
DFF          4         |aa5counter:31|CNTR1
DFF          4         |aa5counter:31|CNTR0
DFF          4         |aa5counter:32|CNTR1
DFF          4         |aa5counter:32|CNTR0


Device-Specific Information:                d:\max\lab20\fifolifokesh\fifo.rpt
fifo

** CLEAR SIGNALS **

Type     Fan-out       Name
INPUT        6         RESET


Device-Specific Information:                d:\max\lab20\fifolifokesh\fifo.rpt
fifo

** EQUATIONS **

DATA0    : INPUT;
DATA1    : INPUT;
DATA2    : INPUT;
DATA3    : INPUT;
DATA4    : INPUT;
DATA5    : INPUT;
DATA6    : INPUT;
DATA7    : INPUT;
RD       : INPUT;
RESET    : INPUT;
WR       : INPUT;

-- Node name is 'EMPTY' 
-- Equation name is 'EMPTY', type is output 
EMPTY    =  _LC8_A23;

-- Node name is 'FULL' 
-- Equation name is 'FULL', type is output 
FULL     =  _LC1_A23;

-- Node name is 'Q0' 
-- Equation name is 'Q0', type is output 
Q0       =  _LC3_B13;

-- Node name is 'Q1' 
-- Equation name is 'Q1', type is output 
Q1       =  _LC7_B15;

-- Node name is 'Q2' 
-- Equation name is 'Q2', type is output 
Q2       =  _LC3_B21;

-- Node name is 'Q3' 
-- Equation name is 'Q3', type is output 
Q3       =  _LC1_B18;

-- Node name is 'Q4' 
-- Equation name is 'Q4', type is output 
Q4       =  _LC2_B6;

-- Node name is 'Q5' 
-- Equation name is 'Q5', type is output 
Q5       =  _LC2_B5;

-- Node name is 'Q6' 
-- Equation name is 'Q6', type is output 
Q6       =  _LC2_B3;

-- Node name is 'Q7' 
-- Equation name is 'Q7', type is output 
Q7       =  _LC4_B1;

-- Node name is '|aa5_buffer:39|demux8:28|:14' = '|aa5_buffer:39|demux8:28|F0' 
-- Equation name is '_LC8_B8', type is buried 
_LC8_B8  = LCELL( _EQ001);
  _EQ001 = !_LC1_B8 & !_LC7_B20 & !_LC8_B20 &  WR;

-- Node name is '|aa5_buffer:39|demux8:28|:15' = '|aa5_buffer:39|demux8:28|F1' 
-- Equation name is '_LC3_B11', type is buried 
_LC3_B11 = LCELL( _EQ002);
  _EQ002 =  _LC1_B8 & !_LC7_B20 & !_LC8_B20 &  WR;

-- Node name is '|aa5_buffer:39|demux8:28|:16' = '|aa5_buffer:39|demux8:28|F2' 
-- Equation name is '_LC8_B11', type is buried 
_LC8_B11 = LCELL( _EQ003);
  _EQ003 = !_LC1_B8 & !_LC7_B20 &  _LC8_B20 &  WR;

-- Node name is '|aa5_buffer:39|demux8:28|:17' = '|aa5_buffer:39|demux8:28|F3' 
-- Equation name is '_LC7_B8', type is buried 
_LC7_B8  = LCELL( _EQ004);
  _EQ004 =  _LC1_B8 & !_LC7_B20 &  _LC8_B20 &  WR;

-- Node name is '|aa5_buffer:39|demux8:28|:21' = '|aa5_buffer:39|demux8:28|F4' 
-- Equation name is '_LC4_B11', type is buried 
_LC4_B11 = LCELL( _EQ005);
  _EQ005 = !_LC1_B8 &  _LC7_B20 & !_LC8_B20 &  WR;

-- Node name is '|aa5_buffer:39|demux8:28|:20' = '|aa5_buffer:39|demux8:28|F5' 
-- Equation name is '_LC6_B11', type is buried 
_LC6_B11 = LCELL( _EQ006);
  _EQ006 =  _LC1_B8 &  _LC7_B20 & !_LC8_B20 &  WR;

-- Node name is '|aa5_buffer:39|demux8:28|:19' = '|aa5_buffer:39|demux8:28|F6' 
-- Equation name is '_LC2_B8', type is buried 
_LC2_B8  = LCELL( _EQ007);
  _EQ007 = !_LC1_B8 &  _LC7_B20 &  _LC8_B20 &  WR;

-- Node name is '|aa5_buffer:39|demux8:28|:18' = '|aa5_buffer:39|demux8:28|F7' 
-- Equation name is '_LC3_B8', type is buried 
_LC3_B8  = LCELL( _EQ008);
  _EQ008 =  _LC1_B8 &  _LC7_B20 &  _LC8_B20 &  WR;

-- Node name is '|aa5_buffer:39|dff8:14|:1' = '|aa5_buffer:39|dff8:14|Q0' 
-- Equation name is '_LC3_B2', type is buried 
_LC3_B2  = DFFE( DATA0,  _LC8_B8,  VCC,  VCC,  VCC);

-- Node name is '|aa5_buffer:39|dff8:14|:2' = '|aa5_buffer:39|dff8:14|Q1' 
-- Equation name is '_LC2_B2', type is buried 
_LC2_B2  = DFFE( DATA1,  _LC8_B8,  VCC,  VCC,  VCC);

-- Node name is '|aa5_buffer:39|dff8:14|:3' = '|aa5_buffer:39|dff8:14|Q2' 
-- Equation name is '_LC5_B2', type is buried 
_LC5_B2  = DFFE( DATA2,  _LC8_B8,  VCC,  VCC,  VCC);

-- Node name is '|aa5_buffer:39|dff8:14|:4' = '|aa5_buffer:39|dff8:14|Q3' 
-- Equation name is '_LC6_B2', type is buried 
_LC6_B2  = DFFE( DATA3,  _LC8_B8,  VCC,  VCC,  VCC);

-- Node name is '|aa5_buffer:39|dff8:14|:5' = '|aa5_buffer:39|dff8:14|Q4' 
-- Equation name is '_LC1_B2', type is buried 
_LC1_B2  = DFFE( DATA4,  _LC8_B8,  VCC,  VCC,  VCC);

-- Node name is '|aa5_buffer:39|dff8:14|:6' = '|aa5_buffer:39|dff8:14|Q5' 
-- Equation name is '_LC4_B2', type is buried 
_LC4_B2  = DFFE( DATA5,  _LC8_B8,  VCC,  VCC,  VCC);

-- Node name is '|aa5_buffer:39|dff8:14|:7' = '|aa5_buffer:39|dff8:14|Q6' 
-- Equation name is '_LC8_B2', type is buried 
_LC8_B2  = DFFE( DATA6,  _LC8_B8,  VCC,  VCC,  VCC);

-- Node name is '|aa5_buffer:39|dff8:14|:8' = '|aa5_buffer:39|dff8:14|Q7' 
-- Equation name is '_LC7_B2', type is buried 
_LC7_B2  = DFFE( DATA7,  _LC8_B8,  VCC,  VCC,  VCC);

-- Node name is '|aa5_buffer:39|dff8:15|:1' = '|aa5_buffer:39|dff8:15|Q0' 
-- Equation name is '_LC8_B22', type is buried 
_LC8_B22 = DFFE( DATA0,  _LC3_B11,  VCC,  VCC,  VCC);

-- Node name is '|aa5_buffer:39|dff8:15|:2' = '|aa5_buffer:39|dff8:15|Q1' 
-- Equation name is '_LC2_B22', type is buried 
_LC2_B22 = DFFE( DATA1,  _LC3_B11,  VCC,  VCC,  VCC);

-- Node name is '|aa5_buffer:39|dff8:15|:3' = '|aa5_buffer:39|dff8:15|Q2' 
-- Equation name is '_LC5_B22', type is buried 
_LC5_B22 = DFFE( DATA2,  _LC3_B11,  VCC,  VCC,  VCC);

-- Node name is '|aa5_buffer:39|dff8:15|:4' = '|aa5_buffer:39|dff8:15|Q3' 
-- Equation name is '_LC6_B22', type is buried 
_LC6_B22 = DFFE( DATA3,  _LC3_B11,  VCC,  VCC,  VCC);

-- Node name is '|aa5_buffer:39|dff8:15|:5' = '|aa5_buffer:39|dff8:15|Q4' 
-- Equation name is '_LC3_B12', type is buried 
_LC3_B12 = DFFE( DATA4,  _LC3_B11,  VCC,  VCC,  VCC);

-- Node name is '|aa5_buffer:39|dff8:15|:6' = '|aa5_buffer:39|dff8:15|Q5' 
-- Equation name is '_LC1_B12', type is buried 
_LC1_B12 = DFFE( DATA5,  _LC3_B11,  VCC,  VCC,  VCC);

-- Node name is '|aa5_buffer:39|dff8:15|:7' = '|aa5_buffer:39|dff8:15|Q6' 
-- Equation name is '_LC7_B12', type is buried 
_LC7_B12 = DFFE( DATA6,  _LC3_B11,  VCC,  VCC,  VCC);

-- Node name is '|aa5_buffer:39|dff8:15|:8' = '|aa5_buffer:39|dff8:15|Q7' 
-- Equation name is '_LC5_B12', type is buried 
_LC5_B12 = DFFE( DATA7,  _LC3_B11,  VCC,  VCC,  VCC);

-- Node name is '|aa5_buffer:39|dff8:16|:1' = '|aa5_buffer:39|dff8:16|Q0' 
-- Equation name is '_LC2_B14', type is buried 
_LC2_B14 = DFFE( DATA0,  _LC8_B11,  VCC,  VCC,  VCC);

-- Node name is '|aa5_buffer:39|dff8:16|:2' = '|aa5_buffer:39|dff8:16|Q1' 
-- Equation name is '_LC4_B14', type is buried 
_LC4_B14 = DFFE( DATA1,  _LC8_B11,  VCC,  VCC,  VCC);

-- Node name is '|aa5_buffer:39|dff8:16|:3' = '|aa5_buffer:39|dff8:16|Q2' 
-- Equation name is '_LC7_B14', type is buried 
_LC7_B14 = DFFE( DATA2,  _LC8_B11,  VCC,  VCC,  VCC);

-- Node name is '|aa5_buffer:39|dff8:16|:4' = '|aa5_buffer:39|dff8:16|Q3' 
-- Equation name is '_LC3_B14', type is buried 
_LC3_B14 = DFFE( DATA3,  _LC8_B11,  VCC,  VCC,  VCC);

-- Node name is '|aa5_buffer:39|dff8:16|:5' = '|aa5_buffer:39|dff8:16|Q4' 
-- Equation name is '_LC1_B11', type is buried 
_LC1_B11 = DFFE( DATA4,  _LC8_B11,  VCC,  VCC,  VCC);

-- Node name is '|aa5_buffer:39|dff8:16|:6' = '|aa5_buffer:39|dff8:16|Q5' 
-- Equation name is '_LC7_B11', type is buried 
_LC7_B11 = DFFE( DATA5,  _LC8_B11,  VCC,  VCC,  VCC);

-- Node name is '|aa5_buffer:39|dff8:16|:7' = '|aa5_buffer:39|dff8:16|Q6' 
-- Equation name is '_LC1_B14', type is buried 
_LC1_B14 = DFFE( DATA6,  _LC8_B11,  VCC,  VCC,  VCC);

-- Node name is '|aa5_buffer:39|dff8:16|:8' = '|aa5_buffer:39|dff8:16|Q7' 
-- Equation name is '_LC8_B14', type is buried 
_LC8_B14 = DFFE( DATA7,  _LC8_B11,  VCC,  VCC,  VCC);

-- Node name is '|aa5_buffer:39|dff8:17|:1' = '|aa5_buffer:39|dff8:17|Q0' 
-- Equation name is '_LC8_B7', type is buried 
_LC8_B7  = DFFE( DATA0,  _LC7_B8,  VCC,  VCC,  VCC);

-- Node name is '|aa5_buffer:39|dff8:17|:2' = '|aa5_buffer:39|dff8:17|Q1' 
-- Equation name is '_LC2_B7', type is buried 
_LC2_B7  = DFFE( DATA1,  _LC7_B8,  VCC,  VCC,  VCC);

-- Node name is '|aa5_buffer:39|dff8:17|:3' = '|aa5_buffer:39|dff8:17|Q2' 
-- Equation name is '_LC4_B7', type is buried 
_LC4_B7  = DFFE( DATA2,  _LC7_B8,  VCC,  VCC,  VCC);

-- Node name is '|aa5_buffer:39|dff8:17|:4' = '|aa5_buffer:39|dff8:17|Q3' 
-- Equation name is '_LC6_B7', type is buried 
_LC6_B7  = DFFE( DATA3,  _LC7_B8,  VCC,  VCC,  VCC);

-- Node name is '|aa5_buffer:39|dff8:17|:5' = '|aa5_buffer:39|dff8:17|Q4' 
-- Equation name is '_LC1_B7', type is buried 
_LC1_B7  = DFFE( DATA4,  _LC7_B8,  VCC,  VCC,  VCC);

-- Node name is '|aa5_buffer:39|dff8:17|:6' = '|aa5_buffer:39|dff8:17|Q5' 
-- Equation name is '_LC3_B7', type is buried 
_LC3_B7  = DFFE( DATA5,  _LC7_B8,  VCC,  VCC,  VCC);

-- Node name is '|aa5_buffer:39|dff8:17|:7' = '|aa5_buffer:39|dff8:17|Q6' 
-- Equation name is '_LC5_B7', type is buried 
_LC5_B7  = DFFE( DATA6,  _LC7_B8,  VCC,  VCC,  VCC);

-- Node name is '|aa5_buffer:39|dff8:17|:8' = '|aa5_buffer:39|dff8:17|Q7' 
-- Equation name is '_LC7_B7', type is buried 
_LC7_B7  = DFFE( DATA7,  _LC7_B8,  VCC,  VCC,  VCC);

-- Node name is '|aa5_buffer:39|dff8:18|:1' = '|aa5_buffer:39|dff8:18|Q0' 
-- Equation name is '_LC1_B13', type is buried 
_LC1_B13 = DFFE( DATA0,  _LC3_B8,  VCC,  VCC,  VCC);

-- Node name is '|aa5_buffer:39|dff8:18|:2' = '|aa5_buffer:39|dff8:18|Q1' 
-- Equation name is '_LC1_B15', type is buried 
_LC1_B15 = DFFE( DATA1,  _LC3_B8,  VCC,  VCC,  VCC);

-- Node name is '|aa5_buffer:39|dff8:18|:3' = '|aa5_buffer:39|dff8:18|Q2' 
-- Equation name is '_LC1_B21', type is buried 
_LC1_B21 = DFFE( DATA2,  _LC3_B8,  VCC,  VCC,  VCC);

-- Node name is '|aa5_buffer:39|dff8:18|:4' = '|aa5_buffer:39|dff8:18|Q3' 
-- Equation name is '_LC2_B18', type is buried 
_LC2_B18 = DFFE( DATA3,  _LC3_B8,  VCC,  VCC,  VCC);

-- Node name is '|aa5_buffer:39|dff8:18|:5' = '|aa5_buffer:39|dff8:18|Q4' 
-- Equation name is '_LC1_B6', type is buried 
_LC1_B6  = DFFE( DATA4,  _LC3_B8,  VCC,  VCC,  VCC);

-- Node name is '|aa5_buffer:39|dff8:18|:6' = '|aa5_buffer:39|dff8:18|Q5' 
-- Equation name is '_LC1_B5', type is buried 
_LC1_B5  = DFFE( DATA5,  _LC3_B8,  VCC,  VCC,  VCC);

-- Node name is '|aa5_buffer:39|dff8:18|:7' = '|aa5_buffer:39|dff8:18|Q6' 
-- Equation name is '_LC2_B10', type is buried 
_LC2_B10 = DFFE( DATA6,  _LC3_B8,  VCC,  VCC,  VCC);

-- Node name is '|aa5_buffer:39|dff8:18|:8' = '|aa5_buffer:39|dff8:18|Q7' 
-- Equation name is '_LC1_B9', type is buried 
_LC1_B9  = DFFE( DATA7,  _LC3_B8,  VCC,  VCC,  VCC);

-- Node name is '|aa5_buffer:39|dff8:19|:1' = '|aa5_buffer:39|dff8:19|Q0' 
-- Equation name is '_LC8_B23', type is buried 
_LC8_B23 = DFFE( DATA0,  _LC2_B8,  VCC,  VCC,  VCC);

-- Node name is '|aa5_buffer:39|dff8:19|:2' = '|aa5_buffer:39|dff8:19|Q1' 
-- Equation name is '_LC1_B23', type is buried 
_LC1_B23 = DFFE( DATA1,  _LC2_B8,  VCC,  VCC,  VCC);

-- Node name is '|aa5_buffer:39|dff8:19|:3' = '|aa5_buffer:39|dff8:19|Q2' 
-- Equation name is '_LC3_B23', type is buried 
_LC3_B23 = DFFE( DATA2,  _LC2_B8,  VCC,  VCC,  VCC);

-- Node name is '|aa5_buffer:39|dff8:19|:4' = '|aa5_buffer:39|dff8:19|Q3' 
-- Equation name is '_LC6_B14', type is buried 
_LC6_B14 = DFFE( DATA3,  _LC2_B8,  VCC,  VCC,  VCC);

-- Node name is '|aa5_buffer:39|dff8:19|:5' = '|aa5_buffer:39|dff8:19|Q4' 
-- Equation name is '_LC7_B23', type is buried 
_LC7_B23 = DFFE( DATA4,  _LC2_B8,  VCC,  VCC,  VCC);

-- Node name is '|aa5_buffer:39|dff8:19|:6' = '|aa5_buffer:39|dff8:19|Q5' 
-- Equation name is '_LC1_B24', type is buried 
_LC1_B24 = DFFE( DATA5,  _LC2_B8,  VCC,  VCC,  VCC);

-- Node name is '|aa5_buffer:39|dff8:19|:7' = '|aa5_buffer:39|dff8:19|Q6' 
-- Equation name is '_LC5_B14', type is buried 
_LC5_B14 = DFFE( DATA6,  _LC2_B8,  VCC,  VCC,  VCC);

-- Node name is '|aa5_buffer:39|dff8:19|:8' = '|aa5_buffer:39|dff8:19|Q7' 
-- Equation name is '_LC1_B4', type is buried 
_LC1_B4  = DFFE( DATA7,  _LC2_B8,  VCC,  VCC,  VCC);

-- Node name is '|aa5_buffer:39|dff8:20|:1' = '|aa5_buffer:39|dff8:20|Q0' 
-- Equation name is '_LC2_B23', type is buried 
_LC2_B23 = DFFE( DATA0,  _LC6_B11,  VCC,  VCC,  VCC);

-- Node name is '|aa5_buffer:39|dff8:20|:2' = '|aa5_buffer:39|dff8:20|Q1' 
-- Equation name is '_LC6_B23', type is buried 
_LC6_B23 = DFFE( DATA1,  _LC6_B11,  VCC,  VCC,  VCC);

-- Node name is '|aa5_buffer:39|dff8:20|:3' = '|aa5_buffer:39|dff8:20|Q2' 
-- Equation name is '_LC4_B23', type is buried 
_LC4_B23 = DFFE( DATA2,  _LC6_B11,  VCC,  VCC,  VCC);

-- Node name is '|aa5_buffer:39|dff8:20|:4' = '|aa5_buffer:39|dff8:20|Q3' 
-- Equation name is '_LC8_B12', type is buried 
_LC8_B12 = DFFE( DATA3,  _LC6_B11,  VCC,  VCC,  VCC);

-- Node name is '|aa5_buffer:39|dff8:20|:5' = '|aa5_buffer:39|dff8:20|Q4' 
-- Equation name is '_LC5_B23', type is buried 
_LC5_B23 = DFFE( DATA4,  _LC6_B11,  VCC,  VCC,  VCC);

-- Node name is '|aa5_buffer:39|dff8:20|:6' = '|aa5_buffer:39|dff8:20|Q5' 
-- Equation name is '_LC2_B12', type is buried 
_LC2_B12 = DFFE( DATA5,  _LC6_B11,  VCC,  VCC,  VCC);

-- Node name is '|aa5_buffer:39|dff8:20|:7' = '|aa5_buffer:39|dff8:20|Q6' 
-- Equation name is '_LC4_B12', type is buried 
_LC4_B12 = DFFE( DATA6,  _LC6_B11,  VCC,  VCC,  VCC);

-- Node name is '|aa5_buffer:39|dff8:20|:8' = '|aa5_buffer:39|dff8:20|Q7' 
-- Equation name is '_LC6_B12', type is buried 
_LC6_B12 = DFFE( DATA7,  _LC6_B11,  VCC,  VCC,  VCC);

-- Node name is '|aa5_buffer:39|dff8:21|:1' = '|aa5_buffer:39|dff8:21|Q0' 
-- Equation name is '_LC1_B22', type is buried 
_LC1_B22 = DFFE( DATA0,  _LC4_B11,  VCC,  VCC,  VCC);

-- Node name is '|aa5_buffer:39|dff8:21|:2' = '|aa5_buffer:39|dff8:21|Q1' 
-- Equation name is '_LC4_B22', type is buried 
_LC4_B22 = DFFE( DATA1,  _LC4_B11,  VCC,  VCC,  VCC);

-- Node name is '|aa5_buffer:39|dff8:21|:3' = '|aa5_buffer:39|dff8:21|Q2' 
-- Equation name is '_LC7_B22', type is buried 
_LC7_B22 = DFFE( DATA2,  _LC4_B11,  VCC,  VCC,  VCC);

-- Node name is '|aa5_buffer:39|dff8:21|:4' = '|aa5_buffer:39|dff8:21|Q3' 
-- Equation name is '_LC3_B22', type is buried 
_LC3_B22 = DFFE( DATA3,  _LC4_B11,  VCC,  VCC,  VCC);

-- Node name is '|aa5_buffer:39|dff8:21|:5' = '|aa5_buffer:39|dff8:21|Q4' 
-- Equation name is '_LC5_B11', type is buried 
_LC5_B11 = DFFE( DATA4,  _LC4_B11,  VCC,  VCC,  VCC);

-- Node name is '|aa5_buffer:39|dff8:21|:6' = '|aa5_buffer:39|dff8:21|Q5' 
-- Equation name is '_LC2_B11', type is buried 
_LC2_B11 = DFFE( DATA5,  _LC4_B11,  VCC,  VCC,  VCC);

-- Node name is '|aa5_buffer:39|dff8:21|:7' = '|aa5_buffer:39|dff8:21|Q6' 
-- Equation name is '_LC3_B3', type is buried 
_LC3_B3  = DFFE( DATA6,  _LC4_B11,  VCC,  VCC,  VCC);

-- Node name is '|aa5_buffer:39|dff8:21|:8' = '|aa5_buffer:39|dff8:21|Q7' 
-- Equation name is '_LC2_B1', type is buried 
_LC2_B1  = DFFE( DATA7,  _LC4_B11,  VCC,  VCC,  VCC);

-- Node name is '|aa5_buffer:39|dff8:25|:1' = '|aa5_buffer:39|dff8:25|Q0' 
-- Equation name is '_LC3_B13', type is buried 
_LC3_B13 = DFFE( _EQ009, GLOBAL( RD),  VCC,  VCC,  VCC);
  _EQ009 =  _LC1_B13 &  _LC1_B17
         #  _LC5_B13
         #  _LC8_B13;

-- Node name is '|aa5_buffer:39|dff8:25|:2' = '|aa5_buffer:39|dff8:25|Q1' 
-- Equation name is '_LC7_B15', type is buried 
_LC7_B15 = DFFE( _EQ010, GLOBAL( RD),  VCC,  VCC,  VCC);
  _EQ010 =  _LC1_B15 &  _LC1_B17
         #  _LC4_B15
         #  _LC8_B15;

-- Node name is '|aa5_buffer:39|dff8:25|:3' = '|aa5_buffer:39|dff8:25|Q2' 
-- Equation name is '_LC3_B21', type is buried 
_LC3_B21 = DFFE( _EQ011, GLOBAL( RD),  VCC,  VCC,  VCC);
  _EQ011 =  _LC1_B17 &  _LC1_B21
         #  _LC5_B21
         #  _LC8_B21;

-- Node name is '|aa5_buffer:39|dff8:25|:4' = '|aa5_buffer:39|dff8:25|Q3' 
-- Equation name is '_LC1_B18', type is buried 
_LC1_B18 = DFFE( _EQ012, GLOBAL( RD),  VCC,  VCC,  VCC);
  _EQ012 =  _LC1_B17 &  _LC2_B18
         #  _LC5_B18
         #  _LC8_B18;

-- Node name is '|aa5_buffer:39|dff8:25|:5' = '|aa5_buffer:39|dff8:25|Q4' 
-- Equation name is '_LC2_B6', type is buried 
_LC2_B6  = DFFE( _EQ013, GLOBAL( RD),  VCC,  VCC,  VCC);
  _EQ013 =  _LC1_B6 &  _LC1_B17
         #  _LC5_B6
         #  _LC8_B6;

-- Node name is '|aa5_buffer:39|dff8:25|:6' = '|aa5_buffer:39|dff8:25|Q5' 
-- Equation name is '_LC2_B5', type is buried 
_LC2_B5  = DFFE( _EQ014, GLOBAL( RD),  VCC,  VCC,  VCC);
  _EQ014 =  _LC1_B5 &  _LC1_B17
         #  _LC5_B5
         #  _LC8_B5;

-- Node name is '|aa5_buffer:39|dff8:25|:7' = '|aa5_buffer:39|dff8:25|Q6' 
-- Equation name is '_LC2_B3', type is buried 
_LC2_B3  = DFFE( _EQ015, GLOBAL( RD),  VCC,  VCC,  VCC);
  _EQ015 =  _LC1_B17 &  _LC2_B10
         #  _LC5_B3
         #  _LC8_B3;

-- Node name is '|aa5_buffer:39|dff8:25|:8' = '|aa5_buffer:39|dff8:25|Q7' 
-- Equation name is '_LC4_B1', type is buried 
_LC4_B1  = DFFE( _EQ016, GLOBAL( RD),  VCC,  VCC,  VCC);
  _EQ016 =  _LC1_B9 &  _LC1_B17
         #  _LC5_B1
         #  _LC8_B1;

-- Node name is '|aa5_buffer:39|mux8x8:31|aa5tri8:3|:5' = '|aa5_buffer:39|mux8x8:31|aa5tri8:3|Q0' 
-- Equation name is '_LC6_B13', type is buried 
_LC6_B13 = LCELL( _EQ017);
  _EQ017 =  _LC2_B14 & !_LC2_B17 &  _LC5_B16 & !_LC5_B19;

-- Node name is '|aa5_buffer:39|mux8x8:31|aa5tri8:3|:6' = '|aa5_buffer:39|mux8x8:31|aa5tri8:3|Q1' 
-- Equation name is '_LC5_B15', type is buried 
_LC5_B15 = LCELL( _EQ018);
  _EQ018 = !_LC2_B17 &  _LC4_B14 &  _LC5_B16 & !_LC5_B19;

-- Node name is '|aa5_buffer:39|mux8x8:31|aa5tri8:3|:7' = '|aa5_buffer:39|mux8x8:31|aa5tri8:3|Q2' 
-- Equation name is '_LC6_B21', type is buried 
_LC6_B21 = LCELL( _EQ019);
  _EQ019 = !_LC2_B17 &  _LC5_B16 & !_LC5_B19 &  _LC7_B14;

-- Node name is '|aa5_buffer:39|mux8x8:31|aa5tri8:3|:8' = '|aa5_buffer:39|mux8x8:31|aa5tri8:3|Q3' 
-- Equation name is '_LC6_B18', type is buried 
_LC6_B18 = LCELL( _EQ020);
  _EQ020 = !_LC2_B17 &  _LC3_B14 &  _LC5_B16 & !_LC5_B19;

-- Node name is '|aa5_buffer:39|mux8x8:31|aa5tri8:3|:12' = '|aa5_buffer:39|mux8x8:31|aa5tri8:3|Q4' 
-- Equation name is '_LC6_B6', type is buried 
_LC6_B6  = LCELL( _EQ021);
  _EQ021 =  _LC1_B11 & !_LC2_B17 &  _LC5_B16 & !_LC5_B19;

-- Node name is '|aa5_buffer:39|mux8x8:31|aa5tri8:3|:11' = '|aa5_buffer:39|mux8x8:31|aa5tri8:3|Q5' 
-- Equation name is '_LC6_B5', type is buried 
_LC6_B5  = LCELL( _EQ022);
  _EQ022 = !_LC2_B17 &  _LC5_B16 & !_LC5_B19 &  _LC7_B11;

-- Node name is '|aa5_buffer:39|mux8x8:31|aa5tri8:3|:10' = '|aa5_buffer:39|mux8x8:31|aa5tri8:3|Q6' 
-- Equation name is '_LC6_B3', type is buried 
_LC6_B3  = LCELL( _EQ023);
  _EQ023 =  _LC1_B14 & !_LC2_B17 &  _LC5_B16 & !_LC5_B19;

-- Node name is '|aa5_buffer:39|mux8x8:31|aa5tri8:3|:9' = '|aa5_buffer:39|mux8x8:31|aa5tri8:3|Q7' 
-- Equation name is '_LC6_B1', type is buried 
_LC6_B1  = LCELL( _EQ024);
  _EQ024 = !_LC2_B17 &  _LC5_B16 & !_LC5_B19 &  _LC8_B14;

-- Node name is '|aa5_buffer:39|mux8x8:31|aa5tri8:7|:5' = '|aa5_buffer:39|mux8x8:31|aa5tri8:7|Q0' 
-- Equation name is '_LC2_B13', type is buried 
_LC2_B13 = LCELL( _EQ025);
  _EQ025 =  _LC2_B17 &  _LC2_B23 & !_LC5_B16 &  _LC5_B19;

-- Node name is '|aa5_buffer:39|mux8x8:31|aa5tri8:7|:6' = '|aa5_buffer:39|mux8x8:31|aa5tri8:7|Q1' 
-- Equation name is '_LC2_B15', type is buried 
_LC2_B15 = LCELL( _EQ026);
  _EQ026 =  _LC2_B17 & !_LC5_B16 &  _LC5_B19 &  _LC6_B23;

-- Node name is '|aa5_buffer:39|mux8x8:31|aa5tri8:7|:7' = '|aa5_buffer:39|mux8x8:31|aa5tri8:7|Q2' 
-- Equation name is '_LC2_B21', type is buried 
_LC2_B21 = LCELL( _EQ027);
  _EQ027 =  _LC2_B17 &  _LC4_B23 & !_LC5_B16 &  _LC5_B19;

-- Node name is '|aa5_buffer:39|mux8x8:31|aa5tri8:7|:8' = '|aa5_buffer:39|mux8x8:31|aa5tri8:7|Q3' 
-- Equation name is '_LC3_B18', type is buried 
_LC3_B18 = LCELL( _EQ028);
  _EQ028 =  _LC2_B17 & !_LC5_B16 &  _LC5_B19 &  _LC8_B12;

-- Node name is '|aa5_buffer:39|mux8x8:31|aa5tri8:7|:12' = '|aa5_buffer:39|mux8x8:31|aa5tri8:7|Q4' 
-- Equation name is '_LC3_B6', type is buried 
_LC3_B6  = LCELL( _EQ029);
  _EQ029 =  _LC2_B17 & !_LC5_B16 &  _LC5_B19 &  _LC5_B23;

-- Node name is '|aa5_buffer:39|mux8x8:31|aa5tri8:7|:11' = '|aa5_buffer:39|mux8x8:31|aa5tri8:7|Q5' 
-- Equation name is '_LC3_B5', type is buried 
_LC3_B5  = LCELL( _EQ030);
  _EQ030 =  _LC2_B12 &  _LC2_B17 & !_LC5_B16 &  _LC5_B19;

-- Node name is '|aa5_buffer:39|mux8x8:31|aa5tri8:7|:10' = '|aa5_buffer:39|mux8x8:31|aa5tri8:7|Q6' 
-- Equation name is '_LC1_B3', type is buried 
_LC1_B3  = LCELL( _EQ031);
  _EQ031 =  _LC2_B17 &  _LC4_B12 & !_LC5_B16 &  _LC5_B19;

-- Node name is '|aa5_buffer:39|mux8x8:31|aa5tri8:7|:9' = '|aa5_buffer:39|mux8x8:31|aa5tri8:7|Q7' 
-- Equation name is '_LC1_B1', type is buried 
_LC1_B1  = LCELL( _EQ032);
  _EQ032 =  _LC2_B17 & !_LC5_B16 &  _LC5_B19 &  _LC6_B12;

-- Node name is '|aa5_buffer:39|mux8x8:31|aa5tri8:8|:5' = '|aa5_buffer:39|mux8x8:31|aa5tri8:8|Q0' 
-- Equation name is '_LC4_B13', type is buried 
_LC4_B13 = LCELL( _EQ033);
  _EQ033 =  _LC1_B22 & !_LC2_B17 & !_LC5_B16 &  _LC5_B19;

-- Node name is '|aa5_buffer:39|mux8x8:31|aa5tri8:8|:6' = '|aa5_buffer:39|mux8x8:31|aa5tri8:8|Q1' 
-- Equation name is '_LC3_B15', type is buried 
_LC3_B15 = LCELL( _EQ034);
  _EQ034 = !_LC2_B17 &  _LC4_B22 & !_LC5_B16 &  _LC5_B19;

-- Node name is '|aa5_buffer:39|mux8x8:31|aa5tri8:8|:7' = '|aa5_buffer:39|mux8x8:31|aa5tri8:8|Q2' 
-- Equation name is '_LC4_B21', type is buried 
_LC4_B21 = LCELL( _EQ035);
  _EQ035 = !_LC2_B17 & !_LC5_B16 &  _LC5_B19 &  _LC7_B22;

-- Node name is '|aa5_buffer:39|mux8x8:31|aa5tri8:8|:8' = '|aa5_buffer:39|mux8x8:31|aa5tri8:8|Q3' 
-- Equation name is '_LC4_B18', type is buried 
_LC4_B18 = LCELL( _EQ036);
  _EQ036 = !_LC2_B17 &  _LC3_B22 & !_LC5_B16 &  _LC5_B19;

-- Node name is '|aa5_buffer:39|mux8x8:31|aa5tri8:8|:12' = '|aa5_buffer:39|mux8x8:31|aa5tri8:8|Q4' 
-- Equation name is '_LC4_B6', type is buried 
_LC4_B6  = LCELL( _EQ037);
  _EQ037 = !_LC2_B17 &  _LC5_B11 & !_LC5_B16 &  _LC5_B19;

-- Node name is '|aa5_buffer:39|mux8x8:31|aa5tri8:8|:11' = '|aa5_buffer:39|mux8x8:31|aa5tri8:8|Q5' 
-- Equation name is '_LC4_B5', type is buried 
_LC4_B5  = LCELL( _EQ038);
  _EQ038 =  _LC2_B11 & !_LC2_B17 & !_LC5_B16 &  _LC5_B19;

-- Node name is '|aa5_buffer:39|mux8x8:31|aa5tri8:8|:10' = '|aa5_buffer:39|mux8x8:31|aa5tri8:8|Q6' 
-- Equation name is '_LC4_B3', type is buried 
_LC4_B3  = LCELL( _EQ039);
  _EQ039 = !_LC2_B17 &  _LC3_B3 & !_LC5_B16 &  _LC5_B19;

-- Node name is '|aa5_buffer:39|mux8x8:31|aa5tri8:8|:9' = '|aa5_buffer:39|mux8x8:31|aa5tri8:8|Q7' 
-- Equation name is '_LC3_B1', type is buried 
_LC3_B1  = LCELL( _EQ040);
  _EQ040 =  _LC2_B1 & !_LC2_B17 & !_LC5_B16 &  _LC5_B19;

-- Node name is '|aa5_buffer:39|mux8x8:31|deshifr8:35|:25' = '|aa5_buffer:39|mux8x8:31|deshifr8:35|F0' 
-- Equation name is '_LC6_B17', type is buried 
_LC6_B17 = LCELL( _EQ041);
  _EQ041 = !_LC2_B17 & !_LC5_B16 & !_LC5_B19;

-- Node name is '|aa5_buffer:39|mux8x8:31|deshifr8:35|:26' = '|aa5_buffer:39|mux8x8:31|deshifr8:35|F1' 
-- Equation name is '_LC4_B17', type is buried 
_LC4_B17 = LCELL( _EQ042);
  _EQ042 =  _LC2_B17 & !_LC5_B16 & !_LC5_B19;

-- Node name is '|aa5_buffer:39|mux8x8:31|deshifr8:35|:28' = '|aa5_buffer:39|mux8x8:31|deshifr8:35|F3' 
-- Equation name is '_LC8_B17', type is buried 
_LC8_B17 = LCELL( _EQ043);
  _EQ043 =  _LC2_B17 &  _LC5_B16 & !_LC5_B19;

-- Node name is '|aa5_buffer:39|mux8x8:31|deshifr8:35|:31' = '|aa5_buffer:39|mux8x8:31|deshifr8:35|F6' 
-- Equation name is '_LC7_B17', type is buried 
_LC7_B17 = LCELL( _EQ044);
  _EQ044 = !_LC2_B17 &  _LC5_B16 &  _LC5_B19;

-- Node name is '|aa5_buffer:39|mux8x8:31|deshifr8:35|:32' = '|aa5_buffer:39|mux8x8:31|deshifr8:35|F7' 
-- Equation name is '_LC1_B17', type is buried 
_LC1_B17 = LCELL( _EQ045);
  _EQ045 =  _LC2_B17 &  _LC5_B16 &  _LC5_B19;

-- Node name is '|aa5_buffer:39|mux8x8:31|~23~1' = '|aa5_buffer:39|mux8x8:31|QOUT0~1' 
-- Equation name is '_LC5_B13', type is buried 
-- synthesized logic cell 
_LC5_B13 = LCELL( _EQ046);
  _EQ046 =  _LC7_B17 &  _LC8_B23
         #  _LC2_B13
         #  _LC4_B13;

-- Node name is '|aa5_buffer:39|mux8x8:31|~23~2' = '|aa5_buffer:39|mux8x8:31|QOUT0~2' 
-- Equation name is '_LC7_B13', type is buried 
-- synthesized logic cell 
_LC7_B13 = LCELL( _EQ047);
  _EQ047 =  _LC4_B17 &  _LC8_B22
         #  _LC3_B2 &  _LC6_B17;

-- Node name is '|aa5_buffer:39|mux8x8:31|~23~3' = '|aa5_buffer:39|mux8x8:31|QOUT0~3' 
-- Equation name is '_LC8_B13', type is buried 
-- synthesized logic cell 
_LC8_B13 = LCELL( _EQ048);
  _EQ048 =  _LC8_B7 &  _LC8_B17
         #  _LC6_B13
         #  _LC7_B13;

-- Node name is '|aa5_buffer:39|mux8x8:31|~22~1' = '|aa5_buffer:39|mux8x8:31|QOUT1~1' 
-- Equation name is '_LC4_B15', type is buried 
-- synthesized logic cell 
_LC4_B15 = LCELL( _EQ049);
  _EQ049 =  _LC1_B23 &  _LC7_B17
         #  _LC2_B15
         #  _LC3_B15;

-- Node name is '|aa5_buffer:39|mux8x8:31|~22~2' = '|aa5_buffer:39|mux8x8:31|QOUT1~2' 
-- Equation name is '_LC6_B15', type is buried 
-- synthesized logic cell 
_LC6_B15 = LCELL( _EQ050);
  _EQ050 =  _LC2_B22 &  _LC4_B17
         #  _LC2_B2 &  _LC6_B17;

-- Node name is '|aa5_buffer:39|mux8x8:31|~22~3' = '|aa5_buffer:39|mux8x8:31|QOUT1~3' 
-- Equation name is '_LC8_B15', type is buried 
-- synthesized logic cell 
_LC8_B15 = LCELL( _EQ051);
  _EQ051 =  _LC2_B7 &  _LC8_B17
         #  _LC5_B15
         #  _LC6_B15;

-- Node name is '|aa5_buffer:39|mux8x8:31|~25~1' = '|aa5_buffer:39|mux8x8:31|QOUT2~1' 
-- Equation name is '_LC5_B21', type is buried 
-- synthesized logic cell 
_LC5_B21 = LCELL( _EQ052);
  _EQ052 =  _LC3_B23 &  _LC7_B17
         #  _LC2_B21
         #  _LC4_B21;

-- Node name is '|aa5_buffer:39|mux8x8:31|~25~2' = '|aa5_buffer:39|mux8x8:31|QOUT2~2' 
-- Equation name is '_LC7_B21', type is buried 
-- synthesized logic cell 
_LC7_B21 = LCELL( _EQ053);
  _EQ053 =  _LC4_B17 &  _LC5_B22
         #  _LC5_B2 &  _LC6_B17;

-- Node name is '|aa5_buffer:39|mux8x8:31|~25~3' = '|aa5_buffer:39|mux8x8:31|QOUT2~3' 
-- Equation name is '_LC8_B21', type is buried 
-- synthesized logic cell 
_LC8_B21 = LCELL( _EQ054);
  _EQ054 =  _LC4_B7 &  _LC8_B17
         #  _LC6_B21
         #  _LC7_B21;

-- Node name is '|aa5_buffer:39|mux8x8:31|~24~1' = '|aa5_buffer:39|mux8x8:31|QOUT3~1' 
-- Equation name is '_LC5_B18', type is buried 
-- synthesized logic cell 
_LC5_B18 = LCELL( _EQ055);
  _EQ055 =  _LC6_B14 &  _LC7_B17
         #  _LC3_B18
         #  _LC4_B18;

-- Node name is '|aa5_buffer:39|mux8x8:31|~24~2' = '|aa5_buffer:39|mux8x8:31|QOUT3~2' 
-- Equation name is '_LC7_B18', type is buried 
-- synthesized logic cell 
_LC7_B18 = LCELL( _EQ056);
  _EQ056 =  _LC4_B17 &  _LC6_B22
         #  _LC6_B2 &  _LC6_B17;

-- Node name is '|aa5_buffer:39|mux8x8:31|~24~3' = '|aa5_buffer:39|mux8x8:31|QOUT3~3' 
-- Equation name is '_LC8_B18', type is buried 
-- synthesized logic cell 
_LC8_B18 = LCELL( _EQ057);
  _EQ057 =  _LC6_B7 &  _LC8_B17
         #  _LC6_B18
         #  _LC7_B18;

-- Node name is '|aa5_buffer:39|mux8x8:31|~29~1' = '|aa5_buffer:39|mux8x8:31|QOUT4~1' 
-- Equation name is '_LC5_B6', type is buried 
-- synthesized logic cell 
_LC5_B6  = LCELL( _EQ058);
  _EQ058 =  _LC7_B17 &  _LC7_B23
         #  _LC3_B6
         #  _LC4_B6;

-- Node name is '|aa5_buffer:39|mux8x8:31|~29~2' = '|aa5_buffer:39|mux8x8:31|QOUT4~2' 
-- Equation name is '_LC7_B6', type is buried 
-- synthesized logic cell 
_LC7_B6  = LCELL( _EQ059);
  _EQ059 =  _LC3_B12 &  _LC4_B17
         #  _LC1_B2 &  _LC6_B17;

-- Node name is '|aa5_buffer:39|mux8x8:31|~29~3' = '|aa5_buffer:39|mux8x8:31|QOUT4~3' 
-- Equation name is '_LC8_B6', type is buried 
-- synthesized logic cell 
_LC8_B6  = LCELL( _EQ060);
  _EQ060 =  _LC1_B7 &  _LC8_B17
         #  _LC6_B6
         #  _LC7_B6;

-- Node name is '|aa5_buffer:39|mux8x8:31|~28~1' = '|aa5_buffer:39|mux8x8:31|QOUT5~1' 
-- Equation name is '_LC5_B5', type is buried 
-- synthesized logic cell 
_LC5_B5  = LCELL( _EQ061);
  _EQ061 =  _LC1_B24 &  _LC7_B17
         #  _LC3_B5
         #  _LC4_B5;

-- Node name is '|aa5_buffer:39|mux8x8:31|~28~2' = '|aa5_buffer:39|mux8x8:31|QOUT5~2' 
-- Equation name is '_LC7_B5', type is buried 
-- synthesized logic cell 
_LC7_B5  = LCELL( _EQ062);
  _EQ062 =  _LC1_B12 &  _LC4_B17
         #  _LC4_B2 &  _LC6_B17;

-- Node name is '|aa5_buffer:39|mux8x8:31|~28~3' = '|aa5_buffer:39|mux8x8:31|QOUT5~3' 
-- Equation name is '_LC8_B5', type is buried 
-- synthesized logic cell 
_LC8_B5  = LCELL( _EQ063);
  _EQ063 =  _LC3_B7 &  _LC8_B17
         #  _LC6_B5
         #  _LC7_B5;

-- Node name is '|aa5_buffer:39|mux8x8:31|~27~1' = '|aa5_buffer:39|mux8x8:31|QOUT6~1' 
-- Equation name is '_LC5_B3', type is buried 
-- synthesized logic cell 
_LC5_B3  = LCELL( _EQ064);
  _EQ064 =  _LC5_B14 &  _LC7_B17
         #  _LC1_B3
         #  _LC4_B3;

-- Node name is '|aa5_buffer:39|mux8x8:31|~27~2' = '|aa5_buffer:39|mux8x8:31|QOUT6~2' 
-- Equation name is '_LC7_B3', type is buried 
-- synthesized logic cell 
_LC7_B3  = LCELL( _EQ065);
  _EQ065 =  _LC4_B17 &  _LC7_B12
         #  _LC6_B17 &  _LC8_B2;

-- Node name is '|aa5_buffer:39|mux8x8:31|~27~3' = '|aa5_buffer:39|mux8x8:31|QOUT6~3' 
-- Equation name is '_LC8_B3', type is buried 
-- synthesized logic cell 
_LC8_B3  = LCELL( _EQ066);
  _EQ066 =  _LC5_B7 &  _LC8_B17
         #  _LC6_B3
         #  _LC7_B3;

-- Node name is '|aa5_buffer:39|mux8x8:31|~26~1' = '|aa5_buffer:39|mux8x8:31|QOUT7~1' 
-- Equation name is '_LC5_B1', type is buried 
-- synthesized logic cell 
_LC5_B1  = LCELL( _EQ067);
  _EQ067 =  _LC1_B4 &  _LC7_B17
         #  _LC1_B1
         #  _LC3_B1;

-- Node name is '|aa5_buffer:39|mux8x8:31|~26~2' = '|aa5_buffer:39|mux8x8:31|QOUT7~2' 
-- Equation name is '_LC7_B1', type is buried 
-- synthesized logic cell 
_LC7_B1  = LCELL( _EQ068);
  _EQ068 =  _LC4_B17 &  _LC5_B12
         #  _LC6_B17 &  _LC7_B2;

-- Node name is '|aa5_buffer:39|mux8x8:31|~26~3' = '|aa5_buffer:39|mux8x8:31|QOUT7~3' 
-- Equation name is '_LC8_B1', type is buried 
-- synthesized logic cell 
_LC8_B1  = LCELL( _EQ069);
  _EQ069 =  _LC7_B7 &  _LC8_B17
         #  _LC6_B1
         #  _LC7_B1;

-- Node name is '|aa5_cut:37|:4' = '|aa5_cut:37|Q' 
-- Equation name is '_LC1_A23', type is buried 
_LC1_A23 = LCELL( _EQ070);
  _EQ070 = !_LC1_A14 &  _LC1_B19 &  _LC7_A23
         #  _LC1_B19 &  _LC7_A23 &  WR;

-- Node name is '|aa5_cut:37|:3' 
-- Equation name is '_LC5_A23', type is buried 
_LC5_A23 = LCELL( _EQ071);
  _EQ071 = !_LC1_A14 &  _LC1_B19
         #  _LC1_B19 &  WR;

-- Node name is '|aa5_cut:37|:5' 
-- Equation name is '_LC6_A23', type is buried 
_LC6_A23 = LCELL( _LC5_A23);

-- Node name is '|aa5_cut:37|:6' 
-- Equation name is '_LC7_A23', type is buried 
_LC7_A23 = LCELL( _LC6_A23);

-- Node name is '|aa5_cut:38|:4' = '|aa5_cut:38|Q' 
-- Equation name is '_LC8_A23', type is buried 
_LC8_A23 = LCELL( _EQ072);
  _EQ072 =  _LC1_A14 &  _LC1_B19 &  _LC4_A23;

-- Node name is '|aa5_cut:38|:3' 
-- Equation name is '_LC2_A23', type is buried 
_LC2_A23 = LCELL( _EQ073);
  _EQ073 =  _LC1_A14 &  _LC1_B19;

-- Node name is '|aa5_cut:38|:5' 
-- Equation name is '_LC3_A23', type is buried 
_LC3_A23 = LCELL( _LC2_A23);

-- Node name is '|aa5_cut:38|:6' 
-- Equation name is '_LC4_A23', type is buried 
_LC4_A23 = LCELL( _LC3_A23);

-- Node name is '|aa5counter:31|:14' = '|aa5counter:31|CNTR0' 
-- Equation name is '_LC5_B8', type is buried 
_LC5_B8  = DFFE(!_LC5_B8, GLOBAL( WR), GLOBAL(!RESET),  VCC,  VCC);

-- Node name is '|aa5counter:31|:13' = '|aa5counter:31|CNTR1' 
-- Equation name is '_LC2_B20', type is buried 
_LC2_B20 = DFFE(!_LC2_B20, !_LC5_B8, GLOBAL(!RESET),  VCC,  VCC);

-- Node name is '|aa5counter:31|:12' = '|aa5counter:31|CNTR2' 
-- Equation name is '_LC3_B20', type is buried 
_LC3_B20 = DFFE(!_LC3_B20, !_LC2_B20, GLOBAL(!RESET),  VCC,  VCC);

-- Node name is '|aa5counter:32|:14' = '|aa5counter:32|CNTR0' 
-- Equation name is '_LC1_A20', type is buried 
_LC1_A20 = DFFE(!_LC1_A20, GLOBAL( RD), GLOBAL(!RESET),  VCC,  VCC);

-- Node name is '|aa5counter:32|:13' = '|aa5counter:32|CNTR1' 
-- Equation name is '_LC1_B16', type is buried 
_LC1_B16 = DFFE(!_LC1_B16, !_LC1_A20, GLOBAL(!RESET),  VCC,  VCC);

-- Node name is '|aa5counter:32|:12' = '|aa5counter:32|CNTR2' 
-- Equation name is '_LC2_B16', type is buried 
_LC2_B16 = DFFE(!_LC2_B16, !_LC1_B16, GLOBAL(!RESET),  VCC,  VCC);

-- Node name is '|comp3ex:30|:14' = '|comp3ex:30|AEB' 
-- Equation name is '_LC1_B19', type is buried 
_LC1_B19 = LCELL( _EQ074);
  _EQ074 =  _LC2_B16 &  _LC3_B20 &  _LC6_B16 &  _LC6_B19
         # !_LC2_B16 & !_LC3_B20 &  _LC6_B16 &  _LC6_B19;

-- Node name is '|comp3ex:30|~13~1' 
-- Equation name is '_LC6_B16', type is buried 
-- synthesized logic cell 
_LC6_B16 = LCELL( _EQ075);
  _EQ075 =  _LC1_A20 &  _LC1_B16 &  _LC2_B20 &  _LC5_B8
         #  _LC1_A20 & !_LC1_B16 & !_LC2_B20 &  _LC5_B8
         # !_LC1_A20 &  _LC1_B16 &  _LC2_B20 & !_LC5_B8
         # !_LC1_A20 & !_LC1_B16 & !_LC2_B20 & !_LC5_B8;

-- Node name is '|comp3ex:30|:20' 
-- Equation name is '_LC2_B19', type is buried 
_LC2_B19 = LCELL( _EQ076);
  _EQ076 =  _LC2_B16 &  _LC3_B20 &  _LC6_B16
         # !_LC2_B16 & !_LC3_B20 &  _LC6_B16;

-- Node name is '|comp3ex:30|:21' 
-- Equation name is '_LC3_B19', type is buried 
_LC3_B19 = LCELL( _LC2_B19);

-- Node name is '|comp3ex:30|:22' 
-- Equation name is '_LC4_B19', type is buried 
_LC4_B19 = LCELL( _LC3_B19);

-- Node name is '|comp3ex:30|:23' 
-- Equation name is '_LC6_B19', type is buried 
_LC6_B19 = LCELL( _LC4_B19);

-- Node name is '|delay3x3:33|:8' = '|delay3x3:33|Q0' 
-- Equation name is '_LC2_B17', type is buried 
_LC2_B17 = LCELL( _LC5_B17);

-- Node name is '|delay3x3:33|:9' = '|delay3x3:33|Q1' 
-- Equation name is '_LC5_B16', type is buried 
_LC5_B16 = LCELL( _LC4_B16);

-- Node name is '|delay3x3:33|:7' = '|delay3x3:33|Q2' 
-- Equation name is '_LC5_B19', type is buried 
_LC5_B19 = LCELL( _LC8_B19);

-- Node name is '|delay3x3:33|:1' 
-- Equation name is '_LC3_B17', type is buried 
_LC3_B17 = LCELL( _LC1_A20);

-- Node name is '|delay3x3:33|:2' 
-- Equation name is '_LC3_B16', type is buried 
_LC3_B16 = LCELL( _LC1_B16);

-- Node name is '|delay3x3:33|:3' 
-- Equation name is '_LC7_B19', type is buried 
_LC7_B19 = LCELL( _LC2_B16);

-- Node name is '|delay3x3:33|:4' 
-- Equation name is '_LC8_B19', type is buried 
_LC8_B19 = LCELL( _LC7_B19);

-- Node name is '|delay3x3:33|:5' 
-- Equation name is '_LC4_B16', type is buried 
_LC4_B16 = LCELL( _LC3_B16);

-- Node name is '|delay3x3:33|:6' 
-- Equation name is '_LC5_B17', type is buried 
_LC5_B17 = LCELL( _LC3_B17);

-- Node name is '|delay3x3:34|:8' = '|delay3x3:34|Q0' 
-- Equation name is '_LC1_B8', type is buried 
_LC1_B8  = LCELL( _LC6_B8);

-- Node name is '|delay3x3:34|:9' = '|delay3x3:34|Q1' 
-- Equation name is '_LC8_B20', type is buried 
_LC8_B20 = LCELL( _LC6_B20);

-- Node name is '|delay3x3:34|:7' = '|delay3x3:34|Q2' 
-- Equation name is '_LC7_B20', type is buried 
_LC7_B20 = LCELL( _LC4_B20);

-- Node name is '|delay3x3:34|:1' 
-- Equation name is '_LC4_B8', type is buried 
_LC4_B8  = LCELL( _LC5_B8);

-- Node name is '|delay3x3:34|:2' 
-- Equation name is '_LC5_B20', type is buried 
_LC5_B20 = LCELL( _LC2_B20);

-- Node name is '|delay3x3:34|:3' 
-- Equation name is '_LC1_B20', type is buried 
_LC1_B20 = LCELL( _LC3_B20);

-- Node name is '|delay3x3:34|:4' 
-- Equation name is '_LC4_B20', type is buried 
_LC4_B20 = LCELL( _LC1_B20);

-- Node name is '|delay3x3:34|:5' 
-- Equation name is '_LC6_B20', type is buried 
_LC6_B20 = LCELL( _LC5_B20);

-- Node name is '|delay3x3:34|:6' 
-- Equation name is '_LC6_B8', type is buried 
_LC6_B8  = LCELL( _LC4_B8);

-- Node name is '|rs:18|:9' = '|rs:18|Ti' 
-- Equation name is '_LC1_A14', type is buried 
!_LC1_A14 = _LC1_A14~NOT;
_LC1_A14~NOT = LCELL( _EQ077);
  _EQ077 = !_LC1_A14 & !RD
         # !RD &  WR;



Project Information                         d:\max\lab20\fifolifokesh\fifo.rpt

** COMPILATION SETTINGS & TIMES **

Processing Menu Commands
------------------------

Design Doctor                             = off

Logic Synthesis:

   Synthesis Type Used                    = Multi-Level

   Default Synthesis Style                = NORMAL

      Logic option settings in 'NORMAL' style for 'FLEX10K' family

      CARRY_CHAIN                         = ignore
      CARRY_CHAIN_LENGTH                  = 32
      CASCADE_CHAIN                       = ignore
      CASCADE_CHAIN_LENGTH                = 2
      DECOMPOSE_GATES                     = on
      DUPLICATE_LOGIC_EXTRACTION          = on
      MINIMIZATION                        = full
      MULTI_LEVEL_FACTORING               = on
      NOT_GATE_PUSH_BACK                  = on
      REDUCE_LOGIC                        = on
      REFACTORIZATION                     = on
      REGISTER_OPTIMIZATION               = on
      RESYNTHESIZE_NETWORK                = on
      SLOW_SLEW_RATE                      = off
      SUBFACTOR_EXTRACTION                = on
      IGNORE_SOFT_BUFFERS                 = on
      USE_LPM_FOR_AHDL_OPERATORS          = off

   Other logic synthesis settings:

      Automatic Global Clock              = on
      Automatic Global Clear              = on
      Automatic Global Preset             = on
      Automatic Global Output Enable      = on
      Automatic Fast I/O                  = off
      Automatic Register Packing          = off
      Automatic Open-Drain Pins           = on
      Automatic Implement in EAB          = off
      Optimize                            = 5

Default Timing Specifications: None

Cut All Bidir Feedback Timing Paths       = on
Cut All Clear & Preset Timing Paths       = on

Ignore Timing Assignments                 = off

Functional SNF Extractor                  = off

Linked SNF Extractor                      = off
Timing SNF Extractor                      = on
Optimize Timing SNF                       = off
Generate AHDL TDO File                    = off
Fitter Settings                           = NORMAL
Use Quartus Fitter                        = on
Smart Recompile                           = off
Total Recompile                           = off

Interfaces Menu Commands
------------------------

EDIF Netlist Writer                       = off
Verilog Netlist Writer                    = off
VHDL Netlist Writer                       = off

Compilation Times
-----------------

   Compiler Netlist Extractor             00:00:00
   Database Builder                       00:00:00
   Logic Synthesizer                      00:00:00
   Partitioner                            00:00:01
   Fitter                                 00:00:01
   Timing SNF Extractor                   00:00:00
   Assembler                              00:00:00
   --------------------------             --------
   Total Time                             00:00:02


Memory Allocated
-----------------

Peak memory allocated during compilation  = 10,308K
