Project Information                         d:\max\lab20\fifolifokesh\lifo.rpt

MAX+plus II Compiler Report File
Version 10.2 07/10/2002
Compiled: 02/20/2019 10:53:20

Copyright (C) 1988-2002 Altera Corporation
Any megafunction design, and related net list (encrypted or decrypted),
support information, device programming or simulation file, and any other
associated documentation or information provided by Altera or a partner
under Altera's Megafunction Partnership Program may be used only to
program PLD devices (but not masked PLD devices) from Altera.  Any other
use of such megafunction design, net list, support information, device
programming or simulation file, or any other related documentation or
information is prohibited for any other purpose, including, but not
limited to modification, reverse engineering, de-compiling, or use with
any other silicon devices, unless such use is explicitly licensed under
a separate agreement with Altera or a megafunction partner.  Title to
the intellectual property, including patents, copyrights, trademarks,
trade secrets, or maskworks, embodied in any such megafunction design,
net list, support information, device programming or simulation file, or
any other related documentation or information provided by Altera or a
megafunction partner, remains with Altera, the megafunction partner, or
their respective licensors.  No other licenses, including any licenses
needed under any third party's intellectual property, are provided herein.



***** Project compilation was successful




** DEVICE SUMMARY **

Chip/                     Input Output Bidir  Memory  Memory  			 LCs
POF       Device          Pins  Pins   Pins   Bits % Utilized  LCs  % Utilized

lifo      EPF10K10LC84-3   11     10     0    0         0  %    181      31 %

User Pins:                 11     10     0  



Project Information                         d:\max\lab20\fifolifokesh\lifo.rpt

** FILE HIERARCHY **



|rs:18|
|comp3ex:30|
|aa5counter:31|
|aa5counter:32|
|delay3x3:33|
|delay3x3:34|
|aa5_cut:37|
|aa5_cut:38|
|aa5_lbuffer:39|
|aa5_lbuffer:39|dff8:25|
|aa5_lbuffer:39|dff8ds:36|
|aa5_lbuffer:39|dff8ds:36|rs:17|
|aa5_lbuffer:39|dff8ds:36|mux8x2:18|
|aa5_lbuffer:39|dff8ds:33|
|aa5_lbuffer:39|dff8ds:33|rs:17|
|aa5_lbuffer:39|dff8ds:33|mux8x2:18|
|aa5_lbuffer:39|dff8ds:37|
|aa5_lbuffer:39|dff8ds:37|rs:17|
|aa5_lbuffer:39|dff8ds:37|mux8x2:18|
|aa5_lbuffer:39|dff8ds:34|
|aa5_lbuffer:39|dff8ds:34|rs:17|
|aa5_lbuffer:39|dff8ds:34|mux8x2:18|
|aa5_lbuffer:39|dff8ds:38|
|aa5_lbuffer:39|dff8ds:38|rs:17|
|aa5_lbuffer:39|dff8ds:38|mux8x2:18|
|aa5_lbuffer:39|dff8ds:39|
|aa5_lbuffer:39|dff8ds:39|rs:17|
|aa5_lbuffer:39|dff8ds:39|mux8x2:18|
|aa5_lbuffer:39|dff8ds:35|
|aa5_lbuffer:39|dff8ds:35|rs:17|
|aa5_lbuffer:39|dff8ds:35|mux8x2:18|
|aa5_lbuffer:39|dff8ds:32|
|aa5_lbuffer:39|dff8ds:32|rs:17|
|aa5_lbuffer:39|dff8ds:32|mux8x2:18|


Device-Specific Information:                d:\max\lab20\fifolifokesh\lifo.rpt
lifo

***** Logic for device 'lifo' compiled without errors.




Device: EPF10K10LC84-3

FLEX 10K Configuration Scheme: Passive Serial

Device Options:
    User-Supplied Start-Up Clock               = OFF
    Auto-Restart Configuration on Frame Error  = OFF
    Release Clears Before Tri-States           = OFF
    Enable Chip_Wide Reset                     = OFF
    Enable Chip-Wide Output Enable             = OFF
    Enable INIT_DONE Output                    = OFF
    JTAG User Code                             = 7f

                                                                         ^     
                                                                         C     
                R  R  R  R  R  R  R     R           R     R  R  R  R     O     
                E  E  E  E  E  E  E     E           E     E  E  E  E     N     
                S  S  S  S  S  S  S  V  S           S  G  S  S  S  S     F     
                E  E  E  E  E  E  E  C  E  R     D  E  N  E  E  E  E     _  ^  
                R  R  R  R  R  R  R  C  R  E     A  R  D  R  R  R  R  #  D  n  
                V  V  V  V  V  V  V  I  V  S     T  V  I  V  V  V  V  T  O  C  
                E  E  E  E  E  E  E  N  E  E  W  A  E  N  E  E  E  E  C  N  E  
                D  D  D  D  D  D  D  T  D  T  R  2  D  T  D  D  D  D  K  E  O  
              -----------------------------------------------------------------_ 
            /  11 10  9  8  7  6  5  4  3  2  1 84 83 82 81 80 79 78 77 76 75   | 
    ^DATA0 | 12                                                              74 | #TDO 
     ^DCLK | 13                                                              73 | RESERVED 
      ^nCE | 14                                                              72 | RESERVED 
      #TDI | 15                                                              71 | Q2 
  RESERVED | 16                                                              70 | FULL 
  RESERVED | 17                                                              69 | EMPTY 
        Q0 | 18                                                              68 | GNDINT 
  RESERVED | 19                                                              67 | Q3 
    VCCINT | 20                                                              66 | DATA3 
  RESERVED | 21                                                              65 | DATA4 
  RESERVED | 22                        EPF10K10LC84-3                        64 | RESERVED 
     DATA5 | 23                                                              63 | VCCINT 
     DATA6 | 24                                                              62 | Q5 
     DATA7 | 25                                                              61 | RESERVED 
    GNDINT | 26                                                              60 | RESERVED 
  RESERVED | 27                                                              59 | RESERVED 
        Q1 | 28                                                              58 | Q4 
        Q7 | 29                                                              57 | #TMS 
        Q6 | 30                                                              56 | #TRST 
    ^MSEL0 | 31                                                              55 | ^nSTATUS 
    ^MSEL1 | 32                                                              54 | RESERVED 
           |_  33 34 35 36 37 38 39 40 41 42 43 44 45 46 47 48 49 50 51 52 53  _| 
             ------------------------------------------------------------------ 
                V  ^  R  R  R  R  R  V  G  D  R  D  V  G  R  R  R  R  R  R  R  
                C  n  E  E  E  E  E  C  N  A  D  A  C  N  E  E  E  E  E  E  E  
                C  C  S  S  S  S  S  C  D  T     T  C  D  S  S  S  S  S  S  S  
                I  O  E  E  E  E  E  I  I  A     A  I  I  E  E  E  E  E  E  E  
                N  N  R  R  R  R  R  N  N  0     1  N  N  R  R  R  R  R  R  R  
                T  F  V  V  V  V  V  T  T           T  T  V  V  V  V  V  V  V  
                   I  E  E  E  E  E                       E  E  E  E  E  E  E  
                   G  D  D  D  D  D                       D  D  D  D  D  D  D  
                                                                               
                                                                               


N.C. = No Connect. This pin has no internal connection to the device.
VCCINT = Dedicated power pin, which MUST be connected to VCC (5.0 volts).
VCCIO = Dedicated power pin, which MUST be connected to VCC (5.0 volts).
GNDINT = Dedicated ground pin or unused dedicated input, which MUST be connected to GND.
GNDIO = Dedicated ground pin, which MUST be connected to GND.
RESERVED = Unused I/O pin, which MUST be left unconnected.

^ = Dedicated configuration pin.
+ = Reserved configuration pin, which is tri-stated during user mode.
* = Reserved configuration pin, which drives out in user mode.
PDn = Power Down pin. 
@ = Special-purpose pin. 
# = JTAG Boundary-Scan Testing/In-System Programming or Configuration Pin. The JTAG inputs TMS and TDI should be tied to VCC and TCK should be tied to GND when not in use.
& = JTAG pin used for I/O. When used as user I/O, JTAG pins must be kept stable before and during configuration.  JTAG pin stability prevents accidental loading of JTAG instructions.


Device-Specific Information:                d:\max\lab20\fifolifokesh\lifo.rpt
lifo

** RESOURCE USAGE **

Logic                Column       Row                                   
Array                Interconnect Interconnect         Clears/     External  
Block   Logic Cells  Driven       Driven       Clocks  Presets   Interconnect
A2       2/ 8( 25%)   1/ 8( 12%)   0/ 8(  0%)    0/2    0/2       2/22(  9%)   
A6       1/ 8( 12%)   0/ 8(  0%)   1/ 8( 12%)    1/2    0/2       1/22(  4%)   
A16      8/ 8(100%)   0/ 8(  0%)   2/ 8( 25%)    0/2    0/2       3/22( 13%)   
A18      3/ 8( 37%)   0/ 8(  0%)   2/ 8( 25%)    2/2    1/2       2/22(  9%)   
A19      2/ 8( 25%)   0/ 8(  0%)   2/ 8( 25%)    2/2    1/2       0/22(  0%)   
A20      7/ 8( 87%)   0/ 8(  0%)   1/ 8( 12%)    2/2    1/2       3/22( 13%)   
A21      1/ 8( 12%)   0/ 8(  0%)   1/ 8( 12%)    1/2    0/2       1/22(  4%)   
A24      1/ 8( 12%)   0/ 8(  0%)   1/ 8( 12%)    0/2    0/2       2/22(  9%)   
B1       8/ 8(100%)   2/ 8( 25%)   2/ 8( 25%)    2/2    0/2       8/22( 36%)   
B2       8/ 8(100%)   0/ 8(  0%)   5/ 8( 62%)    2/2    0/2       9/22( 40%)   
B3       8/ 8(100%)   0/ 8(  0%)   2/ 8( 25%)    2/2    0/2       6/22( 27%)   
B4       8/ 8(100%)   0/ 8(  0%)   3/ 8( 37%)    2/2    0/2       7/22( 31%)   
B5       7/ 8( 87%)   0/ 8(  0%)   4/ 8( 50%)    1/2    0/2       6/22( 27%)   
B6       8/ 8(100%)   0/ 8(  0%)   4/ 8( 50%)    2/2    0/2       8/22( 36%)   
B7       8/ 8(100%)   0/ 8(  0%)   2/ 8( 25%)    2/2    0/2       6/22( 27%)   
B8       8/ 8(100%)   0/ 8(  0%)   5/ 8( 62%)    2/2    0/2       9/22( 40%)   
B9       8/ 8(100%)   0/ 8(  0%)   2/ 8( 25%)    2/2    0/2       6/22( 27%)   
B10      8/ 8(100%)   0/ 8(  0%)   4/ 8( 50%)    2/2    0/2       8/22( 36%)   
B11      8/ 8(100%)   2/ 8( 25%)   2/ 8( 25%)    2/2    0/2       8/22( 36%)   
B12      8/ 8(100%)   0/ 8(  0%)   4/ 8( 50%)    2/2    0/2      10/22( 45%)   
B13      2/ 8( 25%)   0/ 8(  0%)   1/ 8( 12%)    1/2    0/2       1/22(  4%)   
B14      2/ 8( 25%)   0/ 8(  0%)   1/ 8( 12%)    0/2    0/2       2/22(  9%)   
B15      2/ 8( 25%)   0/ 8(  0%)   1/ 8( 12%)    0/2    0/2       2/22(  9%)   
B16      1/ 8( 12%)   0/ 8(  0%)   1/ 8( 12%)    0/2    0/2       2/22(  9%)   
B17      8/ 8(100%)   2/ 8( 25%)   2/ 8( 25%)    2/2    0/2       8/22( 36%)   
B18      2/ 8( 25%)   0/ 8(  0%)   1/ 8( 12%)    0/2    0/2       2/22(  9%)   
B19      4/ 8( 50%)   0/ 8(  0%)   2/ 8( 25%)    2/2    0/2       6/22( 27%)   
B20      1/ 8( 12%)   0/ 8(  0%)   1/ 8( 12%)    0/2    0/2       2/22(  9%)   
B21      8/ 8(100%)   1/ 8( 12%)   3/ 8( 37%)    2/2    0/2       8/22( 36%)   
B22      2/ 8( 25%)   0/ 8(  0%)   1/ 8( 12%)    0/2    0/2       2/22(  9%)   
B23      8/ 8(100%)   0/ 8(  0%)   4/ 8( 50%)    2/2    0/2       8/22( 36%)   
B24      8/ 8(100%)   0/ 8(  0%)   4/ 8( 50%)    2/2    0/2       8/22( 36%)   
C1       1/ 8( 12%)   1/ 8( 12%)   0/ 8(  0%)    0/2    0/2       2/22(  9%)   
C2       2/ 8( 25%)   0/ 8(  0%)   1/ 8( 12%)    1/2    0/2       1/22(  4%)   
C3       1/ 8( 12%)   1/ 8( 12%)   0/ 8(  0%)    0/2    0/2       2/22(  9%)   
C7       2/ 8( 25%)   2/ 8( 25%)   0/ 8(  0%)    0/2    0/2       2/22(  9%)   
C8       1/ 8( 12%)   0/ 8(  0%)   1/ 8( 12%)    1/2    0/2       1/22(  4%)   
C9       2/ 8( 25%)   0/ 8(  0%)   1/ 8( 12%)    1/2    0/2       1/22(  4%)   
C10      2/ 8( 25%)   1/ 8( 12%)   0/ 8(  0%)    0/2    0/2       2/22(  9%)   
C15      1/ 8( 12%)   0/ 8(  0%)   1/ 8( 12%)    1/2    0/2       1/22(  4%)   
C20      1/ 8( 12%)   0/ 8(  0%)   1/ 8( 12%)    1/2    0/2       1/22(  4%)   


Embedded             Column       Row                                   
Array     Embedded   Interconnect Interconnect         Read/      External  
Block     Cells      Driven       Driven       Clocks  Write    Interconnect


Total dedicated input pins used:                 6/6      (100%)
Total I/O pins used:                            15/53     ( 28%)
Total logic cells used:                        181/576    ( 31%)
Total embedded cells used:                       0/24     (  0%)
Total EABs used:                                 0/3      (  0%)
Average fan-in:                                 1.93/4    ( 48%)
Total fan-in:                                 351/2304    ( 15%)

Total input pins required:                      11
Total input I/O cell registers required:         0
Total output pins required:                     10
Total output I/O cell registers required:        0
Total buried I/O cell registers required:        0
Total bidirectional pins required:               0
Total reserved pins required                     0
Total logic cells required:                    181
Total flipflops required:                       78
Total packed registers required:                 0
Total logic cells in carry chains:               0
Total number of carry chains:                    0
Total logic cells in cascade chains:             0
Total number of cascade chains:                  0
Total single-pin Clock Enables required:         0
Total single-pin Output Enables required:        0

Synthesized logic cells:                         1/ 576   (  0%)

Logic Cell and Embedded Cell Counts

Column:  01  02  03  04  05  06  07  08  09  10  11  12  EA  13  14  15  16  17  18  19  20  21  22  23  24  Total(LC/EC)
 A:      0   2   0   0   0   1   0   0   0   0   0   0   0   0   0   0   8   0   3   2   7   1   0   0   1     25/0  
 B:      8   8   8   8   7   8   8   8   8   8   8   8   0   2   2   2   1   8   2   4   1   8   2   8   8    143/0  
 C:      1   2   1   0   0   0   2   1   2   2   0   0   0   0   0   1   0   0   0   0   1   0   0   0   0     13/0  

Total:   9  12   9   8   7   9  10   9  10  10   8   8   0   2   2   3   9   8   5   6   9   9   2   8   9    181/0  



Device-Specific Information:                d:\max\lab20\fifolifokesh\lifo.rpt
lifo

** INPUTS **

                                                    Fan-In    Fan-Out
 Pin     LC     EC   Row  Col  Primitive    Code      INP  FBK  OUT  FBK  Name
  42      -     -    -    --      INPUT                0    0    0    1  DATA0
  44      -     -    -    --      INPUT                0    0    0    1  DATA1
  84      -     -    -    --      INPUT                0    0    0    1  DATA2
  66      -     -    B    --      INPUT                0    0    0    1  DATA3
  65      -     -    B    --      INPUT                0    0    0    1  DATA4
  23      -     -    B    --      INPUT                0    0    0    1  DATA5
  24      -     -    B    --      INPUT                0    0    0    1  DATA6
  25      -     -    B    --      INPUT                0    0    0    1  DATA7
  43      -     -    -    --      INPUT  G             0    0    0   17  RD
   2      -     -    -    --      INPUT  G             0    0    0    0  RESET
   1      -     -    -    --      INPUT  G             0    0    0   19  WR


Code:

s = Synthesized pin or logic cell
+ = Synchronous flipflop
/ = Slow slew-rate output
! = NOT gate push-back
r = Fitter-inserted logic cell
@ = Uses single-pin Clock Enable
& = Uses single-pin Output Enable
G = Global Source. Fan-out destinations counted here do not include destinations
that are driven using global routing resources. Refer to the Auto Global Signals,
Clock Signals, Clear Signals, Synchronous Load Signals, and Synchronous Clear Signals
Sections of this Report File for information on which signals' fan-outs are used as
Clock, Clear, Preset, Output Enable, and synchronous Load signals.


Device-Specific Information:                d:\max\lab20\fifolifokesh\lifo.rpt
lifo

** OUTPUTS **

       Fed By Fed By                                Fan-In    Fan-Out
 Pin     LC     EC   Row  Col  Primitive    Code      INP  FBK  OUT  FBK  Name
  69      -     -    A    --     OUTPUT                0    1    0    0  EMPTY
  70      -     -    A    --     OUTPUT                0    1    0    0  FULL
  18      -     -    A    --     OUTPUT                0    1    0    0  Q0
  28      -     -    C    --     OUTPUT                0    1    0    0  Q1
  71      -     -    A    --     OUTPUT                0    1    0    0  Q2
  67      -     -    B    --     OUTPUT                0    1    0    0  Q3
  58      -     -    C    --     OUTPUT                0    1    0    0  Q4
  62      -     -    C    --     OUTPUT                0    1    0    0  Q5
  30      -     -    C    --     OUTPUT                0    1    0    0  Q6
  29      -     -    C    --     OUTPUT                0    1    0    0  Q7


Code:

s = Synthesized pin or logic cell
+ = Synchronous flipflop
/ = Slow slew-rate output
! = NOT gate push-back
r = Fitter-inserted logic cell
@ = Uses single-pin Clock Enable
& = Uses single-pin Output Enable


Device-Specific Information:                d:\max\lab20\fifolifokesh\lifo.rpt
lifo

** BURIED LOGIC **

                                                    Fan-In    Fan-Out
 IOC     LC     EC   Row  Col  Primitive    Code      INP  FBK  OUT  FBK  Name
   -      4     -    A    16      LCELL                1    2    0    1  |aa5_cut:37|:3
   -      5     -    A    16        OR2                1    3    1    0  |aa5_cut:37|Q (|aa5_cut:37|:4)
   -      6     -    A    16      LCELL                0    1    0    1  |aa5_cut:37|:5
   -      7     -    A    16      LCELL                0    1    0    1  |aa5_cut:37|:6
   -      1     -    A    16      LCELL                0    2    0    1  |aa5_cut:38|:3
   -      8     -    A    16       AND2                0    3    1    0  |aa5_cut:38|Q (|aa5_cut:38|:4)
   -      2     -    A    16      LCELL                0    1    0    1  |aa5_cut:38|:5
   -      3     -    A    16      LCELL                0    1    0    1  |aa5_cut:38|:6
   -      8     -    A    06       DFFE   +            0    1    1    0  |aa5_lbuffer:39|dff8:25|Q0 (|aa5_lbuffer:39|dff8:25|:1)
   -      3     -    C    09       DFFE   +            0    1    1    0  |aa5_lbuffer:39|dff8:25|Q1 (|aa5_lbuffer:39|dff8:25|:2)
   -      4     -    A    21       DFFE   +            0    1    1    0  |aa5_lbuffer:39|dff8:25|Q2 (|aa5_lbuffer:39|dff8:25|:3)
   -      1     -    B    13       DFFE   +            0    1    1    0  |aa5_lbuffer:39|dff8:25|Q3 (|aa5_lbuffer:39|dff8:25|:4)
   -      7     -    C    15       DFFE   +            0    1    1    0  |aa5_lbuffer:39|dff8:25|Q4 (|aa5_lbuffer:39|dff8:25|:5)
   -      1     -    C    20       DFFE   +            0    1    1    0  |aa5_lbuffer:39|dff8:25|Q5 (|aa5_lbuffer:39|dff8:25|:6)
   -      6     -    C    08       DFFE   +            0    1    1    0  |aa5_lbuffer:39|dff8:25|Q6 (|aa5_lbuffer:39|dff8:25|:7)
   -      8     -    C    02       DFFE   +            0    1    1    0  |aa5_lbuffer:39|dff8:25|Q7 (|aa5_lbuffer:39|dff8:25|:8)
   -      8     -    B    16        OR2        !       2    0    0    8  |aa5_lbuffer:39|dff8ds:32|rs:17|T (|aa5_lbuffer:39|dff8ds:32|rs:17|:7)
   -      7     -    B    11       DFFE                1    3    0    2  |aa5_lbuffer:39|dff8ds:32|QF0 (|aa5_lbuffer:39|dff8ds:32|:1)
   -      2     -    B    11       DFFE                1    3    0    2  |aa5_lbuffer:39|dff8ds:32|QF1 (|aa5_lbuffer:39|dff8ds:32|:2)
   -      7     -    B    21       DFFE                1    3    0    2  |aa5_lbuffer:39|dff8ds:32|QF2 (|aa5_lbuffer:39|dff8ds:32|:3)
   -      2     -    B    21       DFFE                1    3    0    2  |aa5_lbuffer:39|dff8ds:32|QF3 (|aa5_lbuffer:39|dff8ds:32|:4)
   -      5     -    B    17       DFFE                1    3    0    2  |aa5_lbuffer:39|dff8ds:32|QF4 (|aa5_lbuffer:39|dff8ds:32|:5)
   -      7     -    B    17       DFFE                1    3    0    2  |aa5_lbuffer:39|dff8ds:32|QF5 (|aa5_lbuffer:39|dff8ds:32|:6)
   -      7     -    B    01       DFFE                1    3    0    2  |aa5_lbuffer:39|dff8ds:32|QF6 (|aa5_lbuffer:39|dff8ds:32|:7)
   -      3     -    B    01       DFFE                1    3    0    2  |aa5_lbuffer:39|dff8ds:32|QF7 (|aa5_lbuffer:39|dff8ds:32|:8)
   -      1     -    B    11      LCELL                0    1    0    1  |aa5_lbuffer:39|dff8ds:32|QB0 (|aa5_lbuffer:39|dff8ds:32|:26)
   -      1     -    C    09      LCELL                0    1    0    1  |aa5_lbuffer:39|dff8ds:32|QB1 (|aa5_lbuffer:39|dff8ds:32|:35)
   -      1     -    B    21      LCELL                0    1    0    1  |aa5_lbuffer:39|dff8ds:32|QB2 (|aa5_lbuffer:39|dff8ds:32|:36)
   -      2     -    B    13      LCELL                0    1    0    1  |aa5_lbuffer:39|dff8ds:32|QB3 (|aa5_lbuffer:39|dff8ds:32|:37)
   -      1     -    C    02      LCELL                0    1    0    1  |aa5_lbuffer:39|dff8ds:32|QB7 (|aa5_lbuffer:39|dff8ds:32|:38)
   -      2     -    B    01      LCELL                0    1    0    1  |aa5_lbuffer:39|dff8ds:32|QB6 (|aa5_lbuffer:39|dff8ds:32|:39)
   -      1     -    B    17      LCELL                0    1    0    1  |aa5_lbuffer:39|dff8ds:32|QB5 (|aa5_lbuffer:39|dff8ds:32|:40)
   -      8     -    B    17      LCELL                0    1    0    1  |aa5_lbuffer:39|dff8ds:32|QB4 (|aa5_lbuffer:39|dff8ds:32|:41)
   -      1     -    B    18      LCELL                2    0    0    1  |aa5_lbuffer:39|dff8ds:32|:42
   -      4     -    B    18      LCELL                0    1    0    8  |aa5_lbuffer:39|dff8ds:32|:43
   -      8     -    B    20        OR2        !       2    0    0    8  |aa5_lbuffer:39|dff8ds:33|rs:17|T (|aa5_lbuffer:39|dff8ds:33|rs:17|:7)
   -      4     -    B    11       DFFE                0    4    0    2  |aa5_lbuffer:39|dff8ds:33|QF0 (|aa5_lbuffer:39|dff8ds:33|:1)
   -      3     -    B    11       DFFE                0    4    0    2  |aa5_lbuffer:39|dff8ds:33|QF1 (|aa5_lbuffer:39|dff8ds:33|:2)
   -      4     -    B    21       DFFE                0    4    0    2  |aa5_lbuffer:39|dff8ds:33|QF2 (|aa5_lbuffer:39|dff8ds:33|:3)
   -      3     -    B    21       DFFE                0    4    0    2  |aa5_lbuffer:39|dff8ds:33|QF3 (|aa5_lbuffer:39|dff8ds:33|:4)
   -      2     -    B    17       DFFE                0    4    0    2  |aa5_lbuffer:39|dff8ds:33|QF4 (|aa5_lbuffer:39|dff8ds:33|:5)
   -      3     -    B    17       DFFE                0    4    0    2  |aa5_lbuffer:39|dff8ds:33|QF5 (|aa5_lbuffer:39|dff8ds:33|:6)
   -      5     -    B    01       DFFE                0    4    0    2  |aa5_lbuffer:39|dff8ds:33|QF6 (|aa5_lbuffer:39|dff8ds:33|:7)
   -      4     -    B    01       DFFE                0    4    0    2  |aa5_lbuffer:39|dff8ds:33|QF7 (|aa5_lbuffer:39|dff8ds:33|:8)
   -      6     -    B    11      LCELL                0    1    0    1  |aa5_lbuffer:39|dff8ds:33|QB0 (|aa5_lbuffer:39|dff8ds:33|:26)
   -      8     -    B    11      LCELL                0    1    0    1  |aa5_lbuffer:39|dff8ds:33|QB1 (|aa5_lbuffer:39|dff8ds:33|:35)
   -      6     -    B    21      LCELL                0    1    0    1  |aa5_lbuffer:39|dff8ds:33|QB2 (|aa5_lbuffer:39|dff8ds:33|:36)
   -      8     -    B    21      LCELL                0    1    0    1  |aa5_lbuffer:39|dff8ds:33|QB3 (|aa5_lbuffer:39|dff8ds:33|:37)
   -      8     -    B    01      LCELL                0    1    0    1  |aa5_lbuffer:39|dff8ds:33|QB7 (|aa5_lbuffer:39|dff8ds:33|:38)
   -      6     -    B    01      LCELL                0    1    0    1  |aa5_lbuffer:39|dff8ds:33|QB6 (|aa5_lbuffer:39|dff8ds:33|:39)
   -      6     -    B    17      LCELL                0    1    0    1  |aa5_lbuffer:39|dff8ds:33|QB5 (|aa5_lbuffer:39|dff8ds:33|:40)
   -      4     -    B    17      LCELL                0    1    0    1  |aa5_lbuffer:39|dff8ds:33|QB4 (|aa5_lbuffer:39|dff8ds:33|:41)
   -      1     -    B    22      LCELL                2    0    0    1  |aa5_lbuffer:39|dff8ds:33|:42
   -      8     -    B    22      LCELL                0    1    0    8  |aa5_lbuffer:39|dff8ds:33|:43
   -      2     -    B    05        OR2        !       2    0    0    8  |aa5_lbuffer:39|dff8ds:34|rs:17|T (|aa5_lbuffer:39|dff8ds:34|rs:17|:7)
   -      4     -    B    05       DFFE                0    4    0    2  |aa5_lbuffer:39|dff8ds:34|QF0 (|aa5_lbuffer:39|dff8ds:34|:1)
   -      8     -    B    12       DFFE                0    4    0    2  |aa5_lbuffer:39|dff8ds:34|QF1 (|aa5_lbuffer:39|dff8ds:34|:2)
   -      1     -    B    05       DFFE                0    4    0    2  |aa5_lbuffer:39|dff8ds:34|QF2 (|aa5_lbuffer:39|dff8ds:34|:3)
   -      6     -    B    24       DFFE                0    4    0    2  |aa5_lbuffer:39|dff8ds:34|QF3 (|aa5_lbuffer:39|dff8ds:34|:4)
   -      4     -    B    19       DFFE                0    4    0    2  |aa5_lbuffer:39|dff8ds:34|QF4 (|aa5_lbuffer:39|dff8ds:34|:5)
   -      8     -    B    24       DFFE                0    4    0    2  |aa5_lbuffer:39|dff8ds:34|QF5 (|aa5_lbuffer:39|dff8ds:34|:6)
   -      6     -    B    02       DFFE                0    4    0    2  |aa5_lbuffer:39|dff8ds:34|QF6 (|aa5_lbuffer:39|dff8ds:34|:7)
   -      8     -    B    02       DFFE                0    4    0    2  |aa5_lbuffer:39|dff8ds:34|QF7 (|aa5_lbuffer:39|dff8ds:34|:8)
   -      5     -    B    11      LCELL                0    1    0    1  |aa5_lbuffer:39|dff8ds:34|QB0 (|aa5_lbuffer:39|dff8ds:34|:26)
   -      4     -    B    12      LCELL                0    1    0    1  |aa5_lbuffer:39|dff8ds:34|QB1 (|aa5_lbuffer:39|dff8ds:34|:35)
   -      5     -    B    21      LCELL                0    1    0    1  |aa5_lbuffer:39|dff8ds:34|QB2 (|aa5_lbuffer:39|dff8ds:34|:36)
   -      3     -    B    24      LCELL                0    1    0    1  |aa5_lbuffer:39|dff8ds:34|QB3 (|aa5_lbuffer:39|dff8ds:34|:37)
   -      2     -    B    02      LCELL                0    1    0    1  |aa5_lbuffer:39|dff8ds:34|QB7 (|aa5_lbuffer:39|dff8ds:34|:38)
   -      1     -    B    01      LCELL                0    1    0    1  |aa5_lbuffer:39|dff8ds:34|QB6 (|aa5_lbuffer:39|dff8ds:34|:39)
   -      2     -    B    24      LCELL                0    1    0    1  |aa5_lbuffer:39|dff8ds:34|QB5 (|aa5_lbuffer:39|dff8ds:34|:40)
   -      2     -    B    19      LCELL                0    1    0    1  |aa5_lbuffer:39|dff8ds:34|QB4 (|aa5_lbuffer:39|dff8ds:34|:41)
   -      5     -    B    05      LCELL                2    0    0    1  |aa5_lbuffer:39|dff8ds:34|:42
   -      3     -    B    05      LCELL                0    1    0    8  |aa5_lbuffer:39|dff8ds:34|:43
   -      3     -    B    02        OR2        !       2    0    0    8  |aa5_lbuffer:39|dff8ds:35|rs:17|T (|aa5_lbuffer:39|dff8ds:35|rs:17|:7)
   -      1     -    B    12       DFFE                0    4    0    2  |aa5_lbuffer:39|dff8ds:35|QF0 (|aa5_lbuffer:39|dff8ds:35|:1)
   -      2     -    B    12       DFFE                0    4    0    2  |aa5_lbuffer:39|dff8ds:35|QF1 (|aa5_lbuffer:39|dff8ds:35|:2)
   -      3     -    B    12       DFFE                0    4    0    2  |aa5_lbuffer:39|dff8ds:35|QF2 (|aa5_lbuffer:39|dff8ds:35|:3)
   -      4     -    B    24       DFFE                0    4    0    2  |aa5_lbuffer:39|dff8ds:35|QF3 (|aa5_lbuffer:39|dff8ds:35|:4)
   -      1     -    B    19       DFFE                0    4    0    2  |aa5_lbuffer:39|dff8ds:35|QF4 (|aa5_lbuffer:39|dff8ds:35|:5)
   -      1     -    B    24       DFFE                0    4    0    2  |aa5_lbuffer:39|dff8ds:35|QF5 (|aa5_lbuffer:39|dff8ds:35|:6)
   -      1     -    B    02       DFFE                0    4    0    2  |aa5_lbuffer:39|dff8ds:35|QF6 (|aa5_lbuffer:39|dff8ds:35|:7)
   -      5     -    B    02       DFFE                0    4    0    2  |aa5_lbuffer:39|dff8ds:35|QF7 (|aa5_lbuffer:39|dff8ds:35|:8)
   -      6     -    B    05      LCELL                0    1    0    1  |aa5_lbuffer:39|dff8ds:35|QB0 (|aa5_lbuffer:39|dff8ds:35|:26)
   -      7     -    B    12      LCELL                0    1    0    1  |aa5_lbuffer:39|dff8ds:35|QB1 (|aa5_lbuffer:39|dff8ds:35|:35)
   -      7     -    B    05      LCELL                0    1    0    1  |aa5_lbuffer:39|dff8ds:35|QB2 (|aa5_lbuffer:39|dff8ds:35|:36)
   -      5     -    B    24      LCELL                0    1    0    1  |aa5_lbuffer:39|dff8ds:35|QB3 (|aa5_lbuffer:39|dff8ds:35|:37)
   -      7     -    B    02      LCELL                0    1    0    1  |aa5_lbuffer:39|dff8ds:35|QB7 (|aa5_lbuffer:39|dff8ds:35|:38)
   -      4     -    B    02      LCELL                0    1    0    1  |aa5_lbuffer:39|dff8ds:35|QB6 (|aa5_lbuffer:39|dff8ds:35|:39)
   -      7     -    B    24      LCELL                0    1    0    1  |aa5_lbuffer:39|dff8ds:35|QB5 (|aa5_lbuffer:39|dff8ds:35|:40)
   -      3     -    B    19      LCELL                0    1    0    1  |aa5_lbuffer:39|dff8ds:35|QB4 (|aa5_lbuffer:39|dff8ds:35|:41)
   -      1     -    A    02      LCELL                2    0    0    1  |aa5_lbuffer:39|dff8ds:35|:42
   -      2     -    A    02      LCELL                0    1    0    8  |aa5_lbuffer:39|dff8ds:35|:43
   -      4     -    B    04        OR2        !       2    0    0    8  |aa5_lbuffer:39|dff8ds:36|rs:17|T (|aa5_lbuffer:39|dff8ds:36|rs:17|:7)
   -      1     -    B    07       DFFE                0    3    0    1  |aa5_lbuffer:39|dff8ds:36|QF0 (|aa5_lbuffer:39|dff8ds:36|:1)
   -      2     -    B    07       DFFE                0    3    0    1  |aa5_lbuffer:39|dff8ds:36|QF1 (|aa5_lbuffer:39|dff8ds:36|:2)
   -      3     -    B    03       DFFE                0    3    0    1  |aa5_lbuffer:39|dff8ds:36|QF2 (|aa5_lbuffer:39|dff8ds:36|:3)
   -      1     -    B    09       DFFE                0    3    0    1  |aa5_lbuffer:39|dff8ds:36|QF3 (|aa5_lbuffer:39|dff8ds:36|:4)
   -      4     -    B    03       DFFE                0    3    0    1  |aa5_lbuffer:39|dff8ds:36|QF4 (|aa5_lbuffer:39|dff8ds:36|:5)
   -      2     -    B    09       DFFE                0    3    0    1  |aa5_lbuffer:39|dff8ds:36|QF5 (|aa5_lbuffer:39|dff8ds:36|:6)
   -      1     -    B    04       DFFE                0    3    0    1  |aa5_lbuffer:39|dff8ds:36|QF6 (|aa5_lbuffer:39|dff8ds:36|:7)
   -      2     -    B    04       DFFE                0    3    0    1  |aa5_lbuffer:39|dff8ds:36|QF7 (|aa5_lbuffer:39|dff8ds:36|:8)
   -      4     -    B    07      LCELL                0    1    0    1  |aa5_lbuffer:39|dff8ds:36|QB0 (|aa5_lbuffer:39|dff8ds:36|:26)
   -      6     -    B    07      LCELL                0    1    0    1  |aa5_lbuffer:39|dff8ds:36|QB1 (|aa5_lbuffer:39|dff8ds:36|:35)
   -      5     -    B    03      LCELL                0    1    0    1  |aa5_lbuffer:39|dff8ds:36|QB2 (|aa5_lbuffer:39|dff8ds:36|:36)
   -      3     -    B    09      LCELL                0    1    0    1  |aa5_lbuffer:39|dff8ds:36|QB3 (|aa5_lbuffer:39|dff8ds:36|:37)
   -      7     -    B    04      LCELL                0    1    0    1  |aa5_lbuffer:39|dff8ds:36|QB7 (|aa5_lbuffer:39|dff8ds:36|:38)
   -      5     -    B    04      LCELL                0    1    0    1  |aa5_lbuffer:39|dff8ds:36|QB6 (|aa5_lbuffer:39|dff8ds:36|:39)
   -      6     -    B    09      LCELL                0    1    0    1  |aa5_lbuffer:39|dff8ds:36|QB5 (|aa5_lbuffer:39|dff8ds:36|:40)
   -      7     -    B    03      LCELL                0    1    0    1  |aa5_lbuffer:39|dff8ds:36|QB4 (|aa5_lbuffer:39|dff8ds:36|:41)
   -      1     -    C    07      LCELL                2    0    0    1  |aa5_lbuffer:39|dff8ds:36|:42
   -      6     -    C    07      LCELL                0    1    0    8  |aa5_lbuffer:39|dff8ds:36|:43
   -      4     -    C    01        OR2        !       2    0    0    8  |aa5_lbuffer:39|dff8ds:37|rs:17|T (|aa5_lbuffer:39|dff8ds:37|rs:17|:7)
   -      5     -    B    07       DFFE                0    4    0    2  |aa5_lbuffer:39|dff8ds:37|QF0 (|aa5_lbuffer:39|dff8ds:37|:1)
   -      7     -    B    07       DFFE                0    4    0    2  |aa5_lbuffer:39|dff8ds:37|QF1 (|aa5_lbuffer:39|dff8ds:37|:2)
   -      6     -    B    03       DFFE                0    4    0    2  |aa5_lbuffer:39|dff8ds:37|QF2 (|aa5_lbuffer:39|dff8ds:37|:3)
   -      4     -    B    09       DFFE                0    4    0    2  |aa5_lbuffer:39|dff8ds:37|QF3 (|aa5_lbuffer:39|dff8ds:37|:4)
   -      8     -    B    03       DFFE                0    4    0    2  |aa5_lbuffer:39|dff8ds:37|QF4 (|aa5_lbuffer:39|dff8ds:37|:5)
   -      7     -    B    09       DFFE                0    4    0    2  |aa5_lbuffer:39|dff8ds:37|QF5 (|aa5_lbuffer:39|dff8ds:37|:6)
   -      6     -    B    04       DFFE                0    4    0    2  |aa5_lbuffer:39|dff8ds:37|QF6 (|aa5_lbuffer:39|dff8ds:37|:7)
   -      3     -    B    04       DFFE                0    4    0    2  |aa5_lbuffer:39|dff8ds:37|QF7 (|aa5_lbuffer:39|dff8ds:37|:8)
   -      3     -    B    07      LCELL                0    1    0    1  |aa5_lbuffer:39|dff8ds:37|QB0 (|aa5_lbuffer:39|dff8ds:37|:26)
   -      8     -    B    07      LCELL                0    1    0    1  |aa5_lbuffer:39|dff8ds:37|QB1 (|aa5_lbuffer:39|dff8ds:37|:35)
   -      1     -    B    03      LCELL                0    1    0    1  |aa5_lbuffer:39|dff8ds:37|QB2 (|aa5_lbuffer:39|dff8ds:37|:36)
   -      5     -    B    09      LCELL                0    1    0    1  |aa5_lbuffer:39|dff8ds:37|QB3 (|aa5_lbuffer:39|dff8ds:37|:37)
   -      4     -    B    06      LCELL                0    1    0    1  |aa5_lbuffer:39|dff8ds:37|QB7 (|aa5_lbuffer:39|dff8ds:37|:38)
   -      8     -    B    04      LCELL                0    1    0    1  |aa5_lbuffer:39|dff8ds:37|QB6 (|aa5_lbuffer:39|dff8ds:37|:39)
   -      8     -    B    09      LCELL                0    1    0    1  |aa5_lbuffer:39|dff8ds:37|QB5 (|aa5_lbuffer:39|dff8ds:37|:40)
   -      2     -    B    03      LCELL                0    1    0    1  |aa5_lbuffer:39|dff8ds:37|QB4 (|aa5_lbuffer:39|dff8ds:37|:41)
   -      2     -    C    10      LCELL                2    0    0    1  |aa5_lbuffer:39|dff8ds:37|:42
   -      1     -    C    10      LCELL                0    1    0    8  |aa5_lbuffer:39|dff8ds:37|:43
   -      2     -    B    08        OR2        !       2    0    0    8  |aa5_lbuffer:39|dff8ds:38|rs:17|T (|aa5_lbuffer:39|dff8ds:38|rs:17|:7)
   -      3     -    B    08       DFFE                0    4    0    2  |aa5_lbuffer:39|dff8ds:38|QF0 (|aa5_lbuffer:39|dff8ds:38|:1)
   -      2     -    B    10       DFFE                0    4    0    2  |aa5_lbuffer:39|dff8ds:38|QF1 (|aa5_lbuffer:39|dff8ds:38|:2)
   -      6     -    B    06       DFFE                0    4    0    2  |aa5_lbuffer:39|dff8ds:38|QF2 (|aa5_lbuffer:39|dff8ds:38|:3)
   -      2     -    B    23       DFFE                0    4    0    2  |aa5_lbuffer:39|dff8ds:38|QF3 (|aa5_lbuffer:39|dff8ds:38|:4)
   -      6     -    B    23       DFFE                0    4    0    2  |aa5_lbuffer:39|dff8ds:38|QF4 (|aa5_lbuffer:39|dff8ds:38|:5)
   -      5     -    B    08       DFFE                0    4    0    2  |aa5_lbuffer:39|dff8ds:38|QF5 (|aa5_lbuffer:39|dff8ds:38|:6)
   -      4     -    B    10       DFFE                0    4    0    2  |aa5_lbuffer:39|dff8ds:38|QF6 (|aa5_lbuffer:39|dff8ds:38|:7)
   -      3     -    B    06       DFFE                0    4    0    2  |aa5_lbuffer:39|dff8ds:38|QF7 (|aa5_lbuffer:39|dff8ds:38|:8)
   -      6     -    B    08      LCELL                0    1    0    1  |aa5_lbuffer:39|dff8ds:38|QB0 (|aa5_lbuffer:39|dff8ds:38|:26)
   -      5     -    B    10      LCELL                0    1    0    1  |aa5_lbuffer:39|dff8ds:38|QB1 (|aa5_lbuffer:39|dff8ds:38|:35)
   -      5     -    B    06      LCELL                0    1    0    1  |aa5_lbuffer:39|dff8ds:38|QB2 (|aa5_lbuffer:39|dff8ds:38|:36)
   -      4     -    B    23      LCELL                0    1    0    1  |aa5_lbuffer:39|dff8ds:38|QB3 (|aa5_lbuffer:39|dff8ds:38|:37)
   -      7     -    B    06      LCELL                0    1    0    1  |aa5_lbuffer:39|dff8ds:38|QB7 (|aa5_lbuffer:39|dff8ds:38|:38)
   -      7     -    B    10      LCELL                0    1    0    1  |aa5_lbuffer:39|dff8ds:38|QB6 (|aa5_lbuffer:39|dff8ds:38|:39)
   -      7     -    B    08      LCELL                0    1    0    1  |aa5_lbuffer:39|dff8ds:38|QB5 (|aa5_lbuffer:39|dff8ds:38|:40)
   -      7     -    B    23      LCELL                0    1    0    1  |aa5_lbuffer:39|dff8ds:38|QB4 (|aa5_lbuffer:39|dff8ds:38|:41)
   -      2     -    B    14      LCELL                2    0    0    1  |aa5_lbuffer:39|dff8ds:38|:42
   -      1     -    B    14      LCELL                0    1    0    8  |aa5_lbuffer:39|dff8ds:38|:43
   -      1     -    C    03        OR2        !       2    0    0    8  |aa5_lbuffer:39|dff8ds:39|rs:17|T (|aa5_lbuffer:39|dff8ds:39|rs:17|:7)
   -      1     -    B    08       DFFE                0    4    0    2  |aa5_lbuffer:39|dff8ds:39|QF0 (|aa5_lbuffer:39|dff8ds:39|:1)
   -      6     -    B    10       DFFE                0    4    0    2  |aa5_lbuffer:39|dff8ds:39|QF1 (|aa5_lbuffer:39|dff8ds:39|:2)
   -      1     -    B    06       DFFE                0    4    0    2  |aa5_lbuffer:39|dff8ds:39|QF2 (|aa5_lbuffer:39|dff8ds:39|:3)
   -      5     -    B    23       DFFE                0    4    0    2  |aa5_lbuffer:39|dff8ds:39|QF3 (|aa5_lbuffer:39|dff8ds:39|:4)
   -      8     -    B    23       DFFE                0    4    0    2  |aa5_lbuffer:39|dff8ds:39|QF4 (|aa5_lbuffer:39|dff8ds:39|:5)
   -      8     -    B    08       DFFE                0    4    0    2  |aa5_lbuffer:39|dff8ds:39|QF5 (|aa5_lbuffer:39|dff8ds:39|:6)
   -      8     -    B    10       DFFE                0    4    0    2  |aa5_lbuffer:39|dff8ds:39|QF6 (|aa5_lbuffer:39|dff8ds:39|:7)
   -      8     -    B    06       DFFE                0    4    0    2  |aa5_lbuffer:39|dff8ds:39|QF7 (|aa5_lbuffer:39|dff8ds:39|:8)
   -      5     -    B    12      LCELL                0    1    0    1  |aa5_lbuffer:39|dff8ds:39|QB0 (|aa5_lbuffer:39|dff8ds:39|:26)
   -      3     -    B    10      LCELL                0    1    0    1  |aa5_lbuffer:39|dff8ds:39|QB1 (|aa5_lbuffer:39|dff8ds:39|:35)
   -      6     -    B    12      LCELL                0    1    0    1  |aa5_lbuffer:39|dff8ds:39|QB2 (|aa5_lbuffer:39|dff8ds:39|:36)
   -      1     -    B    23      LCELL                0    1    0    1  |aa5_lbuffer:39|dff8ds:39|QB3 (|aa5_lbuffer:39|dff8ds:39|:37)
   -      2     -    B    06      LCELL                0    1    0    1  |aa5_lbuffer:39|dff8ds:39|QB7 (|aa5_lbuffer:39|dff8ds:39|:38)
   -      1     -    B    10      LCELL                0    1    0    1  |aa5_lbuffer:39|dff8ds:39|QB6 (|aa5_lbuffer:39|dff8ds:39|:39)
   -      4     -    B    08      LCELL                0    1    0    1  |aa5_lbuffer:39|dff8ds:39|QB5 (|aa5_lbuffer:39|dff8ds:39|:40)
   -      3     -    B    23      LCELL                0    1    0    1  |aa5_lbuffer:39|dff8ds:39|QB4 (|aa5_lbuffer:39|dff8ds:39|:41)
   -      1     -    B    15      LCELL                2    0    0    1  |aa5_lbuffer:39|dff8ds:39|:42
   -      2     -    B    15      LCELL                0    1    0    8  |aa5_lbuffer:39|dff8ds:39|:43
   -      2     -    A    20       DFFE                0    1    0    2  |aa5counter:31|CNTR2 (|aa5counter:31|:12)
   -      2     -    A    18       DFFE                0    1    0    2  |aa5counter:31|CNTR1 (|aa5counter:31|:13)
   -      3     -    A    18       DFFE   +            0    0    0    2  |aa5counter:31|CNTR0 (|aa5counter:31|:14)
   -      3     -    A    20       DFFE                0    1    0    2  |aa5counter:32|CNTR2 (|aa5counter:32|:12)
   -      1     -    A    19       DFFE                0    1    0    2  |aa5counter:32|CNTR1 (|aa5counter:32|:13)
   -      2     -    A    19       DFFE   +            0    0    0    2  |aa5counter:32|CNTR0 (|aa5counter:32|:14)
   -      1     -    A    18        OR2    s           0    4    0    2  |comp3ex:30|~13~1
   -      1     -    A    20        OR2                0    4    0    4  |comp3ex:30|AEB (|comp3ex:30|:14)
   -      4     -    A    20      LCELL                0    3    0    1  |comp3ex:30|:20
   -      5     -    A    20      LCELL                0    1    0    1  |comp3ex:30|:21
   -      6     -    A    20      LCELL                0    1    0    1  |comp3ex:30|:22
   -      7     -    A    20      LCELL                0    1    0    1  |comp3ex:30|:23
   -      1     -    A    24        OR2        !       2    0    0    4  |rs:18|Ti (|rs:18|:9)


Code:

s = Synthesized pin or logic cell
+ = Synchronous flipflop
/ = Slow slew-rate output
! = NOT gate push-back
r = Fitter-inserted logic cell
p = Packed register


Device-Specific Information:                d:\max\lab20\fifolifokesh\lifo.rpt
lifo

** FASTTRACK INTERCONNECT UTILIZATION **

Row FastTrack Interconnect:

          Global         Left Half-      Right Half-
         FastTrack       FastTrack       FastTrack 
Row     Interconnect    Interconnect    Interconnect    Input Pins     Output Pins     Bidir Pins
A:       1/ 96(  1%)     2/ 48(  4%)     9/ 48( 18%)    0/16(  0%)      4/16( 25%)     0/16(  0%)
B:      41/ 96( 42%)    22/ 48( 45%)     9/ 48( 18%)    5/16( 31%)      1/16(  6%)     0/16(  0%)
C:       0/ 96(  0%)     6/ 48( 12%)     4/ 48(  8%)    0/16(  0%)      5/16( 31%)     0/16(  0%)


Column FastTrack Interconnect:

         FastTrack                                 
Column  Interconnect    Input Pins     Output Pins     Bidir Pins
01:      4/24( 16%)     0/4(  0%)      0/4(  0%)       0/4(  0%)
02:      0/24(  0%)     0/4(  0%)      0/4(  0%)       0/4(  0%)
03:      1/24(  4%)     0/4(  0%)      0/4(  0%)       0/4(  0%)
04:      0/24(  0%)     0/4(  0%)      0/4(  0%)       0/4(  0%)
05:      0/24(  0%)     0/4(  0%)      0/4(  0%)       0/4(  0%)
06:      0/24(  0%)     0/4(  0%)      0/4(  0%)       0/4(  0%)
07:      1/24(  4%)     0/4(  0%)      0/4(  0%)       0/4(  0%)
08:      1/24(  4%)     0/4(  0%)      0/4(  0%)       0/4(  0%)
09:      0/24(  0%)     0/4(  0%)      0/4(  0%)       0/4(  0%)
10:      1/24(  4%)     0/4(  0%)      0/4(  0%)       0/4(  0%)
11:      2/24(  8%)     0/4(  0%)      0/4(  0%)       0/4(  0%)
12:      0/24(  0%)     0/4(  0%)      0/4(  0%)       0/4(  0%)
13:      0/24(  0%)     0/4(  0%)      0/4(  0%)       0/4(  0%)
14:      0/24(  0%)     0/4(  0%)      0/4(  0%)       0/4(  0%)
15:      0/24(  0%)     0/4(  0%)      0/4(  0%)       0/4(  0%)
16:      0/24(  0%)     0/4(  0%)      0/4(  0%)       0/4(  0%)
17:      2/24(  8%)     0/4(  0%)      0/4(  0%)       0/4(  0%)
18:      0/24(  0%)     0/4(  0%)      0/4(  0%)       0/4(  0%)
19:      0/24(  0%)     0/4(  0%)      0/4(  0%)       0/4(  0%)
20:      0/24(  0%)     0/4(  0%)      0/4(  0%)       0/4(  0%)
21:      1/24(  4%)     0/4(  0%)      0/4(  0%)       0/4(  0%)
22:      0/24(  0%)     0/4(  0%)      0/4(  0%)       0/4(  0%)
23:      0/24(  0%)     0/4(  0%)      0/4(  0%)       0/4(  0%)
24:      0/24(  0%)     0/4(  0%)      0/4(  0%)       0/4(  0%)
EA:      0/24(  0%)     0/4(  0%)      0/4(  0%)       0/4(  0%)


Device-Specific Information:                d:\max\lab20\fifolifokesh\lifo.rpt
lifo

** CLOCK SIGNALS **

Type     Fan-out       Name
INPUT       26         RD
INPUT       20         WR
LCELL        8         |aa5_lbuffer:39|dff8ds:39|:43
LCELL        8         |aa5_lbuffer:39|dff8ds:38|:43
LCELL        8         |aa5_lbuffer:39|dff8ds:37|:43
LCELL        8         |aa5_lbuffer:39|dff8ds:36|:43
LCELL        8         |aa5_lbuffer:39|dff8ds:35|:43
LCELL        8         |aa5_lbuffer:39|dff8ds:34|:43
LCELL        8         |aa5_lbuffer:39|dff8ds:33|:43
LCELL        8         |aa5_lbuffer:39|dff8ds:32|:43
DFF          3         |aa5counter:31|CNTR1
DFF          3         |aa5counter:31|CNTR0
DFF          3         |aa5counter:32|CNTR1
DFF          3         |aa5counter:32|CNTR0


Device-Specific Information:                d:\max\lab20\fifolifokesh\lifo.rpt
lifo

** CLEAR SIGNALS **

Type     Fan-out       Name
INPUT        6         RESET


Device-Specific Information:                d:\max\lab20\fifolifokesh\lifo.rpt
lifo

** EQUATIONS **

DATA0    : INPUT;
DATA1    : INPUT;
DATA2    : INPUT;
DATA3    : INPUT;
DATA4    : INPUT;
DATA5    : INPUT;
DATA6    : INPUT;
DATA7    : INPUT;
RD       : INPUT;
RESET    : INPUT;
WR       : INPUT;

-- Node name is 'EMPTY' 
-- Equation name is 'EMPTY', type is output 
EMPTY    =  _LC8_A16;

-- Node name is 'FULL' 
-- Equation name is 'FULL', type is output 
FULL     =  _LC5_A16;

-- Node name is 'Q0' 
-- Equation name is 'Q0', type is output 
Q0       =  _LC8_A6;

-- Node name is 'Q1' 
-- Equation name is 'Q1', type is output 
Q1       =  _LC3_C9;

-- Node name is 'Q2' 
-- Equation name is 'Q2', type is output 
Q2       =  _LC4_A21;

-- Node name is 'Q3' 
-- Equation name is 'Q3', type is output 
Q3       =  _LC1_B13;

-- Node name is 'Q4' 
-- Equation name is 'Q4', type is output 
Q4       =  _LC7_C15;

-- Node name is 'Q5' 
-- Equation name is 'Q5', type is output 
Q5       =  _LC1_C20;

-- Node name is 'Q6' 
-- Equation name is 'Q6', type is output 
Q6       =  _LC6_C8;

-- Node name is 'Q7' 
-- Equation name is 'Q7', type is output 
Q7       =  _LC8_C2;

-- Node name is '|aa5_cut:37|:4' = '|aa5_cut:37|Q' 
-- Equation name is '_LC5_A16', type is buried 
_LC5_A16 = LCELL( _EQ001);
  _EQ001 =  _LC1_A20 & !_LC1_A24 &  _LC7_A16
         #  _LC1_A20 &  _LC7_A16 &  WR;

-- Node name is '|aa5_cut:37|:3' 
-- Equation name is '_LC4_A16', type is buried 
_LC4_A16 = LCELL( _EQ002);
  _EQ002 =  _LC1_A20 & !_LC1_A24
         #  _LC1_A20 &  WR;

-- Node name is '|aa5_cut:37|:5' 
-- Equation name is '_LC6_A16', type is buried 
_LC6_A16 = LCELL( _LC4_A16);

-- Node name is '|aa5_cut:37|:6' 
-- Equation name is '_LC7_A16', type is buried 
_LC7_A16 = LCELL( _LC6_A16);

-- Node name is '|aa5_cut:38|:4' = '|aa5_cut:38|Q' 
-- Equation name is '_LC8_A16', type is buried 
_LC8_A16 = LCELL( _EQ003);
  _EQ003 =  _LC1_A20 &  _LC1_A24 &  _LC3_A16;

-- Node name is '|aa5_cut:38|:3' 
-- Equation name is '_LC1_A16', type is buried 
_LC1_A16 = LCELL( _EQ004);
  _EQ004 =  _LC1_A20 &  _LC1_A24;

-- Node name is '|aa5_cut:38|:5' 
-- Equation name is '_LC2_A16', type is buried 
_LC2_A16 = LCELL( _LC1_A16);

-- Node name is '|aa5_cut:38|:6' 
-- Equation name is '_LC3_A16', type is buried 
_LC3_A16 = LCELL( _LC2_A16);

-- Node name is '|aa5_lbuffer:39|dff8:25|:1' = '|aa5_lbuffer:39|dff8:25|Q0' 
-- Equation name is '_LC8_A6', type is buried 
_LC8_A6  = DFFE( _LC1_B11, GLOBAL( RD),  VCC,  VCC,  VCC);

-- Node name is '|aa5_lbuffer:39|dff8:25|:2' = '|aa5_lbuffer:39|dff8:25|Q1' 
-- Equation name is '_LC3_C9', type is buried 
_LC3_C9  = DFFE( _LC1_C9, GLOBAL( RD),  VCC,  VCC,  VCC);

-- Node name is '|aa5_lbuffer:39|dff8:25|:3' = '|aa5_lbuffer:39|dff8:25|Q2' 
-- Equation name is '_LC4_A21', type is buried 
_LC4_A21 = DFFE( _LC1_B21, GLOBAL( RD),  VCC,  VCC,  VCC);

-- Node name is '|aa5_lbuffer:39|dff8:25|:4' = '|aa5_lbuffer:39|dff8:25|Q3' 
-- Equation name is '_LC1_B13', type is buried 
_LC1_B13 = DFFE( _LC2_B13, GLOBAL( RD),  VCC,  VCC,  VCC);

-- Node name is '|aa5_lbuffer:39|dff8:25|:5' = '|aa5_lbuffer:39|dff8:25|Q4' 
-- Equation name is '_LC7_C15', type is buried 
_LC7_C15 = DFFE( _LC8_B17, GLOBAL( RD),  VCC,  VCC,  VCC);

-- Node name is '|aa5_lbuffer:39|dff8:25|:6' = '|aa5_lbuffer:39|dff8:25|Q5' 
-- Equation name is '_LC1_C20', type is buried 
_LC1_C20 = DFFE( _LC1_B17, GLOBAL( RD),  VCC,  VCC,  VCC);

-- Node name is '|aa5_lbuffer:39|dff8:25|:7' = '|aa5_lbuffer:39|dff8:25|Q6' 
-- Equation name is '_LC6_C8', type is buried 
_LC6_C8  = DFFE( _LC2_B1, GLOBAL( RD),  VCC,  VCC,  VCC);

-- Node name is '|aa5_lbuffer:39|dff8:25|:8' = '|aa5_lbuffer:39|dff8:25|Q7' 
-- Equation name is '_LC8_C2', type is buried 
_LC8_C2  = DFFE( _LC1_C2, GLOBAL( RD),  VCC,  VCC,  VCC);

-- Node name is '|aa5_lbuffer:39|dff8ds:32|:26' = '|aa5_lbuffer:39|dff8ds:32|QB0' 
-- Equation name is '_LC1_B11', type is buried 
_LC1_B11 = LCELL( _LC7_B11);

-- Node name is '|aa5_lbuffer:39|dff8ds:32|:35' = '|aa5_lbuffer:39|dff8ds:32|QB1' 
-- Equation name is '_LC1_C9', type is buried 
_LC1_C9  = LCELL( _LC2_B11);

-- Node name is '|aa5_lbuffer:39|dff8ds:32|:36' = '|aa5_lbuffer:39|dff8ds:32|QB2' 
-- Equation name is '_LC1_B21', type is buried 
_LC1_B21 = LCELL( _LC7_B21);

-- Node name is '|aa5_lbuffer:39|dff8ds:32|:37' = '|aa5_lbuffer:39|dff8ds:32|QB3' 
-- Equation name is '_LC2_B13', type is buried 
_LC2_B13 = LCELL( _LC2_B21);

-- Node name is '|aa5_lbuffer:39|dff8ds:32|:41' = '|aa5_lbuffer:39|dff8ds:32|QB4' 
-- Equation name is '_LC8_B17', type is buried 
_LC8_B17 = LCELL( _LC5_B17);

-- Node name is '|aa5_lbuffer:39|dff8ds:32|:40' = '|aa5_lbuffer:39|dff8ds:32|QB5' 
-- Equation name is '_LC1_B17', type is buried 
_LC1_B17 = LCELL( _LC7_B17);

-- Node name is '|aa5_lbuffer:39|dff8ds:32|:39' = '|aa5_lbuffer:39|dff8ds:32|QB6' 
-- Equation name is '_LC2_B1', type is buried 
_LC2_B1  = LCELL( _LC7_B1);

-- Node name is '|aa5_lbuffer:39|dff8ds:32|:38' = '|aa5_lbuffer:39|dff8ds:32|QB7' 
-- Equation name is '_LC1_C2', type is buried 
_LC1_C2  = LCELL( _LC3_B1);

-- Node name is '|aa5_lbuffer:39|dff8ds:32|:1' = '|aa5_lbuffer:39|dff8ds:32|QF0' 
-- Equation name is '_LC7_B11', type is buried 
_LC7_B11 = DFFE( _EQ005,  _LC4_B18,  VCC,  VCC,  VCC);
  _EQ005 =  _LC6_B11 &  _LC8_B16
         #  DATA0 & !_LC8_B16;

-- Node name is '|aa5_lbuffer:39|dff8ds:32|:2' = '|aa5_lbuffer:39|dff8ds:32|QF1' 
-- Equation name is '_LC2_B11', type is buried 
_LC2_B11 = DFFE( _EQ006,  _LC4_B18,  VCC,  VCC,  VCC);
  _EQ006 =  _LC8_B11 &  _LC8_B16
         #  DATA1 & !_LC8_B16;

-- Node name is '|aa5_lbuffer:39|dff8ds:32|:3' = '|aa5_lbuffer:39|dff8ds:32|QF2' 
-- Equation name is '_LC7_B21', type is buried 
_LC7_B21 = DFFE( _EQ007,  _LC4_B18,  VCC,  VCC,  VCC);
  _EQ007 =  _LC6_B21 &  _LC8_B16
         #  DATA2 & !_LC8_B16;

-- Node name is '|aa5_lbuffer:39|dff8ds:32|:4' = '|aa5_lbuffer:39|dff8ds:32|QF3' 
-- Equation name is '_LC2_B21', type is buried 
_LC2_B21 = DFFE( _EQ008,  _LC4_B18,  VCC,  VCC,  VCC);
  _EQ008 =  _LC8_B16 &  _LC8_B21
         #  DATA3 & !_LC8_B16;

-- Node name is '|aa5_lbuffer:39|dff8ds:32|:5' = '|aa5_lbuffer:39|dff8ds:32|QF4' 
-- Equation name is '_LC5_B17', type is buried 
_LC5_B17 = DFFE( _EQ009,  _LC4_B18,  VCC,  VCC,  VCC);
  _EQ009 =  _LC4_B17 &  _LC8_B16
         #  DATA4 & !_LC8_B16;

-- Node name is '|aa5_lbuffer:39|dff8ds:32|:6' = '|aa5_lbuffer:39|dff8ds:32|QF5' 
-- Equation name is '_LC7_B17', type is buried 
_LC7_B17 = DFFE( _EQ010,  _LC4_B18,  VCC,  VCC,  VCC);
  _EQ010 =  _LC6_B17 &  _LC8_B16
         #  DATA5 & !_LC8_B16;

-- Node name is '|aa5_lbuffer:39|dff8ds:32|:7' = '|aa5_lbuffer:39|dff8ds:32|QF6' 
-- Equation name is '_LC7_B1', type is buried 
_LC7_B1  = DFFE( _EQ011,  _LC4_B18,  VCC,  VCC,  VCC);
  _EQ011 =  _LC6_B1 &  _LC8_B16
         #  DATA6 & !_LC8_B16;

-- Node name is '|aa5_lbuffer:39|dff8ds:32|:8' = '|aa5_lbuffer:39|dff8ds:32|QF7' 
-- Equation name is '_LC3_B1', type is buried 
_LC3_B1  = DFFE( _EQ012,  _LC4_B18,  VCC,  VCC,  VCC);
  _EQ012 =  _LC8_B1 &  _LC8_B16
         #  DATA7 & !_LC8_B16;

-- Node name is '|aa5_lbuffer:39|dff8ds:32|rs:17|:7' = '|aa5_lbuffer:39|dff8ds:32|rs:17|T' 
-- Equation name is '_LC8_B16', type is buried 
!_LC8_B16 = _LC8_B16~NOT;
_LC8_B16~NOT = LCELL( _EQ013);
  _EQ013 = !RD &  WR
         # !_LC8_B16 & !RD;

-- Node name is '|aa5_lbuffer:39|dff8ds:32|:42' 
-- Equation name is '_LC1_B18', type is buried 
_LC1_B18 = LCELL( _EQ014);
  _EQ014 =  RD
         #  WR;

-- Node name is '|aa5_lbuffer:39|dff8ds:32|:43' 
-- Equation name is '_LC4_B18', type is buried 
_LC4_B18 = LCELL( _LC1_B18);

-- Node name is '|aa5_lbuffer:39|dff8ds:33|:26' = '|aa5_lbuffer:39|dff8ds:33|QB0' 
-- Equation name is '_LC6_B11', type is buried 
_LC6_B11 = LCELL( _LC4_B11);

-- Node name is '|aa5_lbuffer:39|dff8ds:33|:35' = '|aa5_lbuffer:39|dff8ds:33|QB1' 
-- Equation name is '_LC8_B11', type is buried 
_LC8_B11 = LCELL( _LC3_B11);

-- Node name is '|aa5_lbuffer:39|dff8ds:33|:36' = '|aa5_lbuffer:39|dff8ds:33|QB2' 
-- Equation name is '_LC6_B21', type is buried 
_LC6_B21 = LCELL( _LC4_B21);

-- Node name is '|aa5_lbuffer:39|dff8ds:33|:37' = '|aa5_lbuffer:39|dff8ds:33|QB3' 
-- Equation name is '_LC8_B21', type is buried 
_LC8_B21 = LCELL( _LC3_B21);

-- Node name is '|aa5_lbuffer:39|dff8ds:33|:41' = '|aa5_lbuffer:39|dff8ds:33|QB4' 
-- Equation name is '_LC4_B17', type is buried 
_LC4_B17 = LCELL( _LC2_B17);

-- Node name is '|aa5_lbuffer:39|dff8ds:33|:40' = '|aa5_lbuffer:39|dff8ds:33|QB5' 
-- Equation name is '_LC6_B17', type is buried 
_LC6_B17 = LCELL( _LC3_B17);

-- Node name is '|aa5_lbuffer:39|dff8ds:33|:39' = '|aa5_lbuffer:39|dff8ds:33|QB6' 
-- Equation name is '_LC6_B1', type is buried 
_LC6_B1  = LCELL( _LC5_B1);

-- Node name is '|aa5_lbuffer:39|dff8ds:33|:38' = '|aa5_lbuffer:39|dff8ds:33|QB7' 
-- Equation name is '_LC8_B1', type is buried 
_LC8_B1  = LCELL( _LC4_B1);

-- Node name is '|aa5_lbuffer:39|dff8ds:33|:1' = '|aa5_lbuffer:39|dff8ds:33|QF0' 
-- Equation name is '_LC4_B11', type is buried 
_LC4_B11 = DFFE( _EQ015,  _LC8_B22,  VCC,  VCC,  VCC);
  _EQ015 =  _LC7_B11 & !_LC8_B20
         #  _LC5_B11 &  _LC8_B20;

-- Node name is '|aa5_lbuffer:39|dff8ds:33|:2' = '|aa5_lbuffer:39|dff8ds:33|QF1' 
-- Equation name is '_LC3_B11', type is buried 
_LC3_B11 = DFFE( _EQ016,  _LC8_B22,  VCC,  VCC,  VCC);
  _EQ016 =  _LC2_B11 & !_LC8_B20
         #  _LC4_B12 &  _LC8_B20;

-- Node name is '|aa5_lbuffer:39|dff8ds:33|:3' = '|aa5_lbuffer:39|dff8ds:33|QF2' 
-- Equation name is '_LC4_B21', type is buried 
_LC4_B21 = DFFE( _EQ017,  _LC8_B22,  VCC,  VCC,  VCC);
  _EQ017 =  _LC7_B21 & !_LC8_B20
         #  _LC5_B21 &  _LC8_B20;

-- Node name is '|aa5_lbuffer:39|dff8ds:33|:4' = '|aa5_lbuffer:39|dff8ds:33|QF3' 
-- Equation name is '_LC3_B21', type is buried 
_LC3_B21 = DFFE( _EQ018,  _LC8_B22,  VCC,  VCC,  VCC);
  _EQ018 =  _LC2_B21 & !_LC8_B20
         #  _LC3_B24 &  _LC8_B20;

-- Node name is '|aa5_lbuffer:39|dff8ds:33|:5' = '|aa5_lbuffer:39|dff8ds:33|QF4' 
-- Equation name is '_LC2_B17', type is buried 
_LC2_B17 = DFFE( _EQ019,  _LC8_B22,  VCC,  VCC,  VCC);
  _EQ019 =  _LC5_B17 & !_LC8_B20
         #  _LC2_B19 &  _LC8_B20;

-- Node name is '|aa5_lbuffer:39|dff8ds:33|:6' = '|aa5_lbuffer:39|dff8ds:33|QF5' 
-- Equation name is '_LC3_B17', type is buried 
_LC3_B17 = DFFE( _EQ020,  _LC8_B22,  VCC,  VCC,  VCC);
  _EQ020 =  _LC7_B17 & !_LC8_B20
         #  _LC2_B24 &  _LC8_B20;

-- Node name is '|aa5_lbuffer:39|dff8ds:33|:7' = '|aa5_lbuffer:39|dff8ds:33|QF6' 
-- Equation name is '_LC5_B1', type is buried 
_LC5_B1  = DFFE( _EQ021,  _LC8_B22,  VCC,  VCC,  VCC);
  _EQ021 =  _LC7_B1 & !_LC8_B20
         #  _LC1_B1 &  _LC8_B20;

-- Node name is '|aa5_lbuffer:39|dff8ds:33|:8' = '|aa5_lbuffer:39|dff8ds:33|QF7' 
-- Equation name is '_LC4_B1', type is buried 
_LC4_B1  = DFFE( _EQ022,  _LC8_B22,  VCC,  VCC,  VCC);
  _EQ022 =  _LC3_B1 & !_LC8_B20
         #  _LC2_B2 &  _LC8_B20;

-- Node name is '|aa5_lbuffer:39|dff8ds:33|rs:17|:7' = '|aa5_lbuffer:39|dff8ds:33|rs:17|T' 
-- Equation name is '_LC8_B20', type is buried 
!_LC8_B20 = _LC8_B20~NOT;
_LC8_B20~NOT = LCELL( _EQ023);
  _EQ023 = !RD &  WR
         # !_LC8_B20 & !RD;

-- Node name is '|aa5_lbuffer:39|dff8ds:33|:42' 
-- Equation name is '_LC1_B22', type is buried 
_LC1_B22 = LCELL( _EQ024);
  _EQ024 =  RD
         #  WR;

-- Node name is '|aa5_lbuffer:39|dff8ds:33|:43' 
-- Equation name is '_LC8_B22', type is buried 
_LC8_B22 = LCELL( _LC1_B22);

-- Node name is '|aa5_lbuffer:39|dff8ds:34|:26' = '|aa5_lbuffer:39|dff8ds:34|QB0' 
-- Equation name is '_LC5_B11', type is buried 
_LC5_B11 = LCELL( _LC4_B5);

-- Node name is '|aa5_lbuffer:39|dff8ds:34|:35' = '|aa5_lbuffer:39|dff8ds:34|QB1' 
-- Equation name is '_LC4_B12', type is buried 
_LC4_B12 = LCELL( _LC8_B12);

-- Node name is '|aa5_lbuffer:39|dff8ds:34|:36' = '|aa5_lbuffer:39|dff8ds:34|QB2' 
-- Equation name is '_LC5_B21', type is buried 
_LC5_B21 = LCELL( _LC1_B5);

-- Node name is '|aa5_lbuffer:39|dff8ds:34|:37' = '|aa5_lbuffer:39|dff8ds:34|QB3' 
-- Equation name is '_LC3_B24', type is buried 
_LC3_B24 = LCELL( _LC6_B24);

-- Node name is '|aa5_lbuffer:39|dff8ds:34|:41' = '|aa5_lbuffer:39|dff8ds:34|QB4' 
-- Equation name is '_LC2_B19', type is buried 
_LC2_B19 = LCELL( _LC4_B19);

-- Node name is '|aa5_lbuffer:39|dff8ds:34|:40' = '|aa5_lbuffer:39|dff8ds:34|QB5' 
-- Equation name is '_LC2_B24', type is buried 
_LC2_B24 = LCELL( _LC8_B24);

-- Node name is '|aa5_lbuffer:39|dff8ds:34|:39' = '|aa5_lbuffer:39|dff8ds:34|QB6' 
-- Equation name is '_LC1_B1', type is buried 
_LC1_B1  = LCELL( _LC6_B2);

-- Node name is '|aa5_lbuffer:39|dff8ds:34|:38' = '|aa5_lbuffer:39|dff8ds:34|QB7' 
-- Equation name is '_LC2_B2', type is buried 
_LC2_B2  = LCELL( _LC8_B2);

-- Node name is '|aa5_lbuffer:39|dff8ds:34|:1' = '|aa5_lbuffer:39|dff8ds:34|QF0' 
-- Equation name is '_LC4_B5', type is buried 
_LC4_B5  = DFFE( _EQ025,  _LC3_B5,  VCC,  VCC,  VCC);
  _EQ025 = !_LC2_B5 &  _LC4_B11
         #  _LC2_B5 &  _LC6_B5;

-- Node name is '|aa5_lbuffer:39|dff8ds:34|:2' = '|aa5_lbuffer:39|dff8ds:34|QF1' 
-- Equation name is '_LC8_B12', type is buried 
_LC8_B12 = DFFE( _EQ026,  _LC3_B5,  VCC,  VCC,  VCC);
  _EQ026 = !_LC2_B5 &  _LC3_B11
         #  _LC2_B5 &  _LC7_B12;

-- Node name is '|aa5_lbuffer:39|dff8ds:34|:3' = '|aa5_lbuffer:39|dff8ds:34|QF2' 
-- Equation name is '_LC1_B5', type is buried 
_LC1_B5  = DFFE( _EQ027,  _LC3_B5,  VCC,  VCC,  VCC);
  _EQ027 = !_LC2_B5 &  _LC4_B21
         #  _LC2_B5 &  _LC7_B5;

-- Node name is '|aa5_lbuffer:39|dff8ds:34|:4' = '|aa5_lbuffer:39|dff8ds:34|QF3' 
-- Equation name is '_LC6_B24', type is buried 
_LC6_B24 = DFFE( _EQ028,  _LC3_B5,  VCC,  VCC,  VCC);
  _EQ028 = !_LC2_B5 &  _LC3_B21
         #  _LC2_B5 &  _LC5_B24;

-- Node name is '|aa5_lbuffer:39|dff8ds:34|:5' = '|aa5_lbuffer:39|dff8ds:34|QF4' 
-- Equation name is '_LC4_B19', type is buried 
_LC4_B19 = DFFE( _EQ029,  _LC3_B5,  VCC,  VCC,  VCC);
  _EQ029 = !_LC2_B5 &  _LC2_B17
         #  _LC2_B5 &  _LC3_B19;

-- Node name is '|aa5_lbuffer:39|dff8ds:34|:6' = '|aa5_lbuffer:39|dff8ds:34|QF5' 
-- Equation name is '_LC8_B24', type is buried 
_LC8_B24 = DFFE( _EQ030,  _LC3_B5,  VCC,  VCC,  VCC);
  _EQ030 = !_LC2_B5 &  _LC3_B17
         #  _LC2_B5 &  _LC7_B24;

-- Node name is '|aa5_lbuffer:39|dff8ds:34|:7' = '|aa5_lbuffer:39|dff8ds:34|QF6' 
-- Equation name is '_LC6_B2', type is buried 
_LC6_B2  = DFFE( _EQ031,  _LC3_B5,  VCC,  VCC,  VCC);
  _EQ031 = !_LC2_B5 &  _LC5_B1
         #  _LC2_B5 &  _LC4_B2;

-- Node name is '|aa5_lbuffer:39|dff8ds:34|:8' = '|aa5_lbuffer:39|dff8ds:34|QF7' 
-- Equation name is '_LC8_B2', type is buried 
_LC8_B2  = DFFE( _EQ032,  _LC3_B5,  VCC,  VCC,  VCC);
  _EQ032 = !_LC2_B5 &  _LC4_B1
         #  _LC2_B5 &  _LC7_B2;

-- Node name is '|aa5_lbuffer:39|dff8ds:34|rs:17|:7' = '|aa5_lbuffer:39|dff8ds:34|rs:17|T' 
-- Equation name is '_LC2_B5', type is buried 
!_LC2_B5 = _LC2_B5~NOT;
_LC2_B5~NOT = LCELL( _EQ033);
  _EQ033 = !RD &  WR
         # !_LC2_B5 & !RD;

-- Node name is '|aa5_lbuffer:39|dff8ds:34|:42' 
-- Equation name is '_LC5_B5', type is buried 
_LC5_B5  = LCELL( _EQ034);
  _EQ034 =  RD
         #  WR;

-- Node name is '|aa5_lbuffer:39|dff8ds:34|:43' 
-- Equation name is '_LC3_B5', type is buried 
_LC3_B5  = LCELL( _LC5_B5);

-- Node name is '|aa5_lbuffer:39|dff8ds:35|:26' = '|aa5_lbuffer:39|dff8ds:35|QB0' 
-- Equation name is '_LC6_B5', type is buried 
_LC6_B5  = LCELL( _LC1_B12);

-- Node name is '|aa5_lbuffer:39|dff8ds:35|:35' = '|aa5_lbuffer:39|dff8ds:35|QB1' 
-- Equation name is '_LC7_B12', type is buried 
_LC7_B12 = LCELL( _LC2_B12);

-- Node name is '|aa5_lbuffer:39|dff8ds:35|:36' = '|aa5_lbuffer:39|dff8ds:35|QB2' 
-- Equation name is '_LC7_B5', type is buried 
_LC7_B5  = LCELL( _LC3_B12);

-- Node name is '|aa5_lbuffer:39|dff8ds:35|:37' = '|aa5_lbuffer:39|dff8ds:35|QB3' 
-- Equation name is '_LC5_B24', type is buried 
_LC5_B24 = LCELL( _LC4_B24);

-- Node name is '|aa5_lbuffer:39|dff8ds:35|:41' = '|aa5_lbuffer:39|dff8ds:35|QB4' 
-- Equation name is '_LC3_B19', type is buried 
_LC3_B19 = LCELL( _LC1_B19);

-- Node name is '|aa5_lbuffer:39|dff8ds:35|:40' = '|aa5_lbuffer:39|dff8ds:35|QB5' 
-- Equation name is '_LC7_B24', type is buried 
_LC7_B24 = LCELL( _LC1_B24);

-- Node name is '|aa5_lbuffer:39|dff8ds:35|:39' = '|aa5_lbuffer:39|dff8ds:35|QB6' 
-- Equation name is '_LC4_B2', type is buried 
_LC4_B2  = LCELL( _LC1_B2);

-- Node name is '|aa5_lbuffer:39|dff8ds:35|:38' = '|aa5_lbuffer:39|dff8ds:35|QB7' 
-- Equation name is '_LC7_B2', type is buried 
_LC7_B2  = LCELL( _LC5_B2);

-- Node name is '|aa5_lbuffer:39|dff8ds:35|:1' = '|aa5_lbuffer:39|dff8ds:35|QF0' 
-- Equation name is '_LC1_B12', type is buried 
_LC1_B12 = DFFE( _EQ035,  _LC2_A2,  VCC,  VCC,  VCC);
  _EQ035 = !_LC3_B2 &  _LC4_B5
         #  _LC3_B2 &  _LC5_B12;

-- Node name is '|aa5_lbuffer:39|dff8ds:35|:2' = '|aa5_lbuffer:39|dff8ds:35|QF1' 
-- Equation name is '_LC2_B12', type is buried 
_LC2_B12 = DFFE( _EQ036,  _LC2_A2,  VCC,  VCC,  VCC);
  _EQ036 = !_LC3_B2 &  _LC8_B12
         #  _LC3_B2 &  _LC3_B10;

-- Node name is '|aa5_lbuffer:39|dff8ds:35|:3' = '|aa5_lbuffer:39|dff8ds:35|QF2' 
-- Equation name is '_LC3_B12', type is buried 
_LC3_B12 = DFFE( _EQ037,  _LC2_A2,  VCC,  VCC,  VCC);
  _EQ037 =  _LC1_B5 & !_LC3_B2
         #  _LC3_B2 &  _LC6_B12;

-- Node name is '|aa5_lbuffer:39|dff8ds:35|:4' = '|aa5_lbuffer:39|dff8ds:35|QF3' 
-- Equation name is '_LC4_B24', type is buried 
_LC4_B24 = DFFE( _EQ038,  _LC2_A2,  VCC,  VCC,  VCC);
  _EQ038 = !_LC3_B2 &  _LC6_B24
         #  _LC1_B23 &  _LC3_B2;

-- Node name is '|aa5_lbuffer:39|dff8ds:35|:5' = '|aa5_lbuffer:39|dff8ds:35|QF4' 
-- Equation name is '_LC1_B19', type is buried 
_LC1_B19 = DFFE( _EQ039,  _LC2_A2,  VCC,  VCC,  VCC);
  _EQ039 = !_LC3_B2 &  _LC4_B19
         #  _LC3_B2 &  _LC3_B23;

-- Node name is '|aa5_lbuffer:39|dff8ds:35|:6' = '|aa5_lbuffer:39|dff8ds:35|QF5' 
-- Equation name is '_LC1_B24', type is buried 
_LC1_B24 = DFFE( _EQ040,  _LC2_A2,  VCC,  VCC,  VCC);
  _EQ040 = !_LC3_B2 &  _LC8_B24
         #  _LC3_B2 &  _LC4_B8;

-- Node name is '|aa5_lbuffer:39|dff8ds:35|:7' = '|aa5_lbuffer:39|dff8ds:35|QF6' 
-- Equation name is '_LC1_B2', type is buried 
_LC1_B2  = DFFE( _EQ041,  _LC2_A2,  VCC,  VCC,  VCC);
  _EQ041 = !_LC3_B2 &  _LC6_B2
         #  _LC1_B10 &  _LC3_B2;

-- Node name is '|aa5_lbuffer:39|dff8ds:35|:8' = '|aa5_lbuffer:39|dff8ds:35|QF7' 
-- Equation name is '_LC5_B2', type is buried 
_LC5_B2  = DFFE( _EQ042,  _LC2_A2,  VCC,  VCC,  VCC);
  _EQ042 = !_LC3_B2 &  _LC8_B2
         #  _LC2_B6 &  _LC3_B2;

-- Node name is '|aa5_lbuffer:39|dff8ds:35|rs:17|:7' = '|aa5_lbuffer:39|dff8ds:35|rs:17|T' 
-- Equation name is '_LC3_B2', type is buried 
!_LC3_B2 = _LC3_B2~NOT;
_LC3_B2~NOT = LCELL( _EQ043);
  _EQ043 = !RD &  WR
         # !_LC3_B2 & !RD;

-- Node name is '|aa5_lbuffer:39|dff8ds:35|:42' 
-- Equation name is '_LC1_A2', type is buried 
_LC1_A2  = LCELL( _EQ044);
  _EQ044 =  RD
         #  WR;

-- Node name is '|aa5_lbuffer:39|dff8ds:35|:43' 
-- Equation name is '_LC2_A2', type is buried 
_LC2_A2  = LCELL( _LC1_A2);

-- Node name is '|aa5_lbuffer:39|dff8ds:36|:26' = '|aa5_lbuffer:39|dff8ds:36|QB0' 
-- Equation name is '_LC4_B7', type is buried 
_LC4_B7  = LCELL( _LC1_B7);

-- Node name is '|aa5_lbuffer:39|dff8ds:36|:35' = '|aa5_lbuffer:39|dff8ds:36|QB1' 
-- Equation name is '_LC6_B7', type is buried 
_LC6_B7  = LCELL( _LC2_B7);

-- Node name is '|aa5_lbuffer:39|dff8ds:36|:36' = '|aa5_lbuffer:39|dff8ds:36|QB2' 
-- Equation name is '_LC5_B3', type is buried 
_LC5_B3  = LCELL( _LC3_B3);

-- Node name is '|aa5_lbuffer:39|dff8ds:36|:37' = '|aa5_lbuffer:39|dff8ds:36|QB3' 
-- Equation name is '_LC3_B9', type is buried 
_LC3_B9  = LCELL( _LC1_B9);

-- Node name is '|aa5_lbuffer:39|dff8ds:36|:41' = '|aa5_lbuffer:39|dff8ds:36|QB4' 
-- Equation name is '_LC7_B3', type is buried 
_LC7_B3  = LCELL( _LC4_B3);

-- Node name is '|aa5_lbuffer:39|dff8ds:36|:40' = '|aa5_lbuffer:39|dff8ds:36|QB5' 
-- Equation name is '_LC6_B9', type is buried 
_LC6_B9  = LCELL( _LC2_B9);

-- Node name is '|aa5_lbuffer:39|dff8ds:36|:39' = '|aa5_lbuffer:39|dff8ds:36|QB6' 
-- Equation name is '_LC5_B4', type is buried 
_LC5_B4  = LCELL( _LC1_B4);

-- Node name is '|aa5_lbuffer:39|dff8ds:36|:38' = '|aa5_lbuffer:39|dff8ds:36|QB7' 
-- Equation name is '_LC7_B4', type is buried 
_LC7_B4  = LCELL( _LC2_B4);

-- Node name is '|aa5_lbuffer:39|dff8ds:36|:1' = '|aa5_lbuffer:39|dff8ds:36|QF0' 
-- Equation name is '_LC1_B7', type is buried 
_LC1_B7  = DFFE( _EQ045,  _LC6_C7,  VCC,  VCC,  VCC);
  _EQ045 = !_LC4_B4 &  _LC5_B7
         #  _LC1_B7 &  _LC4_B4;

-- Node name is '|aa5_lbuffer:39|dff8ds:36|:2' = '|aa5_lbuffer:39|dff8ds:36|QF1' 
-- Equation name is '_LC2_B7', type is buried 
_LC2_B7  = DFFE( _EQ046,  _LC6_C7,  VCC,  VCC,  VCC);
  _EQ046 = !_LC4_B4 &  _LC7_B7
         #  _LC2_B7 &  _LC4_B4;

-- Node name is '|aa5_lbuffer:39|dff8ds:36|:3' = '|aa5_lbuffer:39|dff8ds:36|QF2' 
-- Equation name is '_LC3_B3', type is buried 
_LC3_B3  = DFFE( _EQ047,  _LC6_C7,  VCC,  VCC,  VCC);
  _EQ047 = !_LC4_B4 &  _LC6_B3
         #  _LC3_B3 &  _LC4_B4;

-- Node name is '|aa5_lbuffer:39|dff8ds:36|:4' = '|aa5_lbuffer:39|dff8ds:36|QF3' 
-- Equation name is '_LC1_B9', type is buried 
_LC1_B9  = DFFE( _EQ048,  _LC6_C7,  VCC,  VCC,  VCC);
  _EQ048 = !_LC4_B4 &  _LC4_B9
         #  _LC1_B9 &  _LC4_B4;

-- Node name is '|aa5_lbuffer:39|dff8ds:36|:5' = '|aa5_lbuffer:39|dff8ds:36|QF4' 
-- Equation name is '_LC4_B3', type is buried 
_LC4_B3  = DFFE( _EQ049,  _LC6_C7,  VCC,  VCC,  VCC);
  _EQ049 = !_LC4_B4 &  _LC8_B3
         #  _LC4_B3 &  _LC4_B4;

-- Node name is '|aa5_lbuffer:39|dff8ds:36|:6' = '|aa5_lbuffer:39|dff8ds:36|QF5' 
-- Equation name is '_LC2_B9', type is buried 
_LC2_B9  = DFFE( _EQ050,  _LC6_C7,  VCC,  VCC,  VCC);
  _EQ050 = !_LC4_B4 &  _LC7_B9
         #  _LC2_B9 &  _LC4_B4;

-- Node name is '|aa5_lbuffer:39|dff8ds:36|:7' = '|aa5_lbuffer:39|dff8ds:36|QF6' 
-- Equation name is '_LC1_B4', type is buried 
_LC1_B4  = DFFE( _EQ051,  _LC6_C7,  VCC,  VCC,  VCC);
  _EQ051 = !_LC4_B4 &  _LC6_B4
         #  _LC1_B4 &  _LC4_B4;

-- Node name is '|aa5_lbuffer:39|dff8ds:36|:8' = '|aa5_lbuffer:39|dff8ds:36|QF7' 
-- Equation name is '_LC2_B4', type is buried 
_LC2_B4  = DFFE( _EQ052,  _LC6_C7,  VCC,  VCC,  VCC);
  _EQ052 =  _LC3_B4 & !_LC4_B4
         #  _LC2_B4 &  _LC4_B4;

-- Node name is '|aa5_lbuffer:39|dff8ds:36|rs:17|:7' = '|aa5_lbuffer:39|dff8ds:36|rs:17|T' 
-- Equation name is '_LC4_B4', type is buried 
!_LC4_B4 = _LC4_B4~NOT;
_LC4_B4~NOT = LCELL( _EQ053);
  _EQ053 = !RD &  WR
         # !_LC4_B4 & !RD;

-- Node name is '|aa5_lbuffer:39|dff8ds:36|:42' 
-- Equation name is '_LC1_C7', type is buried 
_LC1_C7  = LCELL( _EQ054);
  _EQ054 =  RD
         #  WR;

-- Node name is '|aa5_lbuffer:39|dff8ds:36|:43' 
-- Equation name is '_LC6_C7', type is buried 
_LC6_C7  = LCELL( _LC1_C7);

-- Node name is '|aa5_lbuffer:39|dff8ds:37|:26' = '|aa5_lbuffer:39|dff8ds:37|QB0' 
-- Equation name is '_LC3_B7', type is buried 
_LC3_B7  = LCELL( _LC5_B7);

-- Node name is '|aa5_lbuffer:39|dff8ds:37|:35' = '|aa5_lbuffer:39|dff8ds:37|QB1' 
-- Equation name is '_LC8_B7', type is buried 
_LC8_B7  = LCELL( _LC7_B7);

-- Node name is '|aa5_lbuffer:39|dff8ds:37|:36' = '|aa5_lbuffer:39|dff8ds:37|QB2' 
-- Equation name is '_LC1_B3', type is buried 
_LC1_B3  = LCELL( _LC6_B3);

-- Node name is '|aa5_lbuffer:39|dff8ds:37|:37' = '|aa5_lbuffer:39|dff8ds:37|QB3' 
-- Equation name is '_LC5_B9', type is buried 
_LC5_B9  = LCELL( _LC4_B9);

-- Node name is '|aa5_lbuffer:39|dff8ds:37|:41' = '|aa5_lbuffer:39|dff8ds:37|QB4' 
-- Equation name is '_LC2_B3', type is buried 
_LC2_B3  = LCELL( _LC8_B3);

-- Node name is '|aa5_lbuffer:39|dff8ds:37|:40' = '|aa5_lbuffer:39|dff8ds:37|QB5' 
-- Equation name is '_LC8_B9', type is buried 
_LC8_B9  = LCELL( _LC7_B9);

-- Node name is '|aa5_lbuffer:39|dff8ds:37|:39' = '|aa5_lbuffer:39|dff8ds:37|QB6' 
-- Equation name is '_LC8_B4', type is buried 
_LC8_B4  = LCELL( _LC6_B4);

-- Node name is '|aa5_lbuffer:39|dff8ds:37|:38' = '|aa5_lbuffer:39|dff8ds:37|QB7' 
-- Equation name is '_LC4_B6', type is buried 
_LC4_B6  = LCELL( _LC3_B4);

-- Node name is '|aa5_lbuffer:39|dff8ds:37|:1' = '|aa5_lbuffer:39|dff8ds:37|QF0' 
-- Equation name is '_LC5_B7', type is buried 
_LC5_B7  = DFFE( _EQ055,  _LC1_C10,  VCC,  VCC,  VCC);
  _EQ055 =  _LC3_B8 & !_LC4_C1
         #  _LC4_B7 &  _LC4_C1;

-- Node name is '|aa5_lbuffer:39|dff8ds:37|:2' = '|aa5_lbuffer:39|dff8ds:37|QF1' 
-- Equation name is '_LC7_B7', type is buried 
_LC7_B7  = DFFE( _EQ056,  _LC1_C10,  VCC,  VCC,  VCC);
  _EQ056 =  _LC2_B10 & !_LC4_C1
         #  _LC4_C1 &  _LC6_B7;

-- Node name is '|aa5_lbuffer:39|dff8ds:37|:3' = '|aa5_lbuffer:39|dff8ds:37|QF2' 
-- Equation name is '_LC6_B3', type is buried 
_LC6_B3  = DFFE( _EQ057,  _LC1_C10,  VCC,  VCC,  VCC);
  _EQ057 = !_LC4_C1 &  _LC6_B6
         #  _LC4_C1 &  _LC5_B3;

-- Node name is '|aa5_lbuffer:39|dff8ds:37|:4' = '|aa5_lbuffer:39|dff8ds:37|QF3' 
-- Equation name is '_LC4_B9', type is buried 
_LC4_B9  = DFFE( _EQ058,  _LC1_C10,  VCC,  VCC,  VCC);
  _EQ058 =  _LC2_B23 & !_LC4_C1
         #  _LC3_B9 &  _LC4_C1;

-- Node name is '|aa5_lbuffer:39|dff8ds:37|:5' = '|aa5_lbuffer:39|dff8ds:37|QF4' 
-- Equation name is '_LC8_B3', type is buried 
_LC8_B3  = DFFE( _EQ059,  _LC1_C10,  VCC,  VCC,  VCC);
  _EQ059 = !_LC4_C1 &  _LC6_B23
         #  _LC4_C1 &  _LC7_B3;

-- Node name is '|aa5_lbuffer:39|dff8ds:37|:6' = '|aa5_lbuffer:39|dff8ds:37|QF5' 
-- Equation name is '_LC7_B9', type is buried 
_LC7_B9  = DFFE( _EQ060,  _LC1_C10,  VCC,  VCC,  VCC);
  _EQ060 = !_LC4_C1 &  _LC5_B8
         #  _LC4_C1 &  _LC6_B9;

-- Node name is '|aa5_lbuffer:39|dff8ds:37|:7' = '|aa5_lbuffer:39|dff8ds:37|QF6' 
-- Equation name is '_LC6_B4', type is buried 
_LC6_B4  = DFFE( _EQ061,  _LC1_C10,  VCC,  VCC,  VCC);
  _EQ061 =  _LC4_B10 & !_LC4_C1
         #  _LC4_C1 &  _LC5_B4;

-- Node name is '|aa5_lbuffer:39|dff8ds:37|:8' = '|aa5_lbuffer:39|dff8ds:37|QF7' 
-- Equation name is '_LC3_B4', type is buried 
_LC3_B4  = DFFE( _EQ062,  _LC1_C10,  VCC,  VCC,  VCC);
  _EQ062 =  _LC3_B6 & !_LC4_C1
         #  _LC4_C1 &  _LC7_B4;

-- Node name is '|aa5_lbuffer:39|dff8ds:37|rs:17|:7' = '|aa5_lbuffer:39|dff8ds:37|rs:17|T' 
-- Equation name is '_LC4_C1', type is buried 
!_LC4_C1 = _LC4_C1~NOT;
_LC4_C1~NOT = LCELL( _EQ063);
  _EQ063 = !RD &  WR
         # !_LC4_C1 & !RD;

-- Node name is '|aa5_lbuffer:39|dff8ds:37|:42' 
-- Equation name is '_LC2_C10', type is buried 
_LC2_C10 = LCELL( _EQ064);
  _EQ064 =  RD
         #  WR;

-- Node name is '|aa5_lbuffer:39|dff8ds:37|:43' 
-- Equation name is '_LC1_C10', type is buried 
_LC1_C10 = LCELL( _LC2_C10);

-- Node name is '|aa5_lbuffer:39|dff8ds:38|:26' = '|aa5_lbuffer:39|dff8ds:38|QB0' 
-- Equation name is '_LC6_B8', type is buried 
_LC6_B8  = LCELL( _LC3_B8);

-- Node name is '|aa5_lbuffer:39|dff8ds:38|:35' = '|aa5_lbuffer:39|dff8ds:38|QB1' 
-- Equation name is '_LC5_B10', type is buried 
_LC5_B10 = LCELL( _LC2_B10);

-- Node name is '|aa5_lbuffer:39|dff8ds:38|:36' = '|aa5_lbuffer:39|dff8ds:38|QB2' 
-- Equation name is '_LC5_B6', type is buried 
_LC5_B6  = LCELL( _LC6_B6);

-- Node name is '|aa5_lbuffer:39|dff8ds:38|:37' = '|aa5_lbuffer:39|dff8ds:38|QB3' 
-- Equation name is '_LC4_B23', type is buried 
_LC4_B23 = LCELL( _LC2_B23);

-- Node name is '|aa5_lbuffer:39|dff8ds:38|:41' = '|aa5_lbuffer:39|dff8ds:38|QB4' 
-- Equation name is '_LC7_B23', type is buried 
_LC7_B23 = LCELL( _LC6_B23);

-- Node name is '|aa5_lbuffer:39|dff8ds:38|:40' = '|aa5_lbuffer:39|dff8ds:38|QB5' 
-- Equation name is '_LC7_B8', type is buried 
_LC7_B8  = LCELL( _LC5_B8);

-- Node name is '|aa5_lbuffer:39|dff8ds:38|:39' = '|aa5_lbuffer:39|dff8ds:38|QB6' 
-- Equation name is '_LC7_B10', type is buried 
_LC7_B10 = LCELL( _LC4_B10);

-- Node name is '|aa5_lbuffer:39|dff8ds:38|:38' = '|aa5_lbuffer:39|dff8ds:38|QB7' 
-- Equation name is '_LC7_B6', type is buried 
_LC7_B6  = LCELL( _LC3_B6);

-- Node name is '|aa5_lbuffer:39|dff8ds:38|:1' = '|aa5_lbuffer:39|dff8ds:38|QF0' 
-- Equation name is '_LC3_B8', type is buried 
_LC3_B8  = DFFE( _EQ065,  _LC1_B14,  VCC,  VCC,  VCC);
  _EQ065 =  _LC1_B8 & !_LC2_B8
         #  _LC2_B8 &  _LC3_B7;

-- Node name is '|aa5_lbuffer:39|dff8ds:38|:2' = '|aa5_lbuffer:39|dff8ds:38|QF1' 
-- Equation name is '_LC2_B10', type is buried 
_LC2_B10 = DFFE( _EQ066,  _LC1_B14,  VCC,  VCC,  VCC);
  _EQ066 = !_LC2_B8 &  _LC6_B10
         #  _LC2_B8 &  _LC8_B7;

-- Node name is '|aa5_lbuffer:39|dff8ds:38|:3' = '|aa5_lbuffer:39|dff8ds:38|QF2' 
-- Equation name is '_LC6_B6', type is buried 
_LC6_B6  = DFFE( _EQ067,  _LC1_B14,  VCC,  VCC,  VCC);
  _EQ067 =  _LC1_B6 & !_LC2_B8
         #  _LC1_B3 &  _LC2_B8;

-- Node name is '|aa5_lbuffer:39|dff8ds:38|:4' = '|aa5_lbuffer:39|dff8ds:38|QF3' 
-- Equation name is '_LC2_B23', type is buried 
_LC2_B23 = DFFE( _EQ068,  _LC1_B14,  VCC,  VCC,  VCC);
  _EQ068 = !_LC2_B8 &  _LC5_B23
         #  _LC2_B8 &  _LC5_B9;

-- Node name is '|aa5_lbuffer:39|dff8ds:38|:5' = '|aa5_lbuffer:39|dff8ds:38|QF4' 
-- Equation name is '_LC6_B23', type is buried 
_LC6_B23 = DFFE( _EQ069,  _LC1_B14,  VCC,  VCC,  VCC);
  _EQ069 = !_LC2_B8 &  _LC8_B23
         #  _LC2_B3 &  _LC2_B8;

-- Node name is '|aa5_lbuffer:39|dff8ds:38|:6' = '|aa5_lbuffer:39|dff8ds:38|QF5' 
-- Equation name is '_LC5_B8', type is buried 
_LC5_B8  = DFFE( _EQ070,  _LC1_B14,  VCC,  VCC,  VCC);
  _EQ070 = !_LC2_B8 &  _LC8_B8
         #  _LC2_B8 &  _LC8_B9;

-- Node name is '|aa5_lbuffer:39|dff8ds:38|:7' = '|aa5_lbuffer:39|dff8ds:38|QF6' 
-- Equation name is '_LC4_B10', type is buried 
_LC4_B10 = DFFE( _EQ071,  _LC1_B14,  VCC,  VCC,  VCC);
  _EQ071 = !_LC2_B8 &  _LC8_B10
         #  _LC2_B8 &  _LC8_B4;

-- Node name is '|aa5_lbuffer:39|dff8ds:38|:8' = '|aa5_lbuffer:39|dff8ds:38|QF7' 
-- Equation name is '_LC3_B6', type is buried 
_LC3_B6  = DFFE( _EQ072,  _LC1_B14,  VCC,  VCC,  VCC);
  _EQ072 = !_LC2_B8 &  _LC8_B6
         #  _LC2_B8 &  _LC4_B6;

-- Node name is '|aa5_lbuffer:39|dff8ds:38|rs:17|:7' = '|aa5_lbuffer:39|dff8ds:38|rs:17|T' 
-- Equation name is '_LC2_B8', type is buried 
!_LC2_B8 = _LC2_B8~NOT;
_LC2_B8~NOT = LCELL( _EQ073);
  _EQ073 = !RD &  WR
         # !_LC2_B8 & !RD;

-- Node name is '|aa5_lbuffer:39|dff8ds:38|:42' 
-- Equation name is '_LC2_B14', type is buried 
_LC2_B14 = LCELL( _EQ074);
  _EQ074 =  RD
         #  WR;

-- Node name is '|aa5_lbuffer:39|dff8ds:38|:43' 
-- Equation name is '_LC1_B14', type is buried 
_LC1_B14 = LCELL( _LC2_B14);

-- Node name is '|aa5_lbuffer:39|dff8ds:39|:26' = '|aa5_lbuffer:39|dff8ds:39|QB0' 
-- Equation name is '_LC5_B12', type is buried 
_LC5_B12 = LCELL( _LC1_B8);

-- Node name is '|aa5_lbuffer:39|dff8ds:39|:35' = '|aa5_lbuffer:39|dff8ds:39|QB1' 
-- Equation name is '_LC3_B10', type is buried 
_LC3_B10 = LCELL( _LC6_B10);

-- Node name is '|aa5_lbuffer:39|dff8ds:39|:36' = '|aa5_lbuffer:39|dff8ds:39|QB2' 
-- Equation name is '_LC6_B12', type is buried 
_LC6_B12 = LCELL( _LC1_B6);

-- Node name is '|aa5_lbuffer:39|dff8ds:39|:37' = '|aa5_lbuffer:39|dff8ds:39|QB3' 
-- Equation name is '_LC1_B23', type is buried 
_LC1_B23 = LCELL( _LC5_B23);

-- Node name is '|aa5_lbuffer:39|dff8ds:39|:41' = '|aa5_lbuffer:39|dff8ds:39|QB4' 
-- Equation name is '_LC3_B23', type is buried 
_LC3_B23 = LCELL( _LC8_B23);

-- Node name is '|aa5_lbuffer:39|dff8ds:39|:40' = '|aa5_lbuffer:39|dff8ds:39|QB5' 
-- Equation name is '_LC4_B8', type is buried 
_LC4_B8  = LCELL( _LC8_B8);

-- Node name is '|aa5_lbuffer:39|dff8ds:39|:39' = '|aa5_lbuffer:39|dff8ds:39|QB6' 
-- Equation name is '_LC1_B10', type is buried 
_LC1_B10 = LCELL( _LC8_B10);

-- Node name is '|aa5_lbuffer:39|dff8ds:39|:38' = '|aa5_lbuffer:39|dff8ds:39|QB7' 
-- Equation name is '_LC2_B6', type is buried 
_LC2_B6  = LCELL( _LC8_B6);

-- Node name is '|aa5_lbuffer:39|dff8ds:39|:1' = '|aa5_lbuffer:39|dff8ds:39|QF0' 
-- Equation name is '_LC1_B8', type is buried 
_LC1_B8  = DFFE( _EQ075,  _LC2_B15,  VCC,  VCC,  VCC);
  _EQ075 =  _LC1_B12 & !_LC1_C3
         #  _LC1_C3 &  _LC6_B8;

-- Node name is '|aa5_lbuffer:39|dff8ds:39|:2' = '|aa5_lbuffer:39|dff8ds:39|QF1' 
-- Equation name is '_LC6_B10', type is buried 
_LC6_B10 = DFFE( _EQ076,  _LC2_B15,  VCC,  VCC,  VCC);
  _EQ076 = !_LC1_C3 &  _LC2_B12
         #  _LC1_C3 &  _LC5_B10;

-- Node name is '|aa5_lbuffer:39|dff8ds:39|:3' = '|aa5_lbuffer:39|dff8ds:39|QF2' 
-- Equation name is '_LC1_B6', type is buried 
_LC1_B6  = DFFE( _EQ077,  _LC2_B15,  VCC,  VCC,  VCC);
  _EQ077 = !_LC1_C3 &  _LC3_B12
         #  _LC1_C3 &  _LC5_B6;

-- Node name is '|aa5_lbuffer:39|dff8ds:39|:4' = '|aa5_lbuffer:39|dff8ds:39|QF3' 
-- Equation name is '_LC5_B23', type is buried 
_LC5_B23 = DFFE( _EQ078,  _LC2_B15,  VCC,  VCC,  VCC);
  _EQ078 = !_LC1_C3 &  _LC4_B24
         #  _LC1_C3 &  _LC4_B23;

-- Node name is '|aa5_lbuffer:39|dff8ds:39|:5' = '|aa5_lbuffer:39|dff8ds:39|QF4' 
-- Equation name is '_LC8_B23', type is buried 
_LC8_B23 = DFFE( _EQ079,  _LC2_B15,  VCC,  VCC,  VCC);
  _EQ079 =  _LC1_B19 & !_LC1_C3
         #  _LC1_C3 &  _LC7_B23;

-- Node name is '|aa5_lbuffer:39|dff8ds:39|:6' = '|aa5_lbuffer:39|dff8ds:39|QF5' 
-- Equation name is '_LC8_B8', type is buried 
_LC8_B8  = DFFE( _EQ080,  _LC2_B15,  VCC,  VCC,  VCC);
  _EQ080 =  _LC1_B24 & !_LC1_C3
         #  _LC1_C3 &  _LC7_B8;

-- Node name is '|aa5_lbuffer:39|dff8ds:39|:7' = '|aa5_lbuffer:39|dff8ds:39|QF6' 
-- Equation name is '_LC8_B10', type is buried 
_LC8_B10 = DFFE( _EQ081,  _LC2_B15,  VCC,  VCC,  VCC);
  _EQ081 =  _LC1_B2 & !_LC1_C3
         #  _LC1_C3 &  _LC7_B10;

-- Node name is '|aa5_lbuffer:39|dff8ds:39|:8' = '|aa5_lbuffer:39|dff8ds:39|QF7' 
-- Equation name is '_LC8_B6', type is buried 
_LC8_B6  = DFFE( _EQ082,  _LC2_B15,  VCC,  VCC,  VCC);
  _EQ082 = !_LC1_C3 &  _LC5_B2
         #  _LC1_C3 &  _LC7_B6;

-- Node name is '|aa5_lbuffer:39|dff8ds:39|rs:17|:7' = '|aa5_lbuffer:39|dff8ds:39|rs:17|T' 
-- Equation name is '_LC1_C3', type is buried 
!_LC1_C3 = _LC1_C3~NOT;
_LC1_C3~NOT = LCELL( _EQ083);
  _EQ083 = !RD &  WR
         # !_LC1_C3 & !RD;

-- Node name is '|aa5_lbuffer:39|dff8ds:39|:42' 
-- Equation name is '_LC1_B15', type is buried 
_LC1_B15 = LCELL( _EQ084);
  _EQ084 =  RD
         #  WR;

-- Node name is '|aa5_lbuffer:39|dff8ds:39|:43' 
-- Equation name is '_LC2_B15', type is buried 
_LC2_B15 = LCELL( _LC1_B15);

-- Node name is '|aa5counter:31|:14' = '|aa5counter:31|CNTR0' 
-- Equation name is '_LC3_A18', type is buried 
_LC3_A18 = DFFE(!_LC3_A18, GLOBAL( WR), GLOBAL(!RESET),  VCC,  VCC);

-- Node name is '|aa5counter:31|:13' = '|aa5counter:31|CNTR1' 
-- Equation name is '_LC2_A18', type is buried 
_LC2_A18 = DFFE(!_LC2_A18, !_LC3_A18, GLOBAL(!RESET),  VCC,  VCC);

-- Node name is '|aa5counter:31|:12' = '|aa5counter:31|CNTR2' 
-- Equation name is '_LC2_A20', type is buried 
_LC2_A20 = DFFE(!_LC2_A20, !_LC2_A18, GLOBAL(!RESET),  VCC,  VCC);

-- Node name is '|aa5counter:32|:14' = '|aa5counter:32|CNTR0' 
-- Equation name is '_LC2_A19', type is buried 
_LC2_A19 = DFFE(!_LC2_A19, GLOBAL( RD), GLOBAL(!RESET),  VCC,  VCC);

-- Node name is '|aa5counter:32|:13' = '|aa5counter:32|CNTR1' 
-- Equation name is '_LC1_A19', type is buried 
_LC1_A19 = DFFE(!_LC1_A19, !_LC2_A19, GLOBAL(!RESET),  VCC,  VCC);

-- Node name is '|aa5counter:32|:12' = '|aa5counter:32|CNTR2' 
-- Equation name is '_LC3_A20', type is buried 
_LC3_A20 = DFFE(!_LC3_A20, !_LC1_A19, GLOBAL(!RESET),  VCC,  VCC);

-- Node name is '|comp3ex:30|:14' = '|comp3ex:30|AEB' 
-- Equation name is '_LC1_A20', type is buried 
_LC1_A20 = LCELL( _EQ085);
  _EQ085 =  _LC1_A18 &  _LC2_A20 &  _LC3_A20 &  _LC7_A20
         #  _LC1_A18 & !_LC2_A20 & !_LC3_A20 &  _LC7_A20;

-- Node name is '|comp3ex:30|~13~1' 
-- Equation name is '_LC1_A18', type is buried 
-- synthesized logic cell 
_LC1_A18 = LCELL( _EQ086);
  _EQ086 =  _LC1_A19 &  _LC2_A18 &  _LC2_A19 &  _LC3_A18
         # !_LC1_A19 & !_LC2_A18 &  _LC2_A19 &  _LC3_A18
         #  _LC1_A19 &  _LC2_A18 & !_LC2_A19 & !_LC3_A18
         # !_LC1_A19 & !_LC2_A18 & !_LC2_A19 & !_LC3_A18;

-- Node name is '|comp3ex:30|:20' 
-- Equation name is '_LC4_A20', type is buried 
_LC4_A20 = LCELL( _EQ087);
  _EQ087 =  _LC1_A18 &  _LC2_A20 &  _LC3_A20
         #  _LC1_A18 & !_LC2_A20 & !_LC3_A20;

-- Node name is '|comp3ex:30|:21' 
-- Equation name is '_LC5_A20', type is buried 
_LC5_A20 = LCELL( _LC4_A20);

-- Node name is '|comp3ex:30|:22' 
-- Equation name is '_LC6_A20', type is buried 
_LC6_A20 = LCELL( _LC5_A20);

-- Node name is '|comp3ex:30|:23' 
-- Equation name is '_LC7_A20', type is buried 
_LC7_A20 = LCELL( _LC6_A20);

-- Node name is '|rs:18|:9' = '|rs:18|Ti' 
-- Equation name is '_LC1_A24', type is buried 
!_LC1_A24 = _LC1_A24~NOT;
_LC1_A24~NOT = LCELL( _EQ088);
  _EQ088 = !_LC1_A24 & !RD
         # !RD &  WR;



Project Information                         d:\max\lab20\fifolifokesh\lifo.rpt

** COMPILATION SETTINGS & TIMES **

Processing Menu Commands
------------------------

Design Doctor                             = off

Logic Synthesis:

   Synthesis Type Used                    = Multi-Level

   Default Synthesis Style                = NORMAL

      Logic option settings in 'NORMAL' style for 'FLEX10K' family

      CARRY_CHAIN                         = ignore
      CARRY_CHAIN_LENGTH                  = 32
      CASCADE_CHAIN                       = ignore
      CASCADE_CHAIN_LENGTH                = 2
      DECOMPOSE_GATES                     = on
      DUPLICATE_LOGIC_EXTRACTION          = on
      MINIMIZATION                        = full
      MULTI_LEVEL_FACTORING               = on
      NOT_GATE_PUSH_BACK                  = on
      REDUCE_LOGIC                        = on
      REFACTORIZATION                     = on
      REGISTER_OPTIMIZATION               = on
      RESYNTHESIZE_NETWORK                = on
      SLOW_SLEW_RATE                      = off
      SUBFACTOR_EXTRACTION                = on
      IGNORE_SOFT_BUFFERS                 = on
      USE_LPM_FOR_AHDL_OPERATORS          = off

   Other logic synthesis settings:

      Automatic Global Clock              = on
      Automatic Global Clear              = on
      Automatic Global Preset             = on
      Automatic Global Output Enable      = on
      Automatic Fast I/O                  = off
      Automatic Register Packing          = off
      Automatic Open-Drain Pins           = on
      Automatic Implement in EAB          = off
      Optimize                            = 5

Default Timing Specifications: None

Cut All Bidir Feedback Timing Paths       = on
Cut All Clear & Preset Timing Paths       = on

Ignore Timing Assignments                 = off

Functional SNF Extractor                  = off

Linked SNF Extractor                      = off
Timing SNF Extractor                      = on
Optimize Timing SNF                       = off
Generate AHDL TDO File                    = off
Fitter Settings                           = NORMAL
Use Quartus Fitter                        = on
Smart Recompile                           = off
Total Recompile                           = off

Interfaces Menu Commands
------------------------

EDIF Netlist Writer                       = off
Verilog Netlist Writer                    = off
VHDL Netlist Writer                       = off

Compilation Times
-----------------

   Compiler Netlist Extractor             00:00:00
   Database Builder                       00:00:00
   Logic Synthesizer                      00:00:00
   Partitioner                            00:00:01
   Fitter                                 00:00:00
   Timing SNF Extractor                   00:00:00
   Assembler                              00:00:00
   --------------------------             --------
   Total Time                             00:00:01


Memory Allocated
-----------------

Peak memory allocated during compilation  = 11,758K
