Project Information                        c:\program files\maxplus\eq8bit.rpt

MAX+plus II Compiler Report File
Version 9.01 07/30/98
Compiled: 02/24/20 22:17:29

Copyright (C) 1988-1998 Altera Corporation
Any megafunction design, and related net list (encrypted or decrypted),
support information, device programming or simulation file, and any other
associated documentation or information provided by Altera or a partner
under Altera's Megafunction Partnership Program may be used only to
program PLD devices (but not masked PLD devices) from Altera.  Any other
use of such megafunction design, net list, support information, device
programming or simulation file, or any other related documentation or
information is prohibited for any other purpose, including, but not
limited to modification, reverse engineering, de-compiling, or use with
any other silicon devices, unless such use is explicitly licensed under
a separate agreement with Altera or a megafunction partner.  Title to
the intellectual property, including patents, copyrights, trademarks,
trade secrets, or maskworks, embodied in any such megafunction design,
net list, support information, device programming or simulation file, or
any other related documentation or information provided by Altera or a
megafunction partner, remains with Altera, the megafunction partner, or
their respective licensors.  No other licenses, including any licenses
needed under any third party's intellectual property, are provided herein.



***** Project compilation was successful




** DEVICE SUMMARY **

Chip/                     Input   Output   Bidir         Shareable
POF       Device          Pins    Pins     Pins     LCs  Expanders  % Utilized

eq8bit    EPM9320LC84-15   16       1        0      9       0           2  %

User Pins:                 16       1        0  



Device-Specific Information:               c:\program files\maxplus\eq8bit.rpt
eq8bit

***** Logic for device 'eq8bit' compiled without errors.




Device: EPM9320LC84-15

Device Options:
    Turbo Bit                                    = ON
    Security Bit                                 = OFF
    User Code                                  = ffff
    MultiVolt I/O                              = OFF

                       R  R     R  R  R  R        R  R  R  R     R  R  R  R  
                       E  E     E  E  E  E        E  E  E  E     E  E  E  E  
                       S  S     S  S  S  S        S  S  S  S     S  S  S  S  
                       E  E     E  E  E  E        E  E  E  E  V  E  E  E  E  
                       R  R     R  R  R  R        R  R  R  R  C  R  R  R  R  
                 A     V  V  G  V  V  V  V        V  V  V  V  C  V  V  V  V  
              a  E  b  E  E  N  E  E  E  E  b  b  E  E  E  E  I  E  E  E  E  
              1  B  5  D  D  D  D  D  D  D  7  2  D  D  D  D  O  D  D  D  D  
            -----------------------------------------------------------------_ 
          /  11 10  9  8  7  6  5  4  3  2  1 84 83 82 81 80 79 78 77 76 75   | 
      a3 | 12                                                              74 | RESERVED 
      b3 | 13                                                              73 | RESERVED 
  VCCINT | 14                                                              72 | b1 
   VCCIO | 15                                                              71 | VCCINT 
RESERVED | 16                                                              70 | GND 
RESERVED | 17                                                              69 | RESERVED 
     GND | 18                                                              68 | RESERVED 
RESERVED | 19                                                              67 | GND 
RESERVED | 20                                                              66 | RESERVED 
  VCCINT | 21                                                              65 | RESERVED 
      a6 | 22                        EPM9320LC84-15                        64 | VCCINT 
      b0 | 23                                                              63 | a5 
     GND | 24                                                              62 | a7 
     GND | 25                                                              61 | GND 
RESERVED | 26                                                              60 | VCCIO 
RESERVED | 27                                                              59 | RESERVED 
  VCCINT | 28                                                              58 | RESERVED 
    N.C. | 29                                                              57 | VCCINT 
    #TDO | 30                                                              56 | ^VPP 
      a4 | 31                                                              55 | #TMS 
      a2 | 32                                                              54 | RESERVED 
         |_  33 34 35 36 37 38 39 40 41 42 43 44 45 46 47 48 49 50 51 52 53  _| 
           ------------------------------------------------------------------ 
              a  b  b  R  V  R  R  R  R  #  #  R  R  R  R  G  R  R  R  R  R  
              0  6  4  E  C  E  E  E  E  T  T  E  E  E  E  N  E  E  E  E  E  
                       S  C  S  S  S  S  D  C  S  S  S  S  D  S  S  S  S  S  
                       E  I  E  E  E  E  I  K  E  E  E  E     E  E  E  E  E  
                       R  O  R  R  R  R        R  R  R  R     R  R  R  R  R  
                       V     V  V  V  V        V  V  V  V     V  V  V  V  V  
                       E     E  E  E  E        E  E  E  E     E  E  E  E  E  
                       D     D  D  D  D        D  D  D  D     D  D  D  D  D  


N.C. = Not Connected.
VCCINT = Dedicated power pin, which MUST be connected to VCC (5.0 volts).
VCCIO = Dedicated power pin, which MUST be connected to VCC (5.0 volts).
GND = Dedicated ground pin or unused dedicated input, which MUST be connected to GND.
RESERVED = Unused I/O pin, which MUST be left unconnected.

# = JTAG Boundary-Scan Testing/In-System Programming or Configuration Pin. The JTAG inputs (TMS, TCK, TDI) should be tied to VCC when not in use.
& = JTAG pin used for I/O. When used as user I/O, JTAG pins must be kept stable before and during configuration.  JTAG pin stability prevents accidental loading of JTAG instructions.


Device-Specific Information:               c:\program files\maxplus\eq8bit.rpt
eq8bit

** RESOURCE USAGE **

Logic                Column       Row                                   
Array                Interconnect Interconnect         Clears/     External    Shareable
Block   Logic Cells  Driven       Driven       Clocks  Presets   Interconnect  Expanders
B1       9/16( 56%)   1/16(  6%)   0/16(  0%)    0/2    0/2      16/33( 48%)    0/16(  0%)  


Total dedicated input pins used:                 4/4      (100%)
Total I/O pins used:                            13/56     ( 23%)
Total logic cells used:                          9/320    (  2%)
Total shareable expanders used:                  0/320    (  0%)
Total Turbo logic cells used:                    9/320    (  2%)
Total shareable expanders not available (n/a):   0/320    (  0%)
Average fan-in:                                  2.66
Total fan-in:                                    24

Total input pins required:                      16
Total input I/O cell registers required:         0
Total output pins required:                      1
Total output I/O cell registers required:        0
Total buried I/O cell registers required:        0
Total bidirectional pins required:               0
Total logic cells required:                      9
Total flipflops required:                        0
Total product terms required:                   17
Total logic cells lending parallel expanders:    0
Total shareable expanders in database:           0
Total packed registers required:                 0

Synthesized logic cells:                         0/ 320   (  0%)

Logic Cell Counts

Column:  01  02  03  04  05  Total
 A:      0   0   0   0   0      0
 B:      9   0   0   0   0      9
 C:      0   0   0   0   0      0
 D:      0   0   0   0   0      0

Total:   9   0   0   0   0      9



Device-Specific Information:               c:\program files\maxplus\eq8bit.rpt
eq8bit

** INPUTS **

                                               Shareable
                                               Expanders     Fan-In    Fan-Out
 Pin     LC   Row  Col  Primitive    Code   Total Shared n/a INP  FBK  OUT  FBK  Name
  33      -    -    01      INPUT               0      0   0    0    0    0    1  a0
  11      -    -    01      INPUT               0      0   0    0    0    0    1  a1
  32      -    -    01      INPUT               0      0   0    0    0    0    1  a2
  12      -    -    01      INPUT               0      0   0    0    0    0    1  a3
  31      -    -    01      INPUT               0      0   0    0    0    0    1  a4
  63      -    B    --      INPUT               0      0   0    0    0    0    1  a5
  22      -    B    --      INPUT               0      0   0    0    0    0    1  a6
  62      -    B    --      INPUT               0      0   0    0    0    0    1  a7
  23      -    B    --      INPUT               0      0   0    0    0    0    1  b0
  72      -    -    --      INPUT               0      0   0    0    0    0    1  b1
  84      -    -    --      INPUT               0      0   0    0    0    0    1  b2
  13      -    -    --      INPUT               0      0   0    0    0    0    1  b3
  35      -    -    02      INPUT               0      0   0    0    0    0    1  b4
   9      -    -    01      INPUT               0      0   0    0    0    0    1  b5
  34      -    -    01      INPUT               0      0   0    0    0    0    1  b6
   1      -    -    --      INPUT               0      0   0    0    0    0    1  b7


Code:

s = Synthesized pin or logic cell
t = Turbo logic cell
+ = Synchronous flipflop
/ = Slow slew-rate output
! = NOT gate push-back
r = Fitter-inserted logic cell


Device-Specific Information:               c:\program files\maxplus\eq8bit.rpt
eq8bit

** OUTPUTS **

                                               Shareable
                                               Expanders     Fan-In    Fan-Out
 Pin     LC   Row  Col  Primitive    Code   Total Shared n/a INP  FBK  OUT  FBK  Name
  10      -    -    01     OUTPUT               0      0   0    0    1    0    0  AEB


Code:

s = Synthesized pin or logic cell
t = Turbo logic cell
+ = Synchronous flipflop
/ = Slow slew-rate output
! = NOT gate push-back
r = Fitter-inserted logic cell


Device-Specific Information:               c:\program files\maxplus\eq8bit.rpt
eq8bit

** BURIED LOGIC **

                                               Shareable
                                               Expanders     Fan-In    Fan-Out
 IOC     LC   Row  Col  Primitive    Code   Total Shared n/a INP  FBK  OUT  FBK Name
   -      9    B    01        XOR      t        0      0   0    2    0    0    1  :1
   -      8    B    01        XOR      t        0      0   0    2    0    0    1  :5
   -      7    B    01        XOR      t        0      0   0    2    0    0    1  :6
   -      6    B    01        XOR      t        0      0   0    2    0    0    1  :7
   -      5    B    01        XOR      t        0      0   0    2    0    0    1  :8
   -      4    B    01        XOR      t        0      0   0    2    0    0    1  :9
   -      3    B    01        XOR      t        0      0   0    2    0    0    1  :10
   -      1    B    01        XOR      t        0      0   0    2    0    0    1  :11
   -      2    B    01       NOR8      t        0      0   0    0    8    1    0  :13


Code:

s = Synthesized pin or logic cell
t = Turbo logic cell
+ = Synchronous flipflop
/ = Slow slew-rate output
! = NOT gate push-back
r = Fitter-inserted logic cell
p = Packed register


Device-Specific Information:               c:\program files\maxplus\eq8bit.rpt
eq8bit

** FASTTRACK INTERCONNECT UTILIZATION **

Row FastTrack Interconnect:

         FastTrack                                 
Row     Interconnect    Input Pins     Output Pins     Bidir Pins
A:       0/ 96(  0%)    0/16(  0%)      0/16(  0%)     0/16(  0%)
B:      16/ 96( 16%)    4/16( 25%)      0/16(  0%)     0/16(  0%)
C:       0/ 96(  0%)    0/16(  0%)      0/16(  0%)     0/16(  0%)
D:       0/ 96(  0%)    0/16(  0%)      0/16(  0%)     0/16(  0%)


Column FastTrack Interconnect:

         FastTrack                                 
Column  Interconnect    Input Pins     Output Pins     Bidir Pins
01:      8/48( 16%)     7/20( 35%)      1/20(  5%)       0/20(  0%)
02:      1/48(  2%)     1/20(  5%)      0/20(  0%)       0/20(  0%)
03:      0/48(  0%)     0/20(  0%)      0/20(  0%)       0/20(  0%)
04:      0/48(  0%)     0/20(  0%)      0/20(  0%)       0/20(  0%)
05:      0/48(  0%)     0/20(  0%)      0/20(  0%)       0/20(  0%)


Device-Specific Information:               c:\program files\maxplus\eq8bit.rpt
eq8bit

** EQUATIONS **

a0       : INPUT;
a1       : INPUT;
a2       : INPUT;
a3       : INPUT;
a4       : INPUT;
a5       : INPUT;
a6       : INPUT;
a7       : INPUT;
b0       : INPUT;
b1       : INPUT;
b2       : INPUT;
b3       : INPUT;
b4       : INPUT;
b5       : INPUT;
b6       : INPUT;
b7       : INPUT;

-- Node name is 'AEB' 
-- Equation name is 'AEB', type is output 
AEB      =  _LC2_B1;

-- Node name is ':1' 
-- Equation name is '_LC9_B1', type is buried 
_LC9_B1  = LCELL( b0 $  a0);

-- Node name is ':5' 
-- Equation name is '_LC8_B1', type is buried 
_LC8_B1  = LCELL( b1 $  a1);

-- Node name is ':6' 
-- Equation name is '_LC7_B1', type is buried 
_LC7_B1  = LCELL( b2 $  a2);

-- Node name is ':7' 
-- Equation name is '_LC6_B1', type is buried 
_LC6_B1  = LCELL( b3 $  a3);

-- Node name is ':8' 
-- Equation name is '_LC5_B1', type is buried 
_LC5_B1  = LCELL( b4 $  a4);

-- Node name is ':9' 
-- Equation name is '_LC4_B1', type is buried 
_LC4_B1  = LCELL( b5 $  a5);

-- Node name is ':10' 
-- Equation name is '_LC3_B1', type is buried 
_LC3_B1  = LCELL( b6 $  a6);

-- Node name is ':11' 
-- Equation name is '_LC1_B1', type is buried 
_LC1_B1  = LCELL( b7 $  a7);

-- Node name is ':13' 
-- Equation name is '_LC2_B1', type is buried 
_LC2_B1  = LCELL( _EQ001 $  GND);
  _EQ001 = !_LC1_B1 & !_LC3_B1 & !_LC4_B1 & !_LC5_B1 & !_LC6_B1 & !_LC7_B1 & 
             !_LC8_B1 & !_LC9_B1;



Project Information                        c:\program files\maxplus\eq8bit.rpt

** COMPILATION SETTINGS & TIMES **

Processing Menu Commands
------------------------

Design Doctor                             = off

Logic Synthesis:

   Synthesis Type Used                    = Multi-Level

   Default Synthesis Style                = NORMAL

      Logic option settings in 'NORMAL' style for 'MAX9000' family

      DECOMPOSE_GATES                     = on
      DUPLICATE_LOGIC_EXTRACTION          = on
      MINIMIZATION                        = full
      MULTI_LEVEL_FACTORING               = on
      NOT_GATE_PUSH_BACK                  = on
      PARALLEL_EXPANDERS                  = off
      REDUCE_LOGIC                        = on
      REFACTORIZATION                     = on
      REGISTER_OPTIMIZATION               = on
      RESYNTHESIZE_NETWORK                = on
      SLOW_SLEW_RATE                      = off
      SOFT_BUFFER_INSERTION               = on
      SUBFACTOR_EXTRACTION                = on
      TURBO_BIT                           = on
      XOR_SYNTHESIS                       = on
      IGNORE_SOFT_BUFFERS                 = off
      USE_LPM_FOR_AHDL_OPERATORS          = off

   Other logic synthesis settings:

      Automatic Global Clock              = on
      Automatic Global Clear              = on
      Automatic Global Preset             = on
      Automatic Global Output Enable      = on
      Automatic Fast I/O                  = off
      Automatic Register Packing          = off
      Automatic Open-Drain Pins           = on
      Automatic Implement in EAB          = off
      One-Hot State Machine Encoding      = off
      Optimize                            = 5

Default Timing Specifications: None

Cut All Bidir Feedback Timing Paths       = on
Cut All Clear & Preset Timing Paths       = on

Ignore Timing Assignments                 = off

Functional SNF Extractor                  = off

Linked SNF Extractor                      = off
Timing SNF Extractor                      = on
Optimize Timing SNF                       = off
Generate AHDL TDO File                    = off
Fitter Settings                           = NORMAL
Smart Recompile                           = off
Total Recompile                           = off

Interfaces Menu Commands
------------------------

EDIF Netlist Writer                       = off
Verilog Netlist Writer                    = off
VHDL Netlist Writer                       = off

Compilation Times
-----------------

   Compiler Netlist Extractor             00:00:00
   Database Builder                       00:00:00
   Logic Synthesizer                      00:00:00
   Partitioner                            00:00:00
   Fitter                                 00:00:00
   Timing SNF Extractor                   00:00:00
   Assembler                              00:00:00
   --------------------------             --------
   Total Time                             00:00:00


Memory Allocated
-----------------

Peak memory allocated during compilation  = 7,183K
