Project Information                       c:\program files\maxplus\tag8bit.rpt

MAX+plus II Compiler Report File
Version 9.01 07/30/98
Compiled: 02/24/20 22:11:53

Copyright (C) 1988-1998 Altera Corporation
Any megafunction design, and related net list (encrypted or decrypted),
support information, device programming or simulation file, and any other
associated documentation or information provided by Altera or a partner
under Altera's Megafunction Partnership Program may be used only to
program PLD devices (but not masked PLD devices) from Altera.  Any other
use of such megafunction design, net list, support information, device
programming or simulation file, or any other related documentation or
information is prohibited for any other purpose, including, but not
limited to modification, reverse engineering, de-compiling, or use with
any other silicon devices, unless such use is explicitly licensed under
a separate agreement with Altera or a megafunction partner.  Title to
the intellectual property, including patents, copyrights, trademarks,
trade secrets, or maskworks, embodied in any such megafunction design,
net list, support information, device programming or simulation file, or
any other related documentation or information provided by Altera or a
megafunction partner, remains with Altera, the megafunction partner, or
their respective licensors.  No other licenses, including any licenses
needed under any third party's intellectual property, are provided herein.



***** Project compilation was successful




** DEVICE SUMMARY **

Chip/                     Input   Output   Bidir         Shareable
POF       Device          Pins    Pins     Pins     LCs  Expanders  % Utilized

tag8bit   EPM9320LC84-15   9        8        0      8       0           2  %

User Pins:                 9        8        0  



Project Information                       c:\program files\maxplus\tag8bit.rpt

** AUTO GLOBAL SIGNALS **



INFO: Signal 'cl' chosen for auto global Clock


Project Information                       c:\program files\maxplus\tag8bit.rpt

** FILE HIERARCHY **



|74374:1|


Device-Specific Information:              c:\program files\maxplus\tag8bit.rpt
tag8bit

***** Logic for device 'tag8bit' compiled without errors.




Device: EPM9320LC84-15

Device Options:
    Turbo Bit                                    = ON
    Security Bit                                 = OFF
    User Code                                  = ffff
    MultiVolt I/O                              = OFF

              R  R  R  R  R     R  R  R  R        R  R  R  R     R  R  R  R  
              E  E  E  E  E     E  E  E  E        E  E  E  E     E  E  E  E  
              S  S  S  S  S     S  S  S  S        S  S  S  S     S  S  S  S  
              E  E  E  E  E     E  E  E  E        E  E  E  E  V  E  E  E  E  
              R  R  R  R  R     R  R  R  R     T  R  R  R  R  C  R  R  R  R  
              V  V  V  V  V  G  V  V  V  V     a  V  V  V  V  C  V  V  V  V  
              E  E  E  E  E  N  E  E  E  E  c  g  E  E  E  E  I  E  E  E  E  
              D  D  D  D  D  D  D  D  D  D  l  6  D  D  D  D  O  D  D  D  D  
            -----------------------------------------------------------------_ 
          /  11 10  9  8  7  6  5  4  3  2  1 84 83 82 81 80 79 78 77 76 75   | 
RESERVED | 12                                                              74 | RESERVED 
    Tag7 | 13                                                              73 | RESERVED 
  VCCINT | 14                                                              72 | Tag5 
   VCCIO | 15                                                              71 | VCCINT 
    out2 | 16                                                              70 | GND 
    Tag2 | 17                                                              69 | RESERVED 
     GND | 18                                                              68 | out6 
    out0 | 19                                                              67 | GND 
    Tag4 | 20                                                              66 | out4 
  VCCINT | 21                                                              65 | Tag0 
    out1 | 22                        EPM9320LC84-15                        64 | VCCINT 
    Tag1 | 23                                                              63 | RESERVED 
     GND | 24                                                              62 | out5 
     GND | 25                                                              61 | GND 
    out3 | 26                                                              60 | VCCIO 
    Tag3 | 27                                                              59 | RESERVED 
  VCCINT | 28                                                              58 | out7 
    N.C. | 29                                                              57 | VCCINT 
    #TDO | 30                                                              56 | ^VPP 
RESERVED | 31                                                              55 | #TMS 
RESERVED | 32                                                              54 | RESERVED 
         |_  33 34 35 36 37 38 39 40 41 42 43 44 45 46 47 48 49 50 51 52 53  _| 
           ------------------------------------------------------------------ 
              R  R  R  R  V  R  R  R  R  #  #  R  R  R  R  G  R  R  R  R  R  
              E  E  E  E  C  E  E  E  E  T  T  E  E  E  E  N  E  E  E  E  E  
              S  S  S  S  C  S  S  S  S  D  C  S  S  S  S  D  S  S  S  S  S  
              E  E  E  E  I  E  E  E  E  I  K  E  E  E  E     E  E  E  E  E  
              R  R  R  R  O  R  R  R  R        R  R  R  R     R  R  R  R  R  
              V  V  V  V     V  V  V  V        V  V  V  V     V  V  V  V  V  
              E  E  E  E     E  E  E  E        E  E  E  E     E  E  E  E  E  
              D  D  D  D     D  D  D  D        D  D  D  D     D  D  D  D  D  


N.C. = Not Connected.
VCCINT = Dedicated power pin, which MUST be connected to VCC (5.0 volts).
VCCIO = Dedicated power pin, which MUST be connected to VCC (5.0 volts).
GND = Dedicated ground pin or unused dedicated input, which MUST be connected to GND.
RESERVED = Unused I/O pin, which MUST be left unconnected.

# = JTAG Boundary-Scan Testing/In-System Programming or Configuration Pin. The JTAG inputs (TMS, TCK, TDI) should be tied to VCC when not in use.
& = JTAG pin used for I/O. When used as user I/O, JTAG pins must be kept stable before and during configuration.  JTAG pin stability prevents accidental loading of JTAG instructions.


Device-Specific Information:              c:\program files\maxplus\tag8bit.rpt
tag8bit

** RESOURCE USAGE **

Logic                Column       Row                                   
Array                Interconnect Interconnect         Clears/     External    Shareable
Block   Logic Cells  Driven       Driven       Clocks  Presets   Interconnect  Expanders
A1       1/16(  6%)   0/16(  0%)   1/16(  6%)    0/2    0/2       1/33(  3%)    0/16(  0%)  
A2       1/16(  6%)   0/16(  0%)   1/16(  6%)    0/2    0/2       1/33(  3%)    0/16(  0%)  
B3       1/16(  6%)   0/16(  0%)   1/16(  6%)    0/2    0/2       1/33(  3%)    0/16(  0%)  
B4       1/16(  6%)   0/16(  0%)   1/16(  6%)    0/2    0/2       1/33(  3%)    0/16(  0%)  
C1       1/16(  6%)   0/16(  0%)   1/16(  6%)    0/2    0/2       1/33(  3%)    0/16(  0%)  
C5       1/16(  6%)   0/16(  0%)   1/16(  6%)    0/2    0/2       1/33(  3%)    0/16(  0%)  
D2       1/16(  6%)   0/16(  0%)   1/16(  6%)    0/2    0/2       1/33(  3%)    0/16(  0%)  
D3       1/16(  6%)   0/16(  0%)   1/16(  6%)    0/2    0/2       1/33(  3%)    0/16(  0%)  


Total dedicated input pins used:                 4/4      (100%)
Total I/O pins used:                            13/56     ( 23%)
Total logic cells used:                          8/320    (  2%)
Total shareable expanders used:                  0/320    (  0%)
Total Turbo logic cells used:                    8/320    (  2%)
Total shareable expanders not available (n/a):   0/320    (  0%)
Average fan-in:                                  2.00
Total fan-in:                                    16

Total input pins required:                       9
Total input I/O cell registers required:         0
Total output pins required:                      8
Total output I/O cell registers required:        0
Total buried I/O cell registers required:        0
Total bidirectional pins required:               0
Total logic cells required:                      8
Total flipflops required:                        8
Total product terms required:                    8
Total logic cells lending parallel expanders:    0
Total shareable expanders in database:           0
Total packed registers required:                 0

Synthesized logic cells:                         0/ 320   (  0%)

Logic Cell Counts

Column:  01  02  03  04  05  Total
 A:      1   1   0   0   0      2
 B:      0   0   1   1   0      2
 C:      1   0   0   0   1      2
 D:      0   1   1   0   0      2

Total:   2   2   2   1   1      8



Device-Specific Information:              c:\program files\maxplus\tag8bit.rpt
tag8bit

** INPUTS **

                                               Shareable
                                               Expanders     Fan-In    Fan-Out
 Pin     LC   Row  Col  Primitive    Code   Total Shared n/a INP  FBK  OUT  FBK  Name
   1      -    -    --      INPUT  G            0      0   0    0    0    0    0  cl
  65      -    C    --      INPUT               0      0   0    0    0    0    1  Tag0
  23      -    B    --      INPUT               0      0   0    0    0    0    1  Tag1
  17      -    D    --      INPUT               0      0   0    0    0    0    1  Tag2
  27      -    A    --      INPUT               0      0   0    0    0    0    1  Tag3
  20      -    C    --      INPUT               0      0   0    0    0    0    1  Tag4
  72      -    -    --      INPUT               0      0   0    0    0    0    1  Tag5
  84      -    -    --      INPUT               0      0   0    0    0    0    1  Tag6
  13      -    -    --      INPUT               0      0   0    0    0    0    1  Tag7


Code:

s = Synthesized pin or logic cell
t = Turbo logic cell
+ = Synchronous flipflop
/ = Slow slew-rate output
! = NOT gate push-back
r = Fitter-inserted logic cell
G = Global Source. Fan-out destinations counted here do not include destinations
that are driven using global routing resources. Refer to the Auto Global Signals,
Clock Signals, Clear Signals, Synchronous Load Signals, and Synchronous Clear Signals
Sections of this Report File for information on which signals' fan-outs are used as
Clock, Clear, Preset, Output Enable, and synchronous Load signals.


Device-Specific Information:              c:\program files\maxplus\tag8bit.rpt
tag8bit

** OUTPUTS **

                                               Shareable
                                               Expanders     Fan-In    Fan-Out
 Pin     LC   Row  Col  Primitive    Code   Total Shared n/a INP  FBK  OUT  FBK  Name
  19      -    C    --     OUTPUT               0      0   0    0    1    0    0  out0
  22      -    B    --     OUTPUT               0      0   0    0    1    0    0  out1
  16      -    D    --     OUTPUT               0      0   0    0    1    0    0  out2
  26      -    A    --     OUTPUT               0      0   0    0    1    0    0  out3
  66      -    C    --     OUTPUT               0      0   0    0    1    0    0  out4
  62      -    B    --     OUTPUT               0      0   0    0    1    0    0  out5
  68      -    D    --     OUTPUT               0      0   0    0    1    0    0  out6
  58      -    A    --     OUTPUT               0      0   0    0    1    0    0  out7


Code:

s = Synthesized pin or logic cell
t = Turbo logic cell
+ = Synchronous flipflop
/ = Slow slew-rate output
! = NOT gate push-back
r = Fitter-inserted logic cell


Device-Specific Information:              c:\program files\maxplus\tag8bit.rpt
tag8bit

** BURIED LOGIC **

                                               Shareable
                                               Expanders     Fan-In    Fan-Out
 IOC     LC   Row  Col  Primitive    Code   Total Shared n/a INP  FBK  OUT  FBK Name
   -     11    C    05       DFFE   +  t        0      0   0    1    0    1    0  |74374:1|:13
   -     11    B    03       DFFE   +  t        0      0   0    1    0    1    0  |74374:1|:14
   -     11    D    02       DFFE   +  t        0      0   0    1    0    1    0  |74374:1|:15
   -     11    A    01       DFFE   +  t        0      0   0    1    0    1    0  |74374:1|:16
   -     11    C    01       DFFE   +  t        0      0   0    1    0    1    0  |74374:1|:17
   -      9    B    04       DFFE   +  t        0      0   0    1    0    1    0  |74374:1|:18
   -      9    D    03       DFFE   +  t        0      0   0    1    0    1    0  |74374:1|:19
   -      9    A    02       DFFE   +  t        0      0   0    1    0    1    0  |74374:1|:20


Code:

s = Synthesized pin or logic cell
t = Turbo logic cell
+ = Synchronous flipflop
/ = Slow slew-rate output
! = NOT gate push-back
r = Fitter-inserted logic cell
p = Packed register


Device-Specific Information:              c:\program files\maxplus\tag8bit.rpt
tag8bit

** FASTTRACK INTERCONNECT UTILIZATION **

Row FastTrack Interconnect:

         FastTrack                                 
Row     Interconnect    Input Pins     Output Pins     Bidir Pins
A:       4/ 96(  4%)    1/16(  6%)      2/16( 12%)     0/16(  0%)
B:       4/ 96(  4%)    1/16(  6%)      2/16( 12%)     0/16(  0%)
C:       4/ 96(  4%)    2/16( 12%)      2/16( 12%)     0/16(  0%)
D:       4/ 96(  4%)    1/16(  6%)      2/16( 12%)     0/16(  0%)


Column FastTrack Interconnect:

         FastTrack                                 
Column  Interconnect    Input Pins     Output Pins     Bidir Pins
01:      0/48(  0%)     0/20(  0%)      0/20(  0%)       0/20(  0%)
02:      0/48(  0%)     0/20(  0%)      0/20(  0%)       0/20(  0%)
03:      0/48(  0%)     0/20(  0%)      0/20(  0%)       0/20(  0%)
04:      0/48(  0%)     0/20(  0%)      0/20(  0%)       0/20(  0%)
05:      0/48(  0%)     0/20(  0%)      0/20(  0%)       0/20(  0%)


Device-Specific Information:              c:\program files\maxplus\tag8bit.rpt
tag8bit

** EQUATIONS **

cl       : INPUT;
Tag0     : INPUT;
Tag1     : INPUT;
Tag2     : INPUT;
Tag3     : INPUT;
Tag4     : INPUT;
Tag5     : INPUT;
Tag6     : INPUT;
Tag7     : INPUT;

-- Node name is 'out0' 
-- Equation name is 'out0', type is output 
out0     =  _LC11_C5;

-- Node name is 'out1' 
-- Equation name is 'out1', type is output 
out1     =  _LC11_B3;

-- Node name is 'out2' 
-- Equation name is 'out2', type is output 
out2     =  _LC11_D2;

-- Node name is 'out3' 
-- Equation name is 'out3', type is output 
out3     =  _LC11_A1;

-- Node name is 'out4' 
-- Equation name is 'out4', type is output 
out4     =  _LC11_C1;

-- Node name is 'out5' 
-- Equation name is 'out5', type is output 
out5     =  _LC9_B4;

-- Node name is 'out6' 
-- Equation name is 'out6', type is output 
out6     =  _LC9_D3;

-- Node name is 'out7' 
-- Equation name is 'out7', type is output 
out7     =  _LC9_A2;

-- Node name is '|74374:1|:13' 
-- Equation name is '_LC11_C5', type is buried 
_LC11_C5 = DFFE( Tag0 $  GND, GLOBAL( cl),  VCC,  VCC,  VCC);

-- Node name is '|74374:1|:14' 
-- Equation name is '_LC11_B3', type is buried 
_LC11_B3 = DFFE( Tag1 $  GND, GLOBAL( cl),  VCC,  VCC,  VCC);

-- Node name is '|74374:1|:15' 
-- Equation name is '_LC11_D2', type is buried 
_LC11_D2 = DFFE( Tag2 $  GND, GLOBAL( cl),  VCC,  VCC,  VCC);

-- Node name is '|74374:1|:16' 
-- Equation name is '_LC11_A1', type is buried 
_LC11_A1 = DFFE( Tag3 $  GND, GLOBAL( cl),  VCC,  VCC,  VCC);

-- Node name is '|74374:1|:17' 
-- Equation name is '_LC11_C1', type is buried 
_LC11_C1 = DFFE( Tag4 $  GND, GLOBAL( cl),  VCC,  VCC,  VCC);

-- Node name is '|74374:1|:18' 
-- Equation name is '_LC9_B4', type is buried 
_LC9_B4  = DFFE( Tag5 $  GND, GLOBAL( cl),  VCC,  VCC,  VCC);

-- Node name is '|74374:1|:19' 
-- Equation name is '_LC9_D3', type is buried 
_LC9_D3  = DFFE( Tag6 $  GND, GLOBAL( cl),  VCC,  VCC,  VCC);

-- Node name is '|74374:1|:20' 
-- Equation name is '_LC9_A2', type is buried 
_LC9_A2  = DFFE( Tag7 $  GND, GLOBAL( cl),  VCC,  VCC,  VCC);



Project Information                       c:\program files\maxplus\tag8bit.rpt

** COMPILATION SETTINGS & TIMES **

Processing Menu Commands
------------------------

Design Doctor                             = off

Logic Synthesis:

   Synthesis Type Used                    = Multi-Level

   Default Synthesis Style                = NORMAL

      Logic option settings in 'NORMAL' style for 'MAX9000' family

      DECOMPOSE_GATES                     = on
      DUPLICATE_LOGIC_EXTRACTION          = on
      MINIMIZATION                        = full
      MULTI_LEVEL_FACTORING               = on
      NOT_GATE_PUSH_BACK                  = on
      PARALLEL_EXPANDERS                  = off
      REDUCE_LOGIC                        = on
      REFACTORIZATION                     = on
      REGISTER_OPTIMIZATION               = on
      RESYNTHESIZE_NETWORK                = on
      SLOW_SLEW_RATE                      = off
      SOFT_BUFFER_INSERTION               = on
      SUBFACTOR_EXTRACTION                = on
      TURBO_BIT                           = on
      XOR_SYNTHESIS                       = on
      IGNORE_SOFT_BUFFERS                 = off
      USE_LPM_FOR_AHDL_OPERATORS          = off

   Other logic synthesis settings:

      Automatic Global Clock              = on
      Automatic Global Clear              = on
      Automatic Global Preset             = on
      Automatic Global Output Enable      = on
      Automatic Fast I/O                  = off
      Automatic Register Packing          = off
      Automatic Open-Drain Pins           = on
      Automatic Implement in EAB          = off
      One-Hot State Machine Encoding      = off
      Optimize                            = 5

Default Timing Specifications: None

Cut All Bidir Feedback Timing Paths       = on
Cut All Clear & Preset Timing Paths       = on

Ignore Timing Assignments                 = off

Functional SNF Extractor                  = off

Linked SNF Extractor                      = off
Timing SNF Extractor                      = on
Optimize Timing SNF                       = off
Generate AHDL TDO File                    = off
Fitter Settings                           = NORMAL
Smart Recompile                           = off
Total Recompile                           = off

Interfaces Menu Commands
------------------------

EDIF Netlist Writer                       = off
Verilog Netlist Writer                    = off
VHDL Netlist Writer                       = off

Compilation Times
-----------------

   Compiler Netlist Extractor             00:00:00
   Database Builder                       00:00:00
   Logic Synthesizer                      00:00:00
   Partitioner                            00:00:00
   Fitter                                 00:00:01
   Timing SNF Extractor                   00:00:00
   Assembler                              00:00:00
   --------------------------             --------
   Total Time                             00:00:01


Memory Allocated
-----------------

Peak memory allocated during compilation  = 7,066K
